#! /usr/bin/vvp
:ivl_version "12.0 (stable)" "(v12_0-dirty)";
:ivl_delay_selection "TYPICAL";
:vpi_time_precision + 0;
:vpi_module "/usr/lib/ivl/system.vpi";
:vpi_module "/usr/lib/ivl/vhdl_sys.vpi";
:vpi_module "/usr/lib/ivl/vhdl_textio.vpi";
:vpi_module "/usr/lib/ivl/v2005_math.vpi";
:vpi_module "/usr/lib/ivl/va_math.vpi";
S_0x5a4dce869520 .scope module, "rom" "rom" 2 1;
 .timescale 0 0;
    .port_info 0 /INPUT 5 "addr";
    .port_info 1 /INPUT 1 "oe";
    .port_info 2 /OUTPUT 32 "data";
P_0x5a4dce8696b0 .param/l "L" 0 2 2, +C4<00000000000000000000000000100000>;
v0x5a4dce88fbc0_0 .net *"_ivl_0", 31 0, L_0x5a4dce8b6e40;  1 drivers
v0x5a4dce8b66d0_0 .net *"_ivl_2", 6 0, L_0x5a4dce8b6ee0;  1 drivers
L_0x7b99a00d7018 .functor BUFT 1, C4<00>, C4<0>, C4<0>, C4<0>;
v0x5a4dce8b67b0_0 .net *"_ivl_5", 1 0, L_0x7b99a00d7018;  1 drivers
o0x7b99a06af0a8 .functor BUFZ 32, C4<zzzzzzzzzzzzzzzzzzzzzzzzzzzzzzzz>; HiZ drive
; Elide local net with no drivers, v0x5a4dce8b6870_0 name=_ivl_6
o0x7b99a06af0d8 .functor BUFZ 5, C4<zzzzz>; HiZ drive
v0x5a4dce8b6950_0 .net "addr", 4 0, o0x7b99a06af0d8;  0 drivers
v0x5a4dce8b6a80_0 .net "data", 31 0, L_0x5a4dce8b6fd0;  1 drivers
v0x5a4dce8b6b60_0 .var/i "i", 31 0;
v0x5a4dce8b6c40 .array "mem", 0 31, 31 0;
o0x7b99a06af168 .functor BUFZ 1, C4<z>; HiZ drive
v0x5a4dce8b6d00_0 .net "oe", 0 0, o0x7b99a06af168;  0 drivers
L_0x5a4dce8b6e40 .array/port v0x5a4dce8b6c40, L_0x5a4dce8b6ee0;
L_0x5a4dce8b6ee0 .concat [ 5 2 0 0], o0x7b99a06af0d8, L_0x7b99a00d7018;
L_0x5a4dce8b6fd0 .functor MUXZ 32, o0x7b99a06af0a8, L_0x5a4dce8b6e40, o0x7b99a06af168, C4<>;
    .scope S_0x5a4dce869520;
T_0 ;
    %pushi/vec4 179, 0, 32;
    %ix/load 4, 0, 0;
    %flag_set/imm 4, 0;
    %store/vec4a v0x5a4dce8b6c40, 4, 0;
    %pushi/vec4 7340307, 0, 32;
    %ix/load 4, 1, 0;
    %flag_set/imm 4, 0;
    %store/vec4a v0x5a4dce8b6c40, 4, 0;
    %pushi/vec4 83927427, 0, 32;
    %ix/load 4, 2, 0;
    %flag_set/imm 4, 0;
    %store/vec4a v0x5a4dce8b6c40, 4, 0;
    %pushi/vec4 3211875, 0, 32;
    %ix/load 4, 3, 0;
    %flag_set/imm 4, 0;
    %store/vec4a v0x5a4dce8b6c40, 4, 0;
    %pushi/vec4 1147443, 0, 32;
    %ix/load 4, 4, 0;
    %flag_set/imm 4, 0;
    %store/vec4a v0x5a4dce8b6c40, 4, 0;
    %pushi/vec4 1081491, 0, 32;
    %ix/load 4, 5, 0;
    %flag_set/imm 4, 0;
    %store/vec4a v0x5a4dce8b6c40, 4, 0;
    %pushi/vec4 4264631907, 0, 32;
    %ix/load 4, 6, 0;
    %flag_set/imm 4, 0;
    %store/vec4a v0x5a4dce8b6c40, 4, 0;
    %pushi/vec4 71311395, 0, 32;
    %ix/load 4, 7, 0;
    %flag_set/imm 4, 0;
    %store/vec4a v0x5a4dce8b6c40, 4, 0;
    %pushi/vec4 8, 0, 32;
    %store/vec4 v0x5a4dce8b6b60_0, 0, 32;
T_0.0 ;
    %load/vec4 v0x5a4dce8b6b60_0;
    %cmpi/s 32, 0, 32;
    %jmp/0xz T_0.1, 5;
    %pushi/vec4 273678451, 0, 32;
    %ix/getv/s 4, v0x5a4dce8b6b60_0;
    %store/vec4a v0x5a4dce8b6c40, 4, 0;
    %load/vec4 v0x5a4dce8b6b60_0;
    %addi 1, 0, 32;
    %store/vec4 v0x5a4dce8b6b60_0, 0, 32;
    %jmp T_0.0;
T_0.1 ;
    %end;
    .thread T_0;
# The file index is used to find the file name in the following table.
:file_names 3;
    "N/A";
    "<interactive>";
    "rom.v";
