#! /usr/bin/vvp
:ivl_version "12.0 (stable)" "(v12_0-dirty)";
:ivl_delay_selection "TYPICAL";
:vpi_time_precision + 0;
:vpi_module "/usr/lib/ivl/system.vpi";
:vpi_module "/usr/lib/ivl/vhdl_sys.vpi";
:vpi_module "/usr/lib/ivl/vhdl_textio.vpi";
:vpi_module "/usr/lib/ivl/v2005_math.vpi";
:vpi_module "/usr/lib/ivl/va_math.vpi";
:vpi_module "/usr/lib/ivl/v2009.vpi";
S_0x580793105a30 .scope package, "$unit" "$unit" 2 1;
 .timescale 0 0;
S_0x580793105220 .scope module, "control_unit_tb" "control_unit_tb" 3 1;
 .timescale 0 0;
P_0x5807930efd60 .param/l "DM_L" 0 3 2, +C4<00000000000000000000000001000000>;
P_0x5807930efda0 .param/l "IM_L" 0 3 2, +C4<00000000000000000000000000010000>;
P_0x5807930efde0 .param/l "W" 0 3 2, +C4<00000000000000000000000000100000>;
v0x580793136b70_0 .net "ALUctl", 2 0, v0x58079310a6e0_0;  1 drivers
v0x580793136c50_0 .net "ALUneg", 0 0, L_0x58079314d8c0;  1 drivers
v0x580793136d10_0 .net "ALUsrc", 0 0, v0x5807930e5cd0_0;  1 drivers
v0x580793136e30_0 .net "ALUzero", 0 0, L_0x58079314d710;  1 drivers
v0x580793136ed0_0 .net "MemWrite", 1 0, v0x5807930df790_0;  1 drivers
v0x580793137010_0 .net "MemtoReg", 2 0, v0x58079312bf50_0;  1 drivers
v0x580793137100_0 .net "PCsrc", 1 0, v0x58079312c030_0;  1 drivers
v0x580793137210_0 .net "RegWrite", 0 0, v0x58079312c110_0;  1 drivers
v0x5807931372b0_0 .var "clk", 0 0;
v0x580793137350_0 .net "dm_addr", 7 0, L_0x58079314da00;  1 drivers
v0x580793137410_0 .net "dm_data_in", 31 0, L_0x58079314dca0;  1 drivers
v0x580793137520_0 .net "dm_data_out", 31 0, L_0x580793148bc0;  1 drivers
v0x580793137630_0 .net "im_addr", 5 0, L_0x58079314db40;  1 drivers
v0x5807931376f0_0 .var "im_data", 31 0;
v0x5807931377e0_0 .var "rst", 0 0;
v0x580793137880_0 .var "run", 0 0;
S_0x5807930f0a30 .scope module, "control" "control_unit" 3 33, 4 2 0, S_0x580793105220;
 .timescale 0 0;
    .port_info 0 /INPUT 32 "im_data";
    .port_info 1 /INPUT 1 "ALUzero";
    .port_info 2 /INPUT 1 "ALUneg";
    .port_info 3 /OUTPUT 1 "RegWrite";
    .port_info 4 /OUTPUT 1 "ALUsrc";
    .port_info 5 /OUTPUT 2 "PCsrc";
    .port_info 6 /OUTPUT 2 "MemWrite";
    .port_info 7 /OUTPUT 3 "ALUctl";
    .port_info 8 /OUTPUT 3 "MemtoReg";
P_0x580793112240 .param/l "funct3_add_sub" 1 4 40, C4<000>;
P_0x580793112280 .param/l "funct3_and" 1 4 41, C4<111>;
P_0x5807931122c0 .param/l "funct3_beq" 1 4 52, C4<000>;
P_0x580793112300 .param/l "funct3_bge" 1 4 54, C4<101>;
P_0x580793112340 .param/l "funct3_blt" 1 4 55, C4<100>;
P_0x580793112380 .param/l "funct3_bne" 1 4 53, C4<001>;
P_0x5807931123c0 .param/l "funct3_lb" 1 4 46, C4<000>;
P_0x580793112400 .param/l "funct3_lh" 1 4 47, C4<001>;
P_0x580793112440 .param/l "funct3_lw" 1 4 48, C4<010>;
P_0x580793112480 .param/l "funct3_or" 1 4 42, C4<110>;
P_0x5807931124c0 .param/l "funct3_sb" 1 4 49, C4<000>;
P_0x580793112500 .param/l "funct3_sh" 1 4 50, C4<001>;
P_0x580793112540 .param/l "funct3_sl" 1 4 43, C4<001>;
P_0x580793112580 .param/l "funct3_slt_slti" 1 4 56, C4<010>;
P_0x5807931125c0 .param/l "funct3_sr" 1 4 44, C4<101>;
P_0x580793112600 .param/l "funct3_sw" 1 4 51, C4<010>;
P_0x580793112640 .param/l "funct3_xor" 1 4 45, C4<100>;
P_0x580793112680 .param/l "funct7_add" 1 4 59, C4<0000000>;
P_0x5807931126c0 .param/l "funct7_and" 1 4 61, C4<0000000>;
P_0x580793112700 .param/l "funct7_or" 1 4 62, C4<0000000>;
P_0x580793112740 .param/l "funct7_sl" 1 4 63, C4<0000000>;
P_0x580793112780 .param/l "funct7_slt" 1 4 67, C4<0000000>;
P_0x5807931127c0 .param/l "funct7_sra" 1 4 64, C4<0100000>;
P_0x580793112800 .param/l "funct7_srl" 1 4 65, C4<0000000>;
P_0x580793112840 .param/l "funct7_sub" 1 4 60, C4<0100000>;
P_0x580793112880 .param/l "funct7_xor" 1 4 66, C4<0000000>;
P_0x5807931128c0 .param/l "op_add" 1 4 13, C4<000>;
P_0x580793112900 .param/l "op_and" 1 4 14, C4<001>;
P_0x580793112940 .param/l "op_auipc" 1 4 35, C4<0010111>;
P_0x580793112980 .param/l "op_branch" 1 4 33, C4<1100011>;
P_0x5807931129c0 .param/l "op_imm" 1 4 30, C4<0010011>;
P_0x580793112a00 .param/l "op_jal" 1 4 36, C4<1101111>;
P_0x580793112a40 .param/l "op_jalr" 1 4 37, C4<1100111>;
P_0x580793112a80 .param/l "op_ld" 1 4 31, C4<0000011>;
P_0x580793112ac0 .param/l "op_lui" 1 4 34, C4<0110111>;
P_0x580793112b00 .param/l "op_no_imm" 1 4 29, C4<0110011>;
P_0x580793112b40 .param/l "op_or" 1 4 15, C4<010>;
P_0x580793112b80 .param/l "op_sl" 1 4 16, C4<011>;
P_0x580793112bc0 .param/l "op_sra" 1 4 17, C4<100>;
P_0x580793112c00 .param/l "op_srl" 1 4 18, C4<101>;
P_0x580793112c40 .param/l "op_st" 1 4 32, C4<0100011>;
P_0x580793112c80 .param/l "op_sub" 1 4 19, C4<110>;
P_0x580793112cc0 .param/l "op_xor" 1 4 20, C4<111>;
P_0x580793112d00 .param/l "pc_imm" 1 4 79, C4<01>;
P_0x580793112d40 .param/l "pc_link_reg" 1 4 80, C4<10>;
P_0x580793112d80 .param/l "pc_next" 1 4 78, C4<00>;
P_0x580793112dc0 .param/l "reg_data_alu" 1 4 84, C4<000>;
P_0x580793112e00 .param/l "reg_data_byte" 1 4 88, C4<100>;
P_0x580793112e40 .param/l "reg_data_half_word" 1 4 89, C4<101>;
P_0x580793112e80 .param/l "reg_data_jmp_link" 1 4 85, C4<001>;
P_0x580793112ec0 .param/l "reg_data_slt" 1 4 91, C4<111>;
P_0x580793112f00 .param/l "reg_data_up_imm" 1 4 86, C4<010>;
P_0x580793112f40 .param/l "reg_data_up_imm_pc" 1 4 87, C4<011>;
P_0x580793112f80 .param/l "reg_data_word" 1 4 90, C4<110>;
P_0x580793112fc0 .param/l "st_byte" 1 4 72, C4<01>;
P_0x580793113000 .param/l "st_half_word" 1 4 73, C4<10>;
P_0x580793113040 .param/l "st_no_word" 1 4 71, C4<00>;
P_0x580793113080 .param/l "st_word" 1 4 74, C4<11>;
v0x58079310a6e0_0 .var "ALUctl", 2 0;
v0x5807930f5ad0_0 .net "ALUneg", 0 0, L_0x58079314d8c0;  alias, 1 drivers
v0x5807930e5cd0_0 .var "ALUsrc", 0 0;
v0x5807930e8020_0 .net "ALUzero", 0 0, L_0x58079314d710;  alias, 1 drivers
v0x5807930df790_0 .var "MemWrite", 1 0;
v0x58079312bf50_0 .var "MemtoReg", 2 0;
v0x58079312c030_0 .var "PCsrc", 1 0;
v0x58079312c110_0 .var "RegWrite", 0 0;
v0x58079312c1d0_0 .net *"_ivl_10", 0 0, L_0x580793149090;  1 drivers
L_0x7a628c36d330 .functor BUFT 1, C4<01>, C4<0>, C4<0>, C4<0>;
v0x58079312c290_0 .net/2s *"_ivl_12", 1 0, L_0x7a628c36d330;  1 drivers
L_0x7a628c36d378 .functor BUFT 1, C4<00>, C4<0>, C4<0>, C4<0>;
v0x58079312c370_0 .net/2s *"_ivl_14", 1 0, L_0x7a628c36d378;  1 drivers
v0x58079312c450_0 .net *"_ivl_16", 1 0, L_0x580793149180;  1 drivers
v0x58079312c530_0 .net *"_ivl_7", 6 0, L_0x580793148fc0;  1 drivers
L_0x7a628c36d2e8 .functor BUFT 1, C4<1110011>, C4<0>, C4<0>, C4<0>;
v0x58079312c610_0 .net/2u *"_ivl_8", 6 0, L_0x7a628c36d2e8;  1 drivers
v0x58079312c6f0_0 .net "brk", 0 0, L_0x580793149350;  1 drivers
v0x58079312c7b0_0 .net "funct3", 2 0, L_0x580793148df0;  1 drivers
v0x58079312c890_0 .net "funct7", 6 0, L_0x580793148f20;  1 drivers
v0x58079312c970_0 .net "im_data", 31 0, v0x5807931376f0_0;  1 drivers
v0x58079312ca50_0 .net "opcode", 6 0, L_0x580793148d50;  1 drivers
E_0x5807930d65e0 .event anyedge, v0x58079312ca50_0, v0x58079312c890_0, v0x58079312c7b0_0;
E_0x5807930d8cb0 .event anyedge, v0x58079312ca50_0, v0x58079312c7b0_0;
E_0x5807930d6890 .event anyedge, v0x58079312ca50_0, v0x58079312c7b0_0, v0x5807930e8020_0, v0x5807930f5ad0_0;
E_0x580793070320 .event anyedge, v0x58079312ca50_0;
L_0x580793148d50 .part v0x5807931376f0_0, 0, 7;
L_0x580793148df0 .part v0x5807931376f0_0, 12, 3;
L_0x580793148f20 .part v0x5807931376f0_0, 25, 7;
L_0x580793148fc0 .part v0x5807931376f0_0, 0, 7;
L_0x580793149090 .cmp/eq 7, L_0x580793148fc0, L_0x7a628c36d2e8;
L_0x580793149180 .functor MUXZ 2, L_0x7a628c36d378, L_0x7a628c36d330, L_0x580793149090, C4<>;
L_0x580793149350 .part L_0x580793149180, 0, 1;
S_0x58079312cc50 .scope module, "dataMem" "ram" 3 20, 5 1 0, S_0x580793105220;
 .timescale 0 0;
    .port_info 0 /INPUT 8 "addr";
    .port_info 1 /INPUT 32 "data_in";
    .port_info 2 /INPUT 1 "clk";
    .port_info 3 /INPUT 1 "oe";
    .port_info 4 /INPUT 2 "w_mode";
    .port_info 5 /OUTPUT 32 "data_out";
P_0x5807930df830 .param/l "L" 0 5 2, +C4<00000000000000000000000001000000>;
P_0x5807930df870 .param/l "W" 0 5 2, +C4<00000000000000000000000000100000>;
L_0x7a628c36d2a0 .functor BUFT 1, C4<1>, C4<0>, C4<0>, C4<0>;
L_0x58079310a580 .functor AND 1, L_0x580793147a20, L_0x7a628c36d2a0, C4<1>, C4<1>;
v0x58079312cf60_0 .net *"_ivl_0", 31 0, L_0x580793137920;  1 drivers
v0x58079312d060_0 .net *"_ivl_10", 7 0, L_0x580793147bb0;  1 drivers
v0x58079312d140_0 .net *"_ivl_12", 31 0, L_0x580793147c50;  1 drivers
L_0x7a628c36d0a8 .functor BUFT 1, C4<000000000000000000000000>, C4<0>, C4<0>, C4<0>;
v0x58079312d200_0 .net *"_ivl_15", 23 0, L_0x7a628c36d0a8;  1 drivers
L_0x7a628c36d0f0 .functor BUFT 1, C4<00000000000000000000000000000011>, C4<0>, C4<0>, C4<0>;
v0x58079312d2e0_0 .net/2u *"_ivl_16", 31 0, L_0x7a628c36d0f0;  1 drivers
v0x58079312d410_0 .net *"_ivl_18", 31 0, L_0x580793147dd0;  1 drivers
v0x58079312d4f0_0 .net *"_ivl_20", 7 0, L_0x580793147f60;  1 drivers
v0x58079312d5d0_0 .net *"_ivl_22", 31 0, L_0x580793148040;  1 drivers
L_0x7a628c36d138 .functor BUFT 1, C4<000000000000000000000000>, C4<0>, C4<0>, C4<0>;
v0x58079312d6b0_0 .net *"_ivl_25", 23 0, L_0x7a628c36d138;  1 drivers
L_0x7a628c36d180 .functor BUFT 1, C4<00000000000000000000000000000010>, C4<0>, C4<0>, C4<0>;
v0x58079312d790_0 .net/2u *"_ivl_26", 31 0, L_0x7a628c36d180;  1 drivers
v0x58079312d870_0 .net *"_ivl_28", 31 0, L_0x5807931481c0;  1 drivers
L_0x7a628c36d018 .functor BUFT 1, C4<000000000000000000000000000000>, C4<0>, C4<0>, C4<0>;
v0x58079312d950_0 .net *"_ivl_3", 29 0, L_0x7a628c36d018;  1 drivers
v0x58079312da30_0 .net *"_ivl_30", 7 0, L_0x5807931483a0;  1 drivers
v0x58079312db10_0 .net *"_ivl_32", 31 0, L_0x580793148440;  1 drivers
L_0x7a628c36d1c8 .functor BUFT 1, C4<000000000000000000000000>, C4<0>, C4<0>, C4<0>;
v0x58079312dbf0_0 .net *"_ivl_35", 23 0, L_0x7a628c36d1c8;  1 drivers
L_0x7a628c36d210 .functor BUFT 1, C4<00000000000000000000000000000001>, C4<0>, C4<0>, C4<0>;
v0x58079312dcd0_0 .net/2u *"_ivl_36", 31 0, L_0x7a628c36d210;  1 drivers
v0x58079312ddb0_0 .net *"_ivl_38", 31 0, L_0x580793148540;  1 drivers
L_0x7a628c36d060 .functor BUFT 1, C4<00000000000000000000000000000000>, C4<0>, C4<0>, C4<0>;
v0x58079312de90_0 .net/2u *"_ivl_4", 31 0, L_0x7a628c36d060;  1 drivers
v0x58079312df70_0 .net *"_ivl_40", 7 0, L_0x5807931486d0;  1 drivers
v0x58079312e050_0 .net *"_ivl_42", 9 0, L_0x5807931487e0;  1 drivers
L_0x7a628c36d258 .functor BUFT 1, C4<00>, C4<0>, C4<0>, C4<0>;
v0x58079312e130_0 .net *"_ivl_45", 1 0, L_0x7a628c36d258;  1 drivers
v0x58079312e210_0 .net *"_ivl_46", 31 0, L_0x5807931489b0;  1 drivers
o0x7a628c3b6978 .functor BUFZ 32, C4<zzzzzzzzzzzzzzzzzzzzzzzzzzzzzzzz>; HiZ drive
; Elide local net with no drivers, v0x58079312e2f0_0 name=_ivl_48
v0x58079312e3d0_0 .net *"_ivl_6", 0 0, L_0x580793147a20;  1 drivers
v0x58079312e490_0 .net *"_ivl_9", 0 0, L_0x58079310a580;  1 drivers
v0x58079312e550_0 .net "addr", 7 0, L_0x58079314da00;  alias, 1 drivers
v0x58079312e630_0 .net "clk", 0 0, v0x5807931372b0_0;  1 drivers
v0x58079312e6f0_0 .net "data_in", 31 0, L_0x58079314dca0;  alias, 1 drivers
v0x58079312e7d0_0 .net "data_out", 31 0, L_0x580793148bc0;  alias, 1 drivers
v0x58079312e8b0_0 .var/i "i", 31 0;
v0x58079312e990 .array "mem_byte", 0 255, 7 0;
v0x58079312ea50_0 .net "oe", 0 0, L_0x7a628c36d2a0;  1 drivers
v0x58079312eb10_0 .net "w_mode", 1 0, v0x5807930df790_0;  alias, 1 drivers
E_0x58079310d860 .event posedge, v0x58079312e630_0;
L_0x580793137920 .concat [ 2 30 0 0], v0x5807930df790_0, L_0x7a628c36d018;
L_0x580793147a20 .cmp/eq 32, L_0x580793137920, L_0x7a628c36d060;
L_0x580793147bb0 .array/port v0x58079312e990, L_0x580793147dd0;
L_0x580793147c50 .concat [ 8 24 0 0], L_0x58079314da00, L_0x7a628c36d0a8;
L_0x580793147dd0 .arith/sum 32, L_0x580793147c50, L_0x7a628c36d0f0;
L_0x580793147f60 .array/port v0x58079312e990, L_0x5807931481c0;
L_0x580793148040 .concat [ 8 24 0 0], L_0x58079314da00, L_0x7a628c36d138;
L_0x5807931481c0 .arith/sum 32, L_0x580793148040, L_0x7a628c36d180;
L_0x5807931483a0 .array/port v0x58079312e990, L_0x580793148540;
L_0x580793148440 .concat [ 8 24 0 0], L_0x58079314da00, L_0x7a628c36d1c8;
L_0x580793148540 .arith/sum 32, L_0x580793148440, L_0x7a628c36d210;
L_0x5807931486d0 .array/port v0x58079312e990, L_0x5807931487e0;
L_0x5807931487e0 .concat [ 8 2 0 0], L_0x58079314da00, L_0x7a628c36d258;
L_0x5807931489b0 .concat [ 8 8 8 8], L_0x5807931486d0, L_0x5807931483a0, L_0x580793147f60, L_0x580793147bb0;
L_0x580793148bc0 .functor MUXZ 32, o0x7a628c3b6978, L_0x5807931489b0, L_0x58079310a580, C4<>;
S_0x58079312ecb0 .scope module, "dp" "datapath" 3 34, 4 372 0, S_0x580793105220;
 .timescale 0 0;
    .port_info 0 /INPUT 1 "clk";
    .port_info 1 /INPUT 1 "rst";
    .port_info 2 /INPUT 1 "run";
    .port_info 3 /INPUT 1 "RegWrite";
    .port_info 4 /INPUT 1 "ALUsrc";
    .port_info 5 /INPUT 2 "PCsrc";
    .port_info 6 /INPUT 3 "MemtoReg";
    .port_info 7 /INPUT 3 "ALUctl";
    .port_info 8 /OUTPUT 1 "ALUzero";
    .port_info 9 /OUTPUT 1 "ALUneg";
    .port_info 10 /INPUT 32 "im_data";
    .port_info 11 /OUTPUT 6 "im_addr";
    .port_info 12 /INPUT 32 "dm_data_out";
    .port_info 13 /OUTPUT 32 "dm_data_in";
    .port_info 14 /OUTPUT 8 "dm_addr";
P_0x58079312ee40 .param/l "DM_L" 0 4 376, +C4<00000000000000000000000001000000>;
P_0x58079312ee80 .param/l "IM_L" 0 4 375, +C4<00000000000000000000000000010000>;
P_0x58079312eec0 .param/l "W" 0 4 374, +C4<00000000000000000000000000100000>;
P_0x58079312ef00 .param/l "fmt_I" 1 4 401, C4<001>;
P_0x58079312ef40 .param/l "fmt_R" 1 4 400, C4<000>;
P_0x58079312ef80 .param/l "fmt_S" 1 4 402, C4<010>;
P_0x58079312efc0 .param/l "fmt_SB" 1 4 403, C4<011>;
P_0x58079312f000 .param/l "fmt_U" 1 4 404, C4<100>;
P_0x58079312f040 .param/l "fmt_UJ" 1 4 405, C4<101>;
P_0x58079312f080 .param/l "pc_imm" 1 4 409, C4<01>;
P_0x58079312f0c0 .param/l "pc_link_reg" 1 4 410, C4<10>;
P_0x58079312f100 .param/l "pc_next" 1 4 408, C4<00>;
P_0x58079312f140 .param/l "reg_data_alu" 1 4 413, C4<000>;
P_0x58079312f180 .param/l "reg_data_byte" 1 4 417, C4<100>;
P_0x58079312f1c0 .param/l "reg_data_half_word" 1 4 418, C4<101>;
P_0x58079312f200 .param/l "reg_data_jmp_link" 1 4 414, C4<001>;
P_0x58079312f240 .param/l "reg_data_slt" 1 4 420, C4<111>;
P_0x58079312f280 .param/l "reg_data_up_imm" 1 4 415, C4<010>;
P_0x58079312f2c0 .param/l "reg_data_up_imm_pc" 1 4 416, C4<011>;
P_0x58079312f300 .param/l "reg_data_word" 1 4 419, C4<110>;
L_0x5807930e7e50 .functor BUFZ 32, L_0x580793149cf0, C4<00000000000000000000000000000000>, C4<00000000000000000000000000000000>, C4<00000000000000000000000000000000>;
L_0x58079314db40 .functor BUFZ 6, v0x580793135320_0, C4<000000>, C4<000000>, C4<000000>;
L_0x58079314dca0 .functor BUFZ 32, L_0x58079314a2d0, C4<00000000000000000000000000000000>, C4<00000000000000000000000000000000>, C4<00000000000000000000000000000000>;
v0x580793134eb0_0 .net "ALUctl", 2 0, v0x58079310a6e0_0;  alias, 1 drivers
v0x580793134f90_0 .net "ALUneg", 0 0, L_0x58079314d8c0;  alias, 1 drivers
v0x5807931350a0_0 .net "ALUsrc", 0 0, v0x5807930e5cd0_0;  alias, 1 drivers
v0x580793135140_0 .net "ALUzero", 0 0, L_0x58079314d710;  alias, 1 drivers
v0x580793135230_0 .net "MemtoReg", 2 0, v0x58079312bf50_0;  alias, 1 drivers
v0x580793135320_0 .var "PC", 5 0;
v0x5807931353c0_0 .net "PCsrc", 1 0, v0x58079312c030_0;  alias, 1 drivers
v0x580793135460_0 .net "RegWrite", 0 0, v0x58079312c110_0;  alias, 1 drivers
v0x580793135550_0 .net *"_ivl_15", 6 0, L_0x58079314d960;  1 drivers
L_0x7a628c36dac8 .functor BUFT 1, C4<0>, C4<0>, C4<0>, C4<0>;
v0x580793135610_0 .net *"_ivl_19", 0 0, L_0x7a628c36dac8;  1 drivers
v0x5807931356f0_0 .net "aluA", 31 0, L_0x5807930e7e50;  1 drivers
v0x5807931357b0_0 .net "aluB", 31 0, L_0x58079314dc00;  1 drivers
v0x580793135880_0 .net "aluout", 31 0, L_0x5807930e5ba0;  1 drivers
v0x580793135950_0 .net "clk", 0 0, v0x5807931372b0_0;  alias, 1 drivers
v0x5807931359f0_0 .net "dm_addr", 7 0, L_0x58079314da00;  alias, 1 drivers
v0x580793135a90_0 .net "dm_data_in", 31 0, L_0x58079314dca0;  alias, 1 drivers
v0x580793135b60_0 .net "dm_data_out", 31 0, L_0x580793148bc0;  alias, 1 drivers
v0x580793135d40_0 .var "format", 2 0;
v0x580793135e00_0 .net "funct3", 2 0, L_0x5807931496e0;  1 drivers
v0x580793135ee0_0 .net "funct7", 6 0, L_0x580793149990;  1 drivers
v0x580793135fc0_0 .net "im_addr", 5 0, L_0x58079314db40;  alias, 1 drivers
v0x5807931360a0_0 .net "im_data", 31 0, v0x5807931376f0_0;  alias, 1 drivers
v0x580793136190_0 .var "imm", 31 0;
v0x580793136250_0 .net "opcode", 6 0, L_0x580793149440;  1 drivers
v0x580793136330_0 .net "rd", 4 0, L_0x5807931494e0;  1 drivers
v0x580793136420_0 .var "rf_wdata", 31 0;
v0x5807931364f0_0 .net "rs1", 4 0, L_0x580793149780;  1 drivers
v0x5807931365c0_0 .net "rs1_data", 31 0, L_0x580793149cf0;  1 drivers
v0x580793136690_0 .net "rs2", 4 0, L_0x5807931498a0;  1 drivers
v0x580793136760_0 .net "rs2_data", 31 0, L_0x58079314a2d0;  1 drivers
v0x580793136830_0 .net "rst", 0 0, v0x5807931377e0_0;  1 drivers
v0x5807931368d0_0 .net "run", 0 0, v0x580793137880_0;  1 drivers
E_0x58079310d820/0 .event anyedge, v0x58079312bf50_0, v0x5807931303c0_0, v0x580793135320_0, v0x580793136190_0;
E_0x58079310d820/1 .event anyedge, v0x58079312e7d0_0, v0x5807930f5ad0_0;
E_0x58079310d820 .event/or E_0x58079310d820/0, E_0x58079310d820/1;
E_0x58079312fd60 .event anyedge, v0x580793135d40_0, v0x58079312c970_0;
E_0x58079312fdc0 .event anyedge, v0x580793136250_0;
L_0x580793149440 .part v0x5807931376f0_0, 0, 7;
L_0x5807931494e0 .part v0x5807931376f0_0, 7, 5;
L_0x5807931496e0 .part v0x5807931376f0_0, 12, 3;
L_0x580793149780 .part v0x5807931376f0_0, 15, 5;
L_0x5807931498a0 .part v0x5807931376f0_0, 20, 5;
L_0x580793149990 .part v0x5807931376f0_0, 25, 7;
L_0x58079314d960 .part L_0x5807930e5ba0, 0, 7;
L_0x58079314da00 .concat [ 7 1 0 0], L_0x58079314d960, L_0x7a628c36dac8;
L_0x58079314dc00 .functor MUXZ 32, L_0x58079314a2d0, v0x580793136190_0, v0x5807930e5cd0_0, C4<>;
S_0x58079312fe20 .scope module, "ALU" "alu" 4 446, 6 1 0, S_0x58079312ecb0;
 .timescale 0 0;
    .port_info 0 /INPUT 3 "ALUctl";
    .port_info 1 /INPUT 32 "A";
    .port_info 2 /INPUT 32 "B";
    .port_info 3 /OUTPUT 32 "ALUout";
    .port_info 4 /OUTPUT 1 "Zero";
    .port_info 5 /OUTPUT 1 "Neg";
P_0x580793130020 .param/l "W" 0 6 2, +C4<00000000000000000000000000100000>;
L_0x580793148770 .functor AND 32, L_0x5807930e7e50, L_0x58079314dc00, C4<11111111111111111111111111111111>, C4<11111111111111111111111111111111>;
L_0x5807930f59b0 .functor OR 32, L_0x5807930e7e50, L_0x58079314dc00, C4<00000000000000000000000000000000>, C4<00000000000000000000000000000000>;
L_0x58079314b4a0 .functor XOR 32, L_0x5807930e7e50, L_0x58079314dc00, C4<00000000000000000000000000000000>, C4<00000000000000000000000000000000>;
L_0x5807930e5ba0 .functor BUFZ 32, L_0x58079314d4e0, C4<00000000000000000000000000000000>, C4<00000000000000000000000000000000>, C4<00000000000000000000000000000000>;
v0x5807931301d0_0 .net "A", 31 0, L_0x5807930e7e50;  alias, 1 drivers
v0x5807931302d0_0 .net "ALUctl", 2 0, v0x58079310a6e0_0;  alias, 1 drivers
v0x5807931303c0_0 .net "ALUout", 31 0, L_0x5807930e5ba0;  alias, 1 drivers
v0x580793130490_0 .net "B", 31 0, L_0x58079314dc00;  alias, 1 drivers
v0x580793130570_0 .net "Neg", 0 0, L_0x58079314d8c0;  alias, 1 drivers
v0x580793130660_0 .net "Zero", 0 0, L_0x58079314d710;  alias, 1 drivers
v0x580793130730_0 .net *"_ivl_0", 31 0, L_0x58079314a500;  1 drivers
v0x5807931307d0_0 .net *"_ivl_10", 31 0, L_0x58079314a8b0;  1 drivers
L_0x7a628c36da38 .functor BUFT 1, C4<00000000000000000000000000000000>, C4<0>, C4<0>, C4<0>;
v0x5807931308b0_0 .net/2u *"_ivl_104", 31 0, L_0x7a628c36da38;  1 drivers
L_0x7a628c36da80 .functor BUFT 1, C4<00000000000000000000000000000000>, C4<0>, C4<0>, C4<0>;
v0x580793130990_0 .net/2s *"_ivl_108", 31 0, L_0x7a628c36da80;  1 drivers
L_0x7a628c36d600 .functor BUFT 1, C4<00000000000000000000000000000>, C4<0>, C4<0>, C4<0>;
v0x580793130a70_0 .net *"_ivl_13", 28 0, L_0x7a628c36d600;  1 drivers
L_0x7a628c36d648 .functor BUFT 1, C4<00000000000000000000000000000001>, C4<0>, C4<0>, C4<0>;
v0x580793130b50_0 .net/2u *"_ivl_14", 31 0, L_0x7a628c36d648;  1 drivers
v0x580793130c30_0 .net *"_ivl_16", 0 0, L_0x58079314a9d0;  1 drivers
v0x580793130cf0_0 .net *"_ivl_18", 31 0, L_0x580793148770;  1 drivers
v0x580793130dd0_0 .net *"_ivl_20", 31 0, L_0x58079314ab10;  1 drivers
L_0x7a628c36d690 .functor BUFT 1, C4<00000000000000000000000000000>, C4<0>, C4<0>, C4<0>;
v0x580793130eb0_0 .net *"_ivl_23", 28 0, L_0x7a628c36d690;  1 drivers
L_0x7a628c36d6d8 .functor BUFT 1, C4<00000000000000000000000000000010>, C4<0>, C4<0>, C4<0>;
v0x580793130f90_0 .net/2u *"_ivl_24", 31 0, L_0x7a628c36d6d8;  1 drivers
v0x580793131070_0 .net *"_ivl_26", 0 0, L_0x58079314ac40;  1 drivers
v0x580793131130_0 .net *"_ivl_28", 31 0, L_0x5807930f59b0;  1 drivers
L_0x7a628c36d570 .functor BUFT 1, C4<00000000000000000000000000000>, C4<0>, C4<0>, C4<0>;
v0x580793131210_0 .net *"_ivl_3", 28 0, L_0x7a628c36d570;  1 drivers
v0x5807931312f0_0 .net *"_ivl_30", 31 0, L_0x58079314aea0;  1 drivers
L_0x7a628c36d720 .functor BUFT 1, C4<00000000000000000000000000000>, C4<0>, C4<0>, C4<0>;
v0x5807931313d0_0 .net *"_ivl_33", 28 0, L_0x7a628c36d720;  1 drivers
L_0x7a628c36d768 .functor BUFT 1, C4<00000000000000000000000000000011>, C4<0>, C4<0>, C4<0>;
v0x5807931314b0_0 .net/2u *"_ivl_34", 31 0, L_0x7a628c36d768;  1 drivers
v0x580793131590_0 .net *"_ivl_36", 0 0, L_0x58079314af90;  1 drivers
v0x580793131650_0 .net *"_ivl_38", 31 0, L_0x58079314b080;  1 drivers
L_0x7a628c36d5b8 .functor BUFT 1, C4<00000000000000000000000000000000>, C4<0>, C4<0>, C4<0>;
v0x580793131730_0 .net/2u *"_ivl_4", 31 0, L_0x7a628c36d5b8;  1 drivers
v0x580793131810_0 .net *"_ivl_40", 31 0, L_0x58079314b180;  1 drivers
L_0x7a628c36d7b0 .functor BUFT 1, C4<00000000000000000000000000000>, C4<0>, C4<0>, C4<0>;
v0x5807931318f0_0 .net *"_ivl_43", 28 0, L_0x7a628c36d7b0;  1 drivers
L_0x7a628c36d7f8 .functor BUFT 1, C4<00000000000000000000000000000100>, C4<0>, C4<0>, C4<0>;
v0x5807931319d0_0 .net/2u *"_ivl_44", 31 0, L_0x7a628c36d7f8;  1 drivers
v0x580793131ab0_0 .net *"_ivl_46", 0 0, L_0x58079314b330;  1 drivers
v0x580793131b70_0 .net *"_ivl_49", 4 0, L_0x58079314b510;  1 drivers
v0x580793131c50_0 .net *"_ivl_50", 31 0, L_0x58079314b5b0;  1 drivers
v0x580793131d30_0 .net *"_ivl_52", 31 0, L_0x58079314b720;  1 drivers
L_0x7a628c36d840 .functor BUFT 1, C4<00000000000000000000000000000>, C4<0>, C4<0>, C4<0>;
v0x580793132020_0 .net *"_ivl_55", 28 0, L_0x7a628c36d840;  1 drivers
L_0x7a628c36d888 .functor BUFT 1, C4<00000000000000000000000000000101>, C4<0>, C4<0>, C4<0>;
v0x580793132100_0 .net/2u *"_ivl_56", 31 0, L_0x7a628c36d888;  1 drivers
v0x5807931321e0_0 .net *"_ivl_58", 0 0, L_0x58079314b840;  1 drivers
v0x5807931322a0_0 .net *"_ivl_6", 0 0, L_0x58079314a630;  1 drivers
v0x580793132360_0 .net *"_ivl_61", 4 0, L_0x58079314ba40;  1 drivers
v0x580793132440_0 .net *"_ivl_62", 31 0, L_0x58079314bae0;  1 drivers
v0x580793132520_0 .net *"_ivl_64", 31 0, L_0x58079314bc70;  1 drivers
L_0x7a628c36d8d0 .functor BUFT 1, C4<00000000000000000000000000000>, C4<0>, C4<0>, C4<0>;
v0x580793132600_0 .net *"_ivl_67", 28 0, L_0x7a628c36d8d0;  1 drivers
L_0x7a628c36d918 .functor BUFT 1, C4<00000000000000000000000000000110>, C4<0>, C4<0>, C4<0>;
v0x5807931326e0_0 .net/2u *"_ivl_68", 31 0, L_0x7a628c36d918;  1 drivers
v0x5807931327c0_0 .net *"_ivl_70", 0 0, L_0x58079314bfa0;  1 drivers
v0x580793132880_0 .net *"_ivl_72", 31 0, L_0x58079314bbd0;  1 drivers
v0x580793132960_0 .net *"_ivl_74", 31 0, L_0x58079314c2d0;  1 drivers
L_0x7a628c36d960 .functor BUFT 1, C4<00000000000000000000000000000>, C4<0>, C4<0>, C4<0>;
v0x580793132a40_0 .net *"_ivl_77", 28 0, L_0x7a628c36d960;  1 drivers
L_0x7a628c36d9a8 .functor BUFT 1, C4<00000000000000000000000000000111>, C4<0>, C4<0>, C4<0>;
v0x580793132b20_0 .net/2u *"_ivl_78", 31 0, L_0x7a628c36d9a8;  1 drivers
v0x580793132c00_0 .net *"_ivl_8", 31 0, L_0x58079314a770;  1 drivers
v0x580793132ce0_0 .net *"_ivl_80", 0 0, L_0x58079314c4b0;  1 drivers
v0x580793132da0_0 .net *"_ivl_82", 31 0, L_0x58079314b4a0;  1 drivers
L_0x7a628c36d9f0 .functor BUFT 1, C4<00000000000000000000000000000000>, C4<0>, C4<0>, C4<0>;
v0x580793132e80_0 .net/2u *"_ivl_84", 31 0, L_0x7a628c36d9f0;  1 drivers
v0x580793132f60_0 .net *"_ivl_86", 31 0, L_0x58079314c620;  1 drivers
v0x580793133040_0 .net *"_ivl_88", 31 0, L_0x58079314c8b0;  1 drivers
v0x580793133120_0 .net *"_ivl_90", 31 0, L_0x58079314ca40;  1 drivers
v0x580793133200_0 .net *"_ivl_92", 31 0, L_0x58079314ccb0;  1 drivers
v0x5807931332e0_0 .net *"_ivl_94", 31 0, L_0x58079314ce40;  1 drivers
v0x5807931333c0_0 .net *"_ivl_96", 31 0, L_0x58079314d0c0;  1 drivers
v0x5807931334a0_0 .net *"_ivl_98", 31 0, L_0x58079314d250;  1 drivers
v0x580793133580_0 .net "result", 31 0, L_0x58079314d4e0;  1 drivers
L_0x58079314a500 .concat [ 3 29 0 0], v0x58079310a6e0_0, L_0x7a628c36d570;
L_0x58079314a630 .cmp/eq 32, L_0x58079314a500, L_0x7a628c36d5b8;
L_0x58079314a770 .arith/sum 32, L_0x5807930e7e50, L_0x58079314dc00;
L_0x58079314a8b0 .concat [ 3 29 0 0], v0x58079310a6e0_0, L_0x7a628c36d600;
L_0x58079314a9d0 .cmp/eq 32, L_0x58079314a8b0, L_0x7a628c36d648;
L_0x58079314ab10 .concat [ 3 29 0 0], v0x58079310a6e0_0, L_0x7a628c36d690;
L_0x58079314ac40 .cmp/eq 32, L_0x58079314ab10, L_0x7a628c36d6d8;
L_0x58079314aea0 .concat [ 3 29 0 0], v0x58079310a6e0_0, L_0x7a628c36d720;
L_0x58079314af90 .cmp/eq 32, L_0x58079314aea0, L_0x7a628c36d768;
L_0x58079314b080 .shift/l 32, L_0x5807930e7e50, L_0x58079314dc00;
L_0x58079314b180 .concat [ 3 29 0 0], v0x58079310a6e0_0, L_0x7a628c36d7b0;
L_0x58079314b330 .cmp/eq 32, L_0x58079314b180, L_0x7a628c36d7f8;
L_0x58079314b510 .part L_0x58079314dc00, 0, 5;
L_0x58079314b5b0 .shift/rs 32, L_0x5807930e7e50, L_0x58079314b510;
L_0x58079314b720 .concat [ 3 29 0 0], v0x58079310a6e0_0, L_0x7a628c36d840;
L_0x58079314b840 .cmp/eq 32, L_0x58079314b720, L_0x7a628c36d888;
L_0x58079314ba40 .part L_0x58079314dc00, 0, 5;
L_0x58079314bae0 .shift/r 32, L_0x5807930e7e50, L_0x58079314ba40;
L_0x58079314bc70 .concat [ 3 29 0 0], v0x58079310a6e0_0, L_0x7a628c36d8d0;
L_0x58079314bfa0 .cmp/eq 32, L_0x58079314bc70, L_0x7a628c36d918;
L_0x58079314bbd0 .arith/sub 32, L_0x5807930e7e50, L_0x58079314dc00;
L_0x58079314c2d0 .concat [ 3 29 0 0], v0x58079310a6e0_0, L_0x7a628c36d960;
L_0x58079314c4b0 .cmp/eq 32, L_0x58079314c2d0, L_0x7a628c36d9a8;
L_0x58079314c620 .functor MUXZ 32, L_0x7a628c36d9f0, L_0x58079314b4a0, L_0x58079314c4b0, C4<>;
L_0x58079314c8b0 .functor MUXZ 32, L_0x58079314c620, L_0x58079314bbd0, L_0x58079314bfa0, C4<>;
L_0x58079314ca40 .functor MUXZ 32, L_0x58079314c8b0, L_0x58079314bae0, L_0x58079314b840, C4<>;
L_0x58079314ccb0 .functor MUXZ 32, L_0x58079314ca40, L_0x58079314b5b0, L_0x58079314b330, C4<>;
L_0x58079314ce40 .functor MUXZ 32, L_0x58079314ccb0, L_0x58079314b080, L_0x58079314af90, C4<>;
L_0x58079314d0c0 .functor MUXZ 32, L_0x58079314ce40, L_0x5807930f59b0, L_0x58079314ac40, C4<>;
L_0x58079314d250 .functor MUXZ 32, L_0x58079314d0c0, L_0x580793148770, L_0x58079314a9d0, C4<>;
L_0x58079314d4e0 .functor MUXZ 32, L_0x58079314d250, L_0x58079314a770, L_0x58079314a630, C4<>;
L_0x58079314d710 .cmp/eq 32, L_0x58079314d4e0, L_0x7a628c36da38;
L_0x58079314d8c0 .cmp/gt.s 32, L_0x7a628c36da80, L_0x58079314d4e0;
S_0x580793133760 .scope module, "RF" "registerfile" 4 433, 7 1 0, S_0x58079312ecb0;
 .timescale 0 0;
    .port_info 0 /INPUT 5 "Read1";
    .port_info 1 /INPUT 5 "Read2";
    .port_info 2 /INPUT 5 "WriteReg";
    .port_info 3 /INPUT 32 "WriteData";
    .port_info 4 /INPUT 1 "RegWrite";
    .port_info 5 /INPUT 1 "clk";
    .port_info 6 /OUTPUT 32 "Data1";
    .port_info 7 /OUTPUT 32 "Data2";
P_0x580793133910 .param/l "W" 0 7 2, +C4<00000000000000000000000000100000>;
v0x580793133b00_0 .net "Data1", 31 0, L_0x580793149cf0;  alias, 1 drivers
v0x580793133be0_0 .net "Data2", 31 0, L_0x58079314a2d0;  alias, 1 drivers
v0x580793133cc0 .array "RF", 0 31, 31 0;
v0x580793133d90_0 .net "Read1", 4 0, L_0x580793149780;  alias, 1 drivers
v0x580793133e70_0 .net "Read2", 4 0, L_0x5807931498a0;  alias, 1 drivers
v0x580793133fa0_0 .net "RegWrite", 0 0, v0x58079312c110_0;  alias, 1 drivers
v0x580793134040_0 .net "WriteData", 31 0, v0x580793136420_0;  1 drivers
v0x580793134100_0 .net "WriteReg", 4 0, L_0x5807931494e0;  alias, 1 drivers
L_0x7a628c36d3c0 .functor BUFT 1, C4<00000>, C4<0>, C4<0>, C4<0>;
v0x5807931341e0_0 .net/2u *"_ivl_0", 4 0, L_0x7a628c36d3c0;  1 drivers
L_0x7a628c36d450 .functor BUFT 1, C4<00000000000000000000000000000000>, C4<0>, C4<0>, C4<0>;
v0x5807931342c0_0 .net/2u *"_ivl_10", 31 0, L_0x7a628c36d450;  1 drivers
L_0x7a628c36d498 .functor BUFT 1, C4<00000>, C4<0>, C4<0>, C4<0>;
v0x5807931343a0_0 .net/2u *"_ivl_14", 4 0, L_0x7a628c36d498;  1 drivers
v0x580793134480_0 .net *"_ivl_16", 0 0, L_0x58079314a010;  1 drivers
v0x580793134540_0 .net *"_ivl_18", 31 0, L_0x58079314a100;  1 drivers
v0x580793134620_0 .net *"_ivl_2", 0 0, L_0x580793149a70;  1 drivers
v0x5807931346e0_0 .net *"_ivl_20", 6 0, L_0x58079314a1e0;  1 drivers
L_0x7a628c36d4e0 .functor BUFT 1, C4<00>, C4<0>, C4<0>, C4<0>;
v0x5807931347c0_0 .net *"_ivl_23", 1 0, L_0x7a628c36d4e0;  1 drivers
L_0x7a628c36d528 .functor BUFT 1, C4<00000000000000000000000000000000>, C4<0>, C4<0>, C4<0>;
v0x5807931348a0_0 .net/2u *"_ivl_24", 31 0, L_0x7a628c36d528;  1 drivers
v0x580793134980_0 .net *"_ivl_4", 31 0, L_0x580793149b60;  1 drivers
v0x580793134a60_0 .net *"_ivl_6", 6 0, L_0x580793149c00;  1 drivers
L_0x7a628c36d408 .functor BUFT 1, C4<00>, C4<0>, C4<0>, C4<0>;
v0x580793134b40_0 .net *"_ivl_9", 1 0, L_0x7a628c36d408;  1 drivers
v0x580793134c20_0 .net "clk", 0 0, v0x5807931372b0_0;  alias, 1 drivers
v0x580793134cf0_0 .var/i "i", 31 0;
L_0x580793149a70 .cmp/ne 5, L_0x580793149780, L_0x7a628c36d3c0;
L_0x580793149b60 .array/port v0x580793133cc0, L_0x580793149c00;
L_0x580793149c00 .concat [ 5 2 0 0], L_0x580793149780, L_0x7a628c36d408;
L_0x580793149cf0 .functor MUXZ 32, L_0x7a628c36d450, L_0x580793149b60, L_0x580793149a70, C4<>;
L_0x58079314a010 .cmp/ne 5, L_0x5807931498a0, L_0x7a628c36d498;
L_0x58079314a100 .array/port v0x580793133cc0, L_0x58079314a1e0;
L_0x58079314a1e0 .concat [ 5 2 0 0], L_0x5807931498a0, L_0x7a628c36d4e0;
L_0x58079314a2d0 .functor MUXZ 32, L_0x7a628c36d528, L_0x58079314a100, L_0x58079314a010, C4<>;
    .scope S_0x58079312cc50;
T_0 ;
    %pushi/vec4 0, 0, 32;
    %store/vec4 v0x58079312e8b0_0, 0, 32;
T_0.0 ;
    %load/vec4 v0x58079312e8b0_0;
    %cmpi/s 256, 0, 32;
    %jmp/0xz T_0.1, 5;
    %pushi/vec4 0, 0, 8;
    %ix/getv/s 4, v0x58079312e8b0_0;
    %store/vec4a v0x58079312e990, 4, 0;
    %load/vec4 v0x58079312e8b0_0;
    %addi 1, 0, 32;
    %store/vec4 v0x58079312e8b0_0, 0, 32;
    %jmp T_0.0;
T_0.1 ;
    %end;
    .thread T_0;
    .scope S_0x58079312cc50;
T_1 ;
    %wait E_0x58079310d860;
    %load/vec4 v0x58079312eb10_0;
    %pad/u 32;
    %cmpi/e 1, 0, 32;
    %jmp/0xz  T_1.0, 4;
    %load/vec4 v0x58079312e6f0_0;
    %parti/s 8, 0, 2;
    %load/vec4 v0x58079312e550_0;
    %pad/u 10;
    %ix/vec4 3;
    %ix/load 4, 0, 0; Constant delay
    %assign/vec4/a/d v0x58079312e990, 0, 4;
    %jmp T_1.1;
T_1.0 ;
    %load/vec4 v0x58079312eb10_0;
    %pad/u 32;
    %cmpi/e 2, 0, 32;
    %jmp/0xz  T_1.2, 4;
    %load/vec4 v0x58079312e6f0_0;
    %parti/s 16, 0, 2;
    %split/vec4 8;
    %load/vec4 v0x58079312e550_0;
    %pad/u 10;
    %ix/vec4 3;
    %ix/load 4, 0, 0; Constant delay
    %assign/vec4/a/d v0x58079312e990, 0, 4;
    %load/vec4 v0x58079312e550_0;
    %pad/u 32;
    %addi 1, 0, 32;
    %ix/vec4 3;
    %ix/load 4, 0, 0; Constant delay
    %assign/vec4/a/d v0x58079312e990, 0, 4;
    %jmp T_1.3;
T_1.2 ;
    %load/vec4 v0x58079312eb10_0;
    %pad/u 32;
    %cmpi/e 3, 0, 32;
    %jmp/0xz  T_1.4, 4;
    %load/vec4 v0x58079312e6f0_0;
    %split/vec4 8;
    %load/vec4 v0x58079312e550_0;
    %pad/u 10;
    %ix/vec4 3;
    %ix/load 4, 0, 0; Constant delay
    %assign/vec4/a/d v0x58079312e990, 0, 4;
    %split/vec4 8;
    %load/vec4 v0x58079312e550_0;
    %pad/u 32;
    %addi 1, 0, 32;
    %ix/vec4 3;
    %ix/load 4, 0, 0; Constant delay
    %assign/vec4/a/d v0x58079312e990, 0, 4;
    %split/vec4 8;
    %load/vec4 v0x58079312e550_0;
    %pad/u 32;
    %addi 2, 0, 32;
    %ix/vec4 3;
    %ix/load 4, 0, 0; Constant delay
    %assign/vec4/a/d v0x58079312e990, 0, 4;
    %load/vec4 v0x58079312e550_0;
    %pad/u 32;
    %addi 3, 0, 32;
    %ix/vec4 3;
    %ix/load 4, 0, 0; Constant delay
    %assign/vec4/a/d v0x58079312e990, 0, 4;
T_1.4 ;
T_1.3 ;
T_1.1 ;
    %jmp T_1;
    .thread T_1;
    .scope S_0x5807930f0a30;
T_2 ;
    %wait E_0x580793070320;
    %load/vec4 v0x58079312ca50_0;
    %dup/vec4;
    %pushi/vec4 51, 0, 7;
    %cmp/u;
    %jmp/1 T_2.0, 6;
    %dup/vec4;
    %pushi/vec4 19, 0, 7;
    %cmp/u;
    %jmp/1 T_2.1, 6;
    %dup/vec4;
    %pushi/vec4 3, 0, 7;
    %cmp/u;
    %jmp/1 T_2.2, 6;
    %dup/vec4;
    %pushi/vec4 35, 0, 7;
    %cmp/u;
    %jmp/1 T_2.3, 6;
    %dup/vec4;
    %pushi/vec4 99, 0, 7;
    %cmp/u;
    %jmp/1 T_2.4, 6;
    %dup/vec4;
    %pushi/vec4 103, 0, 7;
    %cmp/u;
    %jmp/1 T_2.5, 6;
    %pushi/vec4 0, 0, 1;
    %assign/vec4 v0x5807930e5cd0_0, 0;
    %jmp T_2.7;
T_2.0 ;
    %pushi/vec4 0, 0, 1;
    %assign/vec4 v0x5807930e5cd0_0, 0;
    %jmp T_2.7;
T_2.1 ;
    %pushi/vec4 1, 0, 1;
    %assign/vec4 v0x5807930e5cd0_0, 0;
    %jmp T_2.7;
T_2.2 ;
    %pushi/vec4 1, 0, 1;
    %assign/vec4 v0x5807930e5cd0_0, 0;
    %jmp T_2.7;
T_2.3 ;
    %pushi/vec4 1, 0, 1;
    %assign/vec4 v0x5807930e5cd0_0, 0;
    %jmp T_2.7;
T_2.4 ;
    %pushi/vec4 0, 0, 1;
    %assign/vec4 v0x5807930e5cd0_0, 0;
    %jmp T_2.7;
T_2.5 ;
    %pushi/vec4 1, 0, 1;
    %assign/vec4 v0x5807930e5cd0_0, 0;
    %jmp T_2.7;
T_2.7 ;
    %pop/vec4 1;
    %jmp T_2;
    .thread T_2, $push;
    .scope S_0x5807930f0a30;
T_3 ;
    %wait E_0x580793070320;
    %load/vec4 v0x58079312ca50_0;
    %dup/vec4;
    %pushi/vec4 51, 0, 7;
    %cmp/u;
    %jmp/1 T_3.0, 6;
    %dup/vec4;
    %pushi/vec4 19, 0, 7;
    %cmp/u;
    %jmp/1 T_3.1, 6;
    %dup/vec4;
    %pushi/vec4 3, 0, 7;
    %cmp/u;
    %jmp/1 T_3.2, 6;
    %dup/vec4;
    %pushi/vec4 35, 0, 7;
    %cmp/u;
    %jmp/1 T_3.3, 6;
    %dup/vec4;
    %pushi/vec4 99, 0, 7;
    %cmp/u;
    %jmp/1 T_3.4, 6;
    %dup/vec4;
    %pushi/vec4 55, 0, 7;
    %cmp/u;
    %jmp/1 T_3.5, 6;
    %dup/vec4;
    %pushi/vec4 23, 0, 7;
    %cmp/u;
    %jmp/1 T_3.6, 6;
    %dup/vec4;
    %pushi/vec4 111, 0, 7;
    %cmp/u;
    %jmp/1 T_3.7, 6;
    %dup/vec4;
    %pushi/vec4 103, 0, 7;
    %cmp/u;
    %jmp/1 T_3.8, 6;
    %pushi/vec4 0, 0, 1;
    %assign/vec4 v0x58079312c110_0, 0;
    %jmp T_3.10;
T_3.0 ;
    %pushi/vec4 1, 0, 1;
    %assign/vec4 v0x58079312c110_0, 0;
    %jmp T_3.10;
T_3.1 ;
    %pushi/vec4 1, 0, 1;
    %assign/vec4 v0x58079312c110_0, 0;
    %jmp T_3.10;
T_3.2 ;
    %pushi/vec4 1, 0, 1;
    %assign/vec4 v0x58079312c110_0, 0;
    %jmp T_3.10;
T_3.3 ;
    %pushi/vec4 0, 0, 1;
    %assign/vec4 v0x58079312c110_0, 0;
    %jmp T_3.10;
T_3.4 ;
    %pushi/vec4 0, 0, 1;
    %assign/vec4 v0x58079312c110_0, 0;
    %jmp T_3.10;
T_3.5 ;
    %pushi/vec4 1, 0, 1;
    %assign/vec4 v0x58079312c110_0, 0;
    %jmp T_3.10;
T_3.6 ;
    %pushi/vec4 1, 0, 1;
    %assign/vec4 v0x58079312c110_0, 0;
    %jmp T_3.10;
T_3.7 ;
    %pushi/vec4 1, 0, 1;
    %assign/vec4 v0x58079312c110_0, 0;
    %jmp T_3.10;
T_3.8 ;
    %pushi/vec4 1, 0, 1;
    %assign/vec4 v0x58079312c110_0, 0;
    %jmp T_3.10;
T_3.10 ;
    %pop/vec4 1;
    %jmp T_3;
    .thread T_3, $push;
    .scope S_0x5807930f0a30;
T_4 ;
    %wait E_0x5807930d8cb0;
    %load/vec4 v0x58079312ca50_0;
    %dup/vec4;
    %pushi/vec4 35, 0, 7;
    %cmp/u;
    %jmp/1 T_4.0, 6;
    %pushi/vec4 0, 0, 2;
    %assign/vec4 v0x5807930df790_0, 0;
    %jmp T_4.2;
T_4.0 ;
    %load/vec4 v0x58079312c7b0_0;
    %dup/vec4;
    %pushi/vec4 0, 0, 3;
    %cmp/u;
    %jmp/1 T_4.3, 6;
    %dup/vec4;
    %pushi/vec4 1, 0, 3;
    %cmp/u;
    %jmp/1 T_4.4, 6;
    %dup/vec4;
    %pushi/vec4 2, 0, 3;
    %cmp/u;
    %jmp/1 T_4.5, 6;
    %jmp T_4.6;
T_4.3 ;
    %pushi/vec4 1, 0, 2;
    %assign/vec4 v0x5807930df790_0, 0;
    %jmp T_4.6;
T_4.4 ;
    %pushi/vec4 2, 0, 2;
    %assign/vec4 v0x5807930df790_0, 0;
    %jmp T_4.6;
T_4.5 ;
    %pushi/vec4 3, 0, 2;
    %assign/vec4 v0x5807930df790_0, 0;
    %jmp T_4.6;
T_4.6 ;
    %pop/vec4 1;
    %jmp T_4.2;
T_4.2 ;
    %pop/vec4 1;
    %jmp T_4;
    .thread T_4, $push;
    .scope S_0x5807930f0a30;
T_5 ;
    %wait E_0x5807930d6890;
    %load/vec4 v0x58079312ca50_0;
    %dup/vec4;
    %pushi/vec4 99, 0, 7;
    %cmp/u;
    %jmp/1 T_5.0, 6;
    %dup/vec4;
    %pushi/vec4 111, 0, 7;
    %cmp/u;
    %jmp/1 T_5.1, 6;
    %dup/vec4;
    %pushi/vec4 103, 0, 7;
    %cmp/u;
    %jmp/1 T_5.2, 6;
    %pushi/vec4 0, 0, 2;
    %assign/vec4 v0x58079312c030_0, 0;
    %jmp T_5.4;
T_5.0 ;
    %load/vec4 v0x58079312c7b0_0;
    %dup/vec4;
    %pushi/vec4 0, 0, 3;
    %cmp/u;
    %jmp/1 T_5.5, 6;
    %dup/vec4;
    %pushi/vec4 1, 0, 3;
    %cmp/u;
    %jmp/1 T_5.6, 6;
    %dup/vec4;
    %pushi/vec4 5, 0, 3;
    %cmp/u;
    %jmp/1 T_5.7, 6;
    %dup/vec4;
    %pushi/vec4 4, 0, 3;
    %cmp/u;
    %jmp/1 T_5.8, 6;
    %jmp T_5.9;
T_5.5 ;
    %load/vec4 v0x5807930e8020_0;
    %flag_set/vec4 8;
    %jmp/0xz  T_5.10, 8;
    %pushi/vec4 1, 0, 2;
    %assign/vec4 v0x58079312c030_0, 0;
    %jmp T_5.11;
T_5.10 ;
    %pushi/vec4 0, 0, 2;
    %assign/vec4 v0x58079312c030_0, 0;
T_5.11 ;
    %jmp T_5.9;
T_5.6 ;
    %load/vec4 v0x5807930e8020_0;
    %inv;
    %flag_set/vec4 8;
    %jmp/0xz  T_5.12, 8;
    %pushi/vec4 1, 0, 2;
    %assign/vec4 v0x58079312c030_0, 0;
    %jmp T_5.13;
T_5.12 ;
    %pushi/vec4 0, 0, 2;
    %assign/vec4 v0x58079312c030_0, 0;
T_5.13 ;
    %jmp T_5.9;
T_5.7 ;
    %load/vec4 v0x5807930f5ad0_0;
    %inv;
    %flag_set/vec4 8;
    %jmp/0xz  T_5.14, 8;
    %pushi/vec4 1, 0, 2;
    %assign/vec4 v0x58079312c030_0, 0;
    %jmp T_5.15;
T_5.14 ;
    %pushi/vec4 0, 0, 2;
    %assign/vec4 v0x58079312c030_0, 0;
T_5.15 ;
    %jmp T_5.9;
T_5.8 ;
    %load/vec4 v0x5807930f5ad0_0;
    %flag_set/vec4 8;
    %jmp/0xz  T_5.16, 8;
    %pushi/vec4 1, 0, 2;
    %assign/vec4 v0x58079312c030_0, 0;
    %jmp T_5.17;
T_5.16 ;
    %pushi/vec4 0, 0, 2;
    %assign/vec4 v0x58079312c030_0, 0;
T_5.17 ;
    %jmp T_5.9;
T_5.9 ;
    %pop/vec4 1;
    %jmp T_5.4;
T_5.1 ;
    %pushi/vec4 1, 0, 2;
    %assign/vec4 v0x58079312c030_0, 0;
    %jmp T_5.4;
T_5.2 ;
    %pushi/vec4 2, 0, 2;
    %assign/vec4 v0x58079312c030_0, 0;
    %jmp T_5.4;
T_5.4 ;
    %pop/vec4 1;
    %jmp T_5;
    .thread T_5, $push;
    .scope S_0x5807930f0a30;
T_6 ;
    %wait E_0x5807930d8cb0;
    %load/vec4 v0x58079312ca50_0;
    %dup/vec4;
    %pushi/vec4 3, 0, 7;
    %cmp/u;
    %jmp/1 T_6.0, 6;
    %dup/vec4;
    %pushi/vec4 55, 0, 7;
    %cmp/u;
    %jmp/1 T_6.1, 6;
    %dup/vec4;
    %pushi/vec4 23, 0, 7;
    %cmp/u;
    %jmp/1 T_6.2, 6;
    %dup/vec4;
    %pushi/vec4 111, 0, 7;
    %cmp/u;
    %jmp/1 T_6.3, 6;
    %dup/vec4;
    %pushi/vec4 103, 0, 7;
    %cmp/u;
    %jmp/1 T_6.4, 6;
    %dup/vec4;
    %pushi/vec4 19, 0, 7;
    %cmp/u;
    %jmp/1 T_6.5, 6;
    %dup/vec4;
    %pushi/vec4 51, 0, 7;
    %cmp/u;
    %jmp/1 T_6.6, 6;
    %jmp T_6.7;
T_6.0 ;
    %load/vec4 v0x58079312c7b0_0;
    %dup/vec4;
    %pushi/vec4 0, 0, 3;
    %cmp/u;
    %jmp/1 T_6.8, 6;
    %dup/vec4;
    %pushi/vec4 1, 0, 3;
    %cmp/u;
    %jmp/1 T_6.9, 6;
    %dup/vec4;
    %pushi/vec4 2, 0, 3;
    %cmp/u;
    %jmp/1 T_6.10, 6;
    %jmp T_6.11;
T_6.8 ;
    %pushi/vec4 4, 0, 3;
    %assign/vec4 v0x58079312bf50_0, 0;
    %jmp T_6.11;
T_6.9 ;
    %pushi/vec4 5, 0, 3;
    %assign/vec4 v0x58079312bf50_0, 0;
    %jmp T_6.11;
T_6.10 ;
    %pushi/vec4 6, 0, 3;
    %assign/vec4 v0x58079312bf50_0, 0;
    %jmp T_6.11;
T_6.11 ;
    %pop/vec4 1;
    %jmp T_6.7;
T_6.1 ;
    %pushi/vec4 2, 0, 3;
    %assign/vec4 v0x58079312bf50_0, 0;
    %jmp T_6.7;
T_6.2 ;
    %pushi/vec4 3, 0, 3;
    %assign/vec4 v0x58079312bf50_0, 0;
    %jmp T_6.7;
T_6.3 ;
    %pushi/vec4 1, 0, 3;
    %assign/vec4 v0x58079312bf50_0, 0;
    %jmp T_6.7;
T_6.4 ;
    %pushi/vec4 1, 0, 3;
    %assign/vec4 v0x58079312bf50_0, 0;
    %jmp T_6.7;
T_6.5 ;
    %load/vec4 v0x58079312c7b0_0;
    %dup/vec4;
    %pushi/vec4 2, 0, 3;
    %cmp/u;
    %jmp/1 T_6.12, 6;
    %pushi/vec4 0, 0, 3;
    %assign/vec4 v0x58079312bf50_0, 0;
    %jmp T_6.14;
T_6.12 ;
    %pushi/vec4 7, 0, 3;
    %assign/vec4 v0x58079312bf50_0, 0;
    %jmp T_6.14;
T_6.14 ;
    %pop/vec4 1;
    %jmp T_6.7;
T_6.6 ;
    %load/vec4 v0x58079312c7b0_0;
    %dup/vec4;
    %pushi/vec4 2, 0, 3;
    %cmp/u;
    %jmp/1 T_6.15, 6;
    %pushi/vec4 0, 0, 3;
    %assign/vec4 v0x58079312bf50_0, 0;
    %jmp T_6.17;
T_6.15 ;
    %pushi/vec4 7, 0, 3;
    %assign/vec4 v0x58079312bf50_0, 0;
    %jmp T_6.17;
T_6.17 ;
    %pop/vec4 1;
    %jmp T_6.7;
T_6.7 ;
    %pop/vec4 1;
    %jmp T_6;
    .thread T_6, $push;
    .scope S_0x5807930f0a30;
T_7 ;
    %wait E_0x5807930d65e0;
    %load/vec4 v0x58079312ca50_0;
    %dup/vec4;
    %pushi/vec4 99, 0, 7;
    %cmp/u;
    %jmp/1 T_7.0, 6;
    %dup/vec4;
    %pushi/vec4 3, 0, 7;
    %cmp/u;
    %jmp/1 T_7.1, 6;
    %dup/vec4;
    %pushi/vec4 35, 0, 7;
    %cmp/u;
    %jmp/1 T_7.2, 6;
    %dup/vec4;
    %pushi/vec4 23, 0, 7;
    %cmp/u;
    %jmp/1 T_7.3, 6;
    %dup/vec4;
    %pushi/vec4 111, 0, 7;
    %cmp/u;
    %jmp/1 T_7.4, 6;
    %dup/vec4;
    %pushi/vec4 103, 0, 7;
    %cmp/u;
    %jmp/1 T_7.5, 6;
    %dup/vec4;
    %pushi/vec4 51, 0, 7;
    %cmp/u;
    %jmp/1 T_7.6, 6;
    %dup/vec4;
    %pushi/vec4 19, 0, 7;
    %cmp/u;
    %jmp/1 T_7.7, 6;
    %jmp T_7.8;
T_7.0 ;
    %pushi/vec4 6, 0, 3;
    %assign/vec4 v0x58079310a6e0_0, 0;
    %jmp T_7.8;
T_7.1 ;
    %pushi/vec4 0, 0, 3;
    %assign/vec4 v0x58079310a6e0_0, 0;
    %jmp T_7.8;
T_7.2 ;
    %pushi/vec4 0, 0, 3;
    %assign/vec4 v0x58079310a6e0_0, 0;
    %jmp T_7.8;
T_7.3 ;
    %pushi/vec4 0, 0, 3;
    %assign/vec4 v0x58079310a6e0_0, 0;
    %jmp T_7.8;
T_7.4 ;
    %pushi/vec4 0, 0, 3;
    %assign/vec4 v0x58079310a6e0_0, 0;
    %jmp T_7.8;
T_7.5 ;
    %pushi/vec4 0, 0, 3;
    %assign/vec4 v0x58079310a6e0_0, 0;
    %jmp T_7.8;
T_7.6 ;
    %load/vec4 v0x58079312c890_0;
    %load/vec4 v0x58079312c7b0_0;
    %concat/vec4; draw_concat_vec4
    %dup/vec4;
    %pushi/vec4 0, 0, 10;
    %cmp/u;
    %jmp/1 T_7.9, 6;
    %dup/vec4;
    %pushi/vec4 256, 0, 10;
    %cmp/u;
    %jmp/1 T_7.10, 6;
    %dup/vec4;
    %pushi/vec4 7, 0, 10;
    %cmp/u;
    %jmp/1 T_7.11, 6;
    %dup/vec4;
    %pushi/vec4 6, 0, 10;
    %cmp/u;
    %jmp/1 T_7.12, 6;
    %dup/vec4;
    %pushi/vec4 1, 0, 10;
    %cmp/u;
    %jmp/1 T_7.13, 6;
    %dup/vec4;
    %pushi/vec4 261, 0, 10;
    %cmp/u;
    %jmp/1 T_7.14, 6;
    %dup/vec4;
    %pushi/vec4 5, 0, 10;
    %cmp/u;
    %jmp/1 T_7.15, 6;
    %dup/vec4;
    %pushi/vec4 4, 0, 10;
    %cmp/u;
    %jmp/1 T_7.16, 6;
    %dup/vec4;
    %pushi/vec4 2, 0, 10;
    %cmp/u;
    %jmp/1 T_7.17, 6;
    %jmp T_7.18;
T_7.9 ;
    %pushi/vec4 0, 0, 3;
    %assign/vec4 v0x58079310a6e0_0, 0;
    %jmp T_7.18;
T_7.10 ;
    %pushi/vec4 6, 0, 3;
    %assign/vec4 v0x58079310a6e0_0, 0;
    %jmp T_7.18;
T_7.11 ;
    %pushi/vec4 1, 0, 3;
    %assign/vec4 v0x58079310a6e0_0, 0;
    %jmp T_7.18;
T_7.12 ;
    %pushi/vec4 2, 0, 3;
    %assign/vec4 v0x58079310a6e0_0, 0;
    %jmp T_7.18;
T_7.13 ;
    %pushi/vec4 3, 0, 3;
    %assign/vec4 v0x58079310a6e0_0, 0;
    %jmp T_7.18;
T_7.14 ;
    %pushi/vec4 4, 0, 3;
    %assign/vec4 v0x58079310a6e0_0, 0;
    %jmp T_7.18;
T_7.15 ;
    %pushi/vec4 5, 0, 3;
    %assign/vec4 v0x58079310a6e0_0, 0;
    %jmp T_7.18;
T_7.16 ;
    %pushi/vec4 7, 0, 3;
    %assign/vec4 v0x58079310a6e0_0, 0;
    %jmp T_7.18;
T_7.17 ;
    %pushi/vec4 6, 0, 3;
    %assign/vec4 v0x58079310a6e0_0, 0;
    %jmp T_7.18;
T_7.18 ;
    %pop/vec4 1;
    %jmp T_7.8;
T_7.7 ;
    %load/vec4 v0x58079312c890_0;
    %load/vec4 v0x58079312c7b0_0;
    %concat/vec4; draw_concat_vec4
    %dup/vec4;
    %pushi/vec4 0, 1016, 10;
    %cmp/z;
    %jmp/1 T_7.19, 4;
    %dup/vec4;
    %pushi/vec4 7, 1016, 10;
    %cmp/z;
    %jmp/1 T_7.20, 4;
    %dup/vec4;
    %pushi/vec4 6, 1016, 10;
    %cmp/z;
    %jmp/1 T_7.21, 4;
    %dup/vec4;
    %pushi/vec4 4, 1016, 10;
    %cmp/z;
    %jmp/1 T_7.22, 4;
    %dup/vec4;
    %pushi/vec4 1, 0, 10;
    %cmp/z;
    %jmp/1 T_7.23, 4;
    %dup/vec4;
    %pushi/vec4 5, 0, 10;
    %cmp/z;
    %jmp/1 T_7.24, 4;
    %dup/vec4;
    %pushi/vec4 261, 0, 10;
    %cmp/z;
    %jmp/1 T_7.25, 4;
    %dup/vec4;
    %pushi/vec4 2, 1016, 10;
    %cmp/z;
    %jmp/1 T_7.26, 4;
    %jmp T_7.27;
T_7.19 ;
    %pushi/vec4 0, 0, 3;
    %assign/vec4 v0x58079310a6e0_0, 0;
    %jmp T_7.27;
T_7.20 ;
    %pushi/vec4 1, 0, 3;
    %assign/vec4 v0x58079310a6e0_0, 0;
    %jmp T_7.27;
T_7.21 ;
    %pushi/vec4 2, 0, 3;
    %assign/vec4 v0x58079310a6e0_0, 0;
    %jmp T_7.27;
T_7.22 ;
    %pushi/vec4 7, 0, 3;
    %assign/vec4 v0x58079310a6e0_0, 0;
    %jmp T_7.27;
T_7.23 ;
    %pushi/vec4 3, 0, 3;
    %assign/vec4 v0x58079310a6e0_0, 0;
    %jmp T_7.27;
T_7.24 ;
    %pushi/vec4 5, 0, 3;
    %assign/vec4 v0x58079310a6e0_0, 0;
    %jmp T_7.27;
T_7.25 ;
    %pushi/vec4 4, 0, 3;
    %assign/vec4 v0x58079310a6e0_0, 0;
    %jmp T_7.27;
T_7.26 ;
    %pushi/vec4 6, 0, 3;
    %assign/vec4 v0x58079310a6e0_0, 0;
    %jmp T_7.27;
T_7.27 ;
    %pop/vec4 1;
    %jmp T_7.8;
T_7.8 ;
    %pop/vec4 1;
    %jmp T_7;
    .thread T_7, $push;
    .scope S_0x580793133760;
T_8 ;
    %pushi/vec4 0, 0, 32;
    %store/vec4 v0x580793134cf0_0, 0, 32;
T_8.0 ;
    %load/vec4 v0x580793134cf0_0;
    %cmpi/s 32, 0, 32;
    %jmp/0xz T_8.1, 5;
    %pushi/vec4 0, 0, 32;
    %ix/getv/s 4, v0x580793134cf0_0;
    %store/vec4a v0x580793133cc0, 4, 0;
    %load/vec4 v0x580793134cf0_0;
    %addi 1, 0, 32;
    %store/vec4 v0x580793134cf0_0, 0, 32;
    %jmp T_8.0;
T_8.1 ;
    %end;
    .thread T_8;
    .scope S_0x580793133760;
T_9 ;
    %wait E_0x58079310d860;
    %load/vec4 v0x580793133fa0_0;
    %flag_set/vec4 9;
    %flag_get/vec4 9;
    %jmp/0 T_9.2, 9;
    %load/vec4 v0x580793134100_0;
    %pad/u 32;
    %pushi/vec4 0, 0, 32;
    %cmp/ne;
    %flag_get/vec4 4;
    %and;
T_9.2;
    %flag_set/vec4 8;
    %jmp/0xz  T_9.0, 8;
    %load/vec4 v0x580793134040_0;
    %load/vec4 v0x580793134100_0;
    %pad/u 7;
    %ix/vec4 4;
    %store/vec4a v0x580793133cc0, 4, 0;
T_9.0 ;
    %jmp T_9;
    .thread T_9;
    .scope S_0x58079312ecb0;
T_10 ;
    %wait E_0x58079312fdc0;
    %load/vec4 v0x580793136250_0;
    %dup/vec4;
    %pushi/vec4 51, 0, 7;
    %cmp/z;
    %jmp/1 T_10.0, 4;
    %dup/vec4;
    %pushi/vec4 19, 0, 7;
    %cmp/z;
    %jmp/1 T_10.1, 4;
    %dup/vec4;
    %pushi/vec4 103, 0, 7;
    %cmp/z;
    %jmp/1 T_10.2, 4;
    %dup/vec4;
    %pushi/vec4 3, 0, 7;
    %cmp/z;
    %jmp/1 T_10.3, 4;
    %dup/vec4;
    %pushi/vec4 115, 0, 7;
    %cmp/z;
    %jmp/1 T_10.4, 4;
    %dup/vec4;
    %pushi/vec4 35, 0, 7;
    %cmp/z;
    %jmp/1 T_10.5, 4;
    %dup/vec4;
    %pushi/vec4 99, 0, 7;
    %cmp/z;
    %jmp/1 T_10.6, 4;
    %dup/vec4;
    %pushi/vec4 23, 0, 7;
    %cmp/z;
    %jmp/1 T_10.7, 4;
    %dup/vec4;
    %pushi/vec4 55, 0, 7;
    %cmp/z;
    %jmp/1 T_10.8, 4;
    %dup/vec4;
    %pushi/vec4 111, 0, 7;
    %cmp/z;
    %jmp/1 T_10.9, 4;
    %pushi/vec4 7, 0, 3;
    %assign/vec4 v0x580793135d40_0, 0;
    %jmp T_10.11;
T_10.0 ;
    %pushi/vec4 0, 0, 3;
    %assign/vec4 v0x580793135d40_0, 0;
    %jmp T_10.11;
T_10.1 ;
    %pushi/vec4 1, 0, 3;
    %assign/vec4 v0x580793135d40_0, 0;
    %jmp T_10.11;
T_10.2 ;
    %pushi/vec4 1, 0, 3;
    %assign/vec4 v0x580793135d40_0, 0;
    %jmp T_10.11;
T_10.3 ;
    %pushi/vec4 1, 0, 3;
    %assign/vec4 v0x580793135d40_0, 0;
    %jmp T_10.11;
T_10.4 ;
    %pushi/vec4 1, 0, 3;
    %assign/vec4 v0x580793135d40_0, 0;
    %jmp T_10.11;
T_10.5 ;
    %pushi/vec4 2, 0, 3;
    %assign/vec4 v0x580793135d40_0, 0;
    %jmp T_10.11;
T_10.6 ;
    %pushi/vec4 3, 0, 3;
    %assign/vec4 v0x580793135d40_0, 0;
    %jmp T_10.11;
T_10.7 ;
    %pushi/vec4 4, 0, 3;
    %assign/vec4 v0x580793135d40_0, 0;
    %jmp T_10.11;
T_10.8 ;
    %pushi/vec4 4, 0, 3;
    %assign/vec4 v0x580793135d40_0, 0;
    %jmp T_10.11;
T_10.9 ;
    %pushi/vec4 5, 0, 3;
    %assign/vec4 v0x580793135d40_0, 0;
    %jmp T_10.11;
T_10.11 ;
    %pop/vec4 1;
    %jmp T_10;
    .thread T_10, $push;
    .scope S_0x58079312ecb0;
T_11 ;
    %wait E_0x58079312fd60;
    %load/vec4 v0x580793135d40_0;
    %dup/vec4;
    %pushi/vec4 1, 0, 3;
    %cmp/u;
    %jmp/1 T_11.0, 6;
    %dup/vec4;
    %pushi/vec4 2, 0, 3;
    %cmp/u;
    %jmp/1 T_11.1, 6;
    %dup/vec4;
    %pushi/vec4 3, 0, 3;
    %cmp/u;
    %jmp/1 T_11.2, 6;
    %dup/vec4;
    %pushi/vec4 4, 0, 3;
    %cmp/u;
    %jmp/1 T_11.3, 6;
    %dup/vec4;
    %pushi/vec4 5, 0, 3;
    %cmp/u;
    %jmp/1 T_11.4, 6;
    %pushi/vec4 0, 0, 32;
    %assign/vec4 v0x580793136190_0, 0;
    %jmp T_11.6;
T_11.0 ;
    %load/vec4 v0x5807931360a0_0;
    %parti/s 1, 31, 6;
    %replicate 21;
    %load/vec4 v0x5807931360a0_0;
    %parti/s 11, 20, 6;
    %concat/vec4; draw_concat_vec4
    %assign/vec4 v0x580793136190_0, 0;
    %jmp T_11.6;
T_11.1 ;
    %load/vec4 v0x5807931360a0_0;
    %parti/s 1, 31, 6;
    %replicate 21;
    %load/vec4 v0x5807931360a0_0;
    %parti/s 6, 25, 6;
    %concat/vec4; draw_concat_vec4
    %load/vec4 v0x5807931360a0_0;
    %parti/s 5, 7, 4;
    %concat/vec4; draw_concat_vec4
    %assign/vec4 v0x580793136190_0, 0;
    %jmp T_11.6;
T_11.2 ;
    %load/vec4 v0x5807931360a0_0;
    %parti/s 1, 31, 6;
    %replicate 20;
    %load/vec4 v0x5807931360a0_0;
    %parti/s 1, 7, 4;
    %concat/vec4; draw_concat_vec4
    %load/vec4 v0x5807931360a0_0;
    %parti/s 6, 25, 6;
    %concat/vec4; draw_concat_vec4
    %load/vec4 v0x5807931360a0_0;
    %parti/s 4, 8, 5;
    %concat/vec4; draw_concat_vec4
    %concati/vec4 0, 0, 1;
    %assign/vec4 v0x580793136190_0, 0;
    %jmp T_11.6;
T_11.3 ;
    %load/vec4 v0x5807931360a0_0;
    %parti/s 20, 12, 5;
    %concati/vec4 0, 0, 12;
    %assign/vec4 v0x580793136190_0, 0;
    %jmp T_11.6;
T_11.4 ;
    %load/vec4 v0x5807931360a0_0;
    %parti/s 1, 31, 6;
    %replicate 11;
    %load/vec4 v0x5807931360a0_0;
    %parti/s 8, 12, 5;
    %concat/vec4; draw_concat_vec4
    %load/vec4 v0x5807931360a0_0;
    %parti/s 1, 20, 6;
    %concat/vec4; draw_concat_vec4
    %load/vec4 v0x5807931360a0_0;
    %parti/s 10, 21, 6;
    %concat/vec4; draw_concat_vec4
    %concati/vec4 0, 0, 1;
    %pad/u 32;
    %assign/vec4 v0x580793136190_0, 0;
    %jmp T_11.6;
T_11.6 ;
    %pop/vec4 1;
    %jmp T_11;
    .thread T_11, $push;
    .scope S_0x58079312ecb0;
T_12 ;
    %wait E_0x58079310d860;
    %load/vec4 v0x580793136830_0;
    %flag_set/vec4 8;
    %jmp/0xz  T_12.0, 8;
    %pushi/vec4 0, 0, 6;
    %assign/vec4 v0x580793135320_0, 0;
    %jmp T_12.1;
T_12.0 ;
    %load/vec4 v0x5807931368d0_0;
    %flag_set/vec4 8;
    %jmp/0xz  T_12.2, 8;
    %load/vec4 v0x5807931353c0_0;
    %dup/vec4;
    %pushi/vec4 0, 0, 2;
    %cmp/u;
    %jmp/1 T_12.4, 6;
    %dup/vec4;
    %pushi/vec4 1, 0, 2;
    %cmp/u;
    %jmp/1 T_12.5, 6;
    %dup/vec4;
    %pushi/vec4 2, 0, 2;
    %cmp/u;
    %jmp/1 T_12.6, 6;
    %jmp T_12.7;
T_12.4 ;
    %load/vec4 v0x580793135320_0;
    %addi 4, 0, 6;
    %assign/vec4 v0x580793135320_0, 0;
    %jmp T_12.7;
T_12.5 ;
    %load/vec4 v0x580793135320_0;
    %pad/u 32;
    %load/vec4 v0x580793136190_0;
    %add;
    %pad/u 6;
    %assign/vec4 v0x580793135320_0, 0;
    %jmp T_12.7;
T_12.6 ;
    %load/vec4 v0x5807931365c0_0;
    %load/vec4 v0x580793136190_0;
    %add;
    %pad/u 6;
    %assign/vec4 v0x580793135320_0, 0;
    %jmp T_12.7;
T_12.7 ;
    %pop/vec4 1;
T_12.2 ;
T_12.1 ;
    %jmp T_12;
    .thread T_12;
    .scope S_0x58079312ecb0;
T_13 ;
    %wait E_0x58079310d820;
    %load/vec4 v0x580793135230_0;
    %dup/vec4;
    %pushi/vec4 0, 0, 3;
    %cmp/u;
    %jmp/1 T_13.0, 6;
    %dup/vec4;
    %pushi/vec4 1, 0, 3;
    %cmp/u;
    %jmp/1 T_13.1, 6;
    %dup/vec4;
    %pushi/vec4 2, 0, 3;
    %cmp/u;
    %jmp/1 T_13.2, 6;
    %dup/vec4;
    %pushi/vec4 3, 0, 3;
    %cmp/u;
    %jmp/1 T_13.3, 6;
    %dup/vec4;
    %pushi/vec4 4, 0, 3;
    %cmp/u;
    %jmp/1 T_13.4, 6;
    %dup/vec4;
    %pushi/vec4 5, 0, 3;
    %cmp/u;
    %jmp/1 T_13.5, 6;
    %dup/vec4;
    %pushi/vec4 6, 0, 3;
    %cmp/u;
    %jmp/1 T_13.6, 6;
    %dup/vec4;
    %pushi/vec4 7, 0, 3;
    %cmp/u;
    %jmp/1 T_13.7, 6;
    %jmp T_13.8;
T_13.0 ;
    %load/vec4 v0x580793135880_0;
    %assign/vec4 v0x580793136420_0, 0;
    %jmp T_13.8;
T_13.1 ;
    %load/vec4 v0x580793135320_0;
    %pad/u 32;
    %addi 4, 0, 32;
    %assign/vec4 v0x580793136420_0, 0;
    %jmp T_13.8;
T_13.2 ;
    %load/vec4 v0x580793136190_0;
    %assign/vec4 v0x580793136420_0, 0;
    %jmp T_13.8;
T_13.3 ;
    %load/vec4 v0x580793135320_0;
    %pad/u 32;
    %load/vec4 v0x580793136190_0;
    %add;
    %assign/vec4 v0x580793136420_0, 0;
    %jmp T_13.8;
T_13.4 ;
    %load/vec4 v0x580793135b60_0;
    %parti/s 1, 7, 4;
    %replicate 24;
    %load/vec4 v0x580793135b60_0;
    %parti/s 8, 0, 2;
    %concat/vec4; draw_concat_vec4
    %assign/vec4 v0x580793136420_0, 0;
    %jmp T_13.8;
T_13.5 ;
    %load/vec4 v0x580793135b60_0;
    %parti/s 1, 15, 5;
    %replicate 16;
    %load/vec4 v0x580793135b60_0;
    %parti/s 16, 0, 2;
    %concat/vec4; draw_concat_vec4
    %assign/vec4 v0x580793136420_0, 0;
    %jmp T_13.8;
T_13.6 ;
    %load/vec4 v0x580793135b60_0;
    %assign/vec4 v0x580793136420_0, 0;
    %jmp T_13.8;
T_13.7 ;
    %load/vec4 v0x580793134f90_0;
    %pad/u 32;
    %assign/vec4 v0x580793136420_0, 0;
    %jmp T_13.8;
T_13.8 ;
    %pop/vec4 1;
    %jmp T_13;
    .thread T_13, $push;
    .scope S_0x580793105220;
T_14 ;
    %pushi/vec4 0, 0, 1;
    %store/vec4 v0x5807931372b0_0, 0, 1;
T_14.0 ;
    %delay 1, 0;
    %load/vec4 v0x5807931372b0_0;
    %inv;
    %store/vec4 v0x5807931372b0_0, 0, 1;
    %jmp T_14.0;
    %end;
    .thread T_14;
    .scope S_0x580793105220;
T_15 ;
    %pushi/vec4 1, 0, 1;
    %store/vec4 v0x580793137880_0, 0, 1;
    %pushi/vec4 0, 0, 1;
    %store/vec4 v0x5807931377e0_0, 0, 1;
    %delay 1, 0;
    %pushi/vec4 1, 0, 1;
    %store/vec4 v0x5807931377e0_0, 0, 1;
    %delay 1, 0;
    %pushi/vec4 0, 0, 1;
    %store/vec4 v0x5807931377e0_0, 0, 1;
    %delay 1, 0;
    %end;
    .thread T_15;
    .scope S_0x580793105220;
T_16 ;
    %vpi_call/w 3 52 "$dumpfile", "control_unit_tb.vcd" {0 0 0};
    %vpi_call/w 3 53 "$dumpvars", 32'sb00000000000000000000000000000000, S_0x580793105220 {0 0 0};
    %delay 1, 0;
    %pushi/vec4 51, 0, 32;
    %store/vec4 v0x5807931376f0_0, 0, 32;
    %delay 1, 0;
    %pushi/vec4 19, 0, 32;
    %store/vec4 v0x5807931376f0_0, 0, 32;
    %delay 1, 0;
    %pushi/vec4 3146131, 0, 32;
    %store/vec4 v0x5807931376f0_0, 0, 32;
    %delay 1, 0;
    %pushi/vec4 2097427, 0, 32;
    %store/vec4 v0x5807931376f0_0, 0, 32;
    %delay 1, 0;
    %pushi/vec4 1073741875, 0, 32;
    %store/vec4 v0x5807931376f0_0, 0, 32;
    %delay 1, 0;
    %pushi/vec4 28723, 0, 32;
    %store/vec4 v0x5807931376f0_0, 0, 32;
    %delay 1, 0;
    %pushi/vec4 28691, 0, 32;
    %store/vec4 v0x5807931376f0_0, 0, 32;
    %delay 1, 0;
    %pushi/vec4 24627, 0, 32;
    %store/vec4 v0x5807931376f0_0, 0, 32;
    %delay 1, 0;
    %pushi/vec4 24595, 0, 32;
    %store/vec4 v0x5807931376f0_0, 0, 32;
    %delay 1, 0;
    %pushi/vec4 16435, 0, 32;
    %store/vec4 v0x5807931376f0_0, 0, 32;
    %delay 1, 0;
    %pushi/vec4 16403, 0, 32;
    %store/vec4 v0x5807931376f0_0, 0, 32;
    %delay 1, 0;
    %pushi/vec4 4147, 0, 32;
    %store/vec4 v0x5807931376f0_0, 0, 32;
    %delay 1, 0;
    %pushi/vec4 4115, 0, 32;
    %store/vec4 v0x5807931376f0_0, 0, 32;
    %delay 1, 0;
    %pushi/vec4 20531, 0, 32;
    %store/vec4 v0x5807931376f0_0, 0, 32;
    %delay 1, 0;
    %pushi/vec4 20499, 0, 32;
    %store/vec4 v0x5807931376f0_0, 0, 32;
    %delay 1, 0;
    %pushi/vec4 1073762355, 0, 32;
    %store/vec4 v0x5807931376f0_0, 0, 32;
    %delay 1, 0;
    %pushi/vec4 1073762323, 0, 32;
    %store/vec4 v0x5807931376f0_0, 0, 32;
    %delay 1, 0;
    %pushi/vec4 8243, 0, 32;
    %store/vec4 v0x5807931376f0_0, 0, 32;
    %delay 1, 0;
    %pushi/vec4 2204211, 0, 32;
    %store/vec4 v0x5807931376f0_0, 0, 32;
    %delay 1, 0;
    %pushi/vec4 3220019, 0, 32;
    %store/vec4 v0x5807931376f0_0, 0, 32;
    %delay 1, 0;
    %pushi/vec4 8211, 0, 32;
    %store/vec4 v0x5807931376f0_0, 0, 32;
    %delay 1, 0;
    %pushi/vec4 3220115, 0, 32;
    %store/vec4 v0x5807931376f0_0, 0, 32;
    %delay 1, 0;
    %pushi/vec4 8195, 0, 32;
    %store/vec4 v0x5807931376f0_0, 0, 32;
    %delay 1, 0;
    %pushi/vec4 4099, 0, 32;
    %store/vec4 v0x5807931376f0_0, 0, 32;
    %delay 1, 0;
    %pushi/vec4 3, 0, 32;
    %store/vec4 v0x5807931376f0_0, 0, 32;
    %delay 1, 0;
    %pushi/vec4 35, 0, 32;
    %store/vec4 v0x5807931376f0_0, 0, 32;
    %delay 1, 0;
    %pushi/vec4 4131, 0, 32;
    %store/vec4 v0x5807931376f0_0, 0, 32;
    %delay 1, 0;
    %pushi/vec4 8227, 0, 32;
    %store/vec4 v0x5807931376f0_0, 0, 32;
    %delay 1, 0;
    %pushi/vec4 99, 0, 32;
    %store/vec4 v0x5807931376f0_0, 0, 32;
    %delay 1, 0;
    %pushi/vec4 4195, 0, 32;
    %store/vec4 v0x5807931376f0_0, 0, 32;
    %delay 1, 0;
    %pushi/vec4 20579, 0, 32;
    %store/vec4 v0x5807931376f0_0, 0, 32;
    %delay 1, 0;
    %pushi/vec4 16483, 0, 32;
    %store/vec4 v0x5807931376f0_0, 0, 32;
    %delay 1, 0;
    %pushi/vec4 55, 0, 32;
    %store/vec4 v0x5807931376f0_0, 0, 32;
    %delay 1, 0;
    %pushi/vec4 23, 0, 32;
    %store/vec4 v0x5807931376f0_0, 0, 32;
    %delay 1, 0;
    %pushi/vec4 111, 0, 32;
    %store/vec4 v0x5807931376f0_0, 0, 32;
    %delay 1, 0;
    %pushi/vec4 103, 0, 32;
    %store/vec4 v0x5807931376f0_0, 0, 32;
    %delay 1, 0;
    %pushi/vec4 1048691, 0, 32;
    %store/vec4 v0x5807931376f0_0, 0, 32;
    %vpi_call/w 3 91 "$finish" {0 0 0};
    %end;
    .thread T_16;
# The file index is used to find the file name in the following table.
:file_names 8;
    "N/A";
    "<interactive>";
    "-";
    "riscv_tb.v";
    "datapath.v";
    "ram.v";
    "alu.v";
    "registerfile.v";
