#! /usr/bin/vvp
:ivl_version "12.0 (stable)" "(v12_0-dirty)";
:ivl_delay_selection "TYPICAL";
:vpi_time_precision + 0;
:vpi_module "/usr/lib/ivl/system.vpi";
:vpi_module "/usr/lib/ivl/vhdl_sys.vpi";
:vpi_module "/usr/lib/ivl/vhdl_textio.vpi";
:vpi_module "/usr/lib/ivl/v2005_math.vpi";
:vpi_module "/usr/lib/ivl/va_math.vpi";
S_0x609793a3e240 .scope module, "ham74" "ham74" 2 1;
 .timescale 0 0;
    .port_info 0 /INPUT 7 "data_in";
    .port_info 1 /OUTPUT 1 "err_detect";
    .port_info 2 /OUTPUT 7 "data_out";
L_0x609793a6b290 .functor OR 1, v0x609793a6a8f0_0, v0x609793a6aa70_0, C4<0>, C4<0>;
L_0x609793a6b360 .functor OR 1, L_0x609793a6b290, v0x609793a6abf0_0, C4<0>, C4<0>;
v0x609793a3e420_0 .net *"_ivl_14", 0 0, L_0x609793a6b290;  1 drivers
v0x609793a6a280_0 .net "d1", 0 0, L_0x609793a6ae70;  1 drivers
v0x609793a6a340_0 .net "d2", 0 0, L_0x609793a6b070;  1 drivers
v0x609793a6a3e0_0 .net "d3", 0 0, L_0x609793a6b110;  1 drivers
v0x609793a6a4a0_0 .net "d4", 0 0, L_0x609793a6b1f0;  1 drivers
o0x7b8bd61c6108 .functor BUFZ 7, C4<zzzzzzz>; HiZ drive
v0x609793a6a5b0_0 .net "data_in", 6 0, o0x7b8bd61c6108;  0 drivers
v0x609793a6a690_0 .var "data_out", 6 0;
v0x609793a6a770_0 .net "err_detect", 0 0, L_0x609793a6b360;  1 drivers
v0x609793a6a830_0 .net "p1", 0 0, L_0x609793a6ad30;  1 drivers
v0x609793a6a8f0_0 .var "p1_err", 0 0;
v0x609793a6a9b0_0 .net "p2", 0 0, L_0x609793a6add0;  1 drivers
v0x609793a6aa70_0 .var "p2_err", 0 0;
v0x609793a6ab30_0 .net "p3", 0 0, L_0x609793a6af10;  1 drivers
v0x609793a6abf0_0 .var "p3_err", 0 0;
E_0x609793a49380/0 .event anyedge, v0x609793a6abf0_0, v0x609793a6aa70_0, v0x609793a6a8f0_0, v0x609793a6a4a0_0;
E_0x609793a49380/1 .event anyedge, v0x609793a6a3e0_0, v0x609793a6a340_0, v0x609793a6ab30_0, v0x609793a6a280_0;
E_0x609793a49380/2 .event anyedge, v0x609793a6a9b0_0, v0x609793a6a830_0;
E_0x609793a49380 .event/or E_0x609793a49380/0, E_0x609793a49380/1, E_0x609793a49380/2;
E_0x609793a4a9b0/0 .event anyedge, v0x609793a6a280_0, v0x609793a6a340_0, v0x609793a6a4a0_0, v0x609793a6a830_0;
E_0x609793a4a9b0/1 .event anyedge, v0x609793a6a3e0_0, v0x609793a6a9b0_0, v0x609793a6ab30_0;
E_0x609793a4a9b0 .event/or E_0x609793a4a9b0/0, E_0x609793a4a9b0/1;
L_0x609793a6ad30 .part o0x7b8bd61c6108, 0, 1;
L_0x609793a6add0 .part o0x7b8bd61c6108, 1, 1;
L_0x609793a6ae70 .part o0x7b8bd61c6108, 2, 1;
L_0x609793a6af10 .part o0x7b8bd61c6108, 3, 1;
L_0x609793a6b070 .part o0x7b8bd61c6108, 4, 1;
L_0x609793a6b110 .part o0x7b8bd61c6108, 5, 1;
L_0x609793a6b1f0 .part o0x7b8bd61c6108, 6, 1;
    .scope S_0x609793a3e240;
T_0 ;
    %wait E_0x609793a4a9b0;
    %load/vec4 v0x609793a6a280_0;
    %load/vec4 v0x609793a6a340_0;
    %concat/vec4; draw_concat_vec4
    %load/vec4 v0x609793a6a4a0_0;
    %concat/vec4; draw_concat_vec4
    %load/vec4 v0x609793a6a830_0;
    %concat/vec4; draw_concat_vec4
    %dup/vec4;
    %pushi/vec4 0, 0, 4;
    %cmp/u;
    %jmp/1 T_0.0, 6;
    %dup/vec4;
    %pushi/vec4 3, 0, 4;
    %cmp/u;
    %jmp/1 T_0.1, 6;
    %dup/vec4;
    %pushi/vec4 5, 0, 4;
    %cmp/u;
    %jmp/1 T_0.2, 6;
    %dup/vec4;
    %pushi/vec4 6, 0, 4;
    %cmp/u;
    %jmp/1 T_0.3, 6;
    %dup/vec4;
    %pushi/vec4 9, 0, 4;
    %cmp/u;
    %jmp/1 T_0.4, 6;
    %dup/vec4;
    %pushi/vec4 10, 0, 4;
    %cmp/u;
    %jmp/1 T_0.5, 6;
    %dup/vec4;
    %pushi/vec4 12, 0, 4;
    %cmp/u;
    %jmp/1 T_0.6, 6;
    %dup/vec4;
    %pushi/vec4 15, 0, 4;
    %cmp/u;
    %jmp/1 T_0.7, 6;
    %pushi/vec4 1, 0, 1;
    %assign/vec4 v0x609793a6a8f0_0, 0;
    %jmp T_0.9;
T_0.0 ;
    %pushi/vec4 0, 0, 1;
    %assign/vec4 v0x609793a6a8f0_0, 0;
    %jmp T_0.9;
T_0.1 ;
    %pushi/vec4 0, 0, 1;
    %assign/vec4 v0x609793a6a8f0_0, 0;
    %jmp T_0.9;
T_0.2 ;
    %pushi/vec4 0, 0, 1;
    %assign/vec4 v0x609793a6a8f0_0, 0;
    %jmp T_0.9;
T_0.3 ;
    %pushi/vec4 0, 0, 1;
    %assign/vec4 v0x609793a6a8f0_0, 0;
    %jmp T_0.9;
T_0.4 ;
    %pushi/vec4 0, 0, 1;
    %assign/vec4 v0x609793a6a8f0_0, 0;
    %jmp T_0.9;
T_0.5 ;
    %pushi/vec4 0, 0, 1;
    %assign/vec4 v0x609793a6a8f0_0, 0;
    %jmp T_0.9;
T_0.6 ;
    %pushi/vec4 0, 0, 1;
    %assign/vec4 v0x609793a6a8f0_0, 0;
    %jmp T_0.9;
T_0.7 ;
    %pushi/vec4 0, 0, 1;
    %assign/vec4 v0x609793a6a8f0_0, 0;
    %jmp T_0.9;
T_0.9 ;
    %pop/vec4 1;
    %load/vec4 v0x609793a6a280_0;
    %load/vec4 v0x609793a6a3e0_0;
    %concat/vec4; draw_concat_vec4
    %load/vec4 v0x609793a6a4a0_0;
    %concat/vec4; draw_concat_vec4
    %load/vec4 v0x609793a6a9b0_0;
    %concat/vec4; draw_concat_vec4
    %dup/vec4;
    %pushi/vec4 0, 0, 4;
    %cmp/u;
    %jmp/1 T_0.10, 6;
    %dup/vec4;
    %pushi/vec4 3, 0, 4;
    %cmp/u;
    %jmp/1 T_0.11, 6;
    %dup/vec4;
    %pushi/vec4 5, 0, 4;
    %cmp/u;
    %jmp/1 T_0.12, 6;
    %dup/vec4;
    %pushi/vec4 6, 0, 4;
    %cmp/u;
    %jmp/1 T_0.13, 6;
    %dup/vec4;
    %pushi/vec4 9, 0, 4;
    %cmp/u;
    %jmp/1 T_0.14, 6;
    %dup/vec4;
    %pushi/vec4 10, 0, 4;
    %cmp/u;
    %jmp/1 T_0.15, 6;
    %dup/vec4;
    %pushi/vec4 12, 0, 4;
    %cmp/u;
    %jmp/1 T_0.16, 6;
    %dup/vec4;
    %pushi/vec4 15, 0, 4;
    %cmp/u;
    %jmp/1 T_0.17, 6;
    %pushi/vec4 1, 0, 1;
    %assign/vec4 v0x609793a6aa70_0, 0;
    %jmp T_0.19;
T_0.10 ;
    %pushi/vec4 0, 0, 1;
    %assign/vec4 v0x609793a6aa70_0, 0;
    %jmp T_0.19;
T_0.11 ;
    %pushi/vec4 0, 0, 1;
    %assign/vec4 v0x609793a6aa70_0, 0;
    %jmp T_0.19;
T_0.12 ;
    %pushi/vec4 0, 0, 1;
    %assign/vec4 v0x609793a6aa70_0, 0;
    %jmp T_0.19;
T_0.13 ;
    %pushi/vec4 0, 0, 1;
    %assign/vec4 v0x609793a6aa70_0, 0;
    %jmp T_0.19;
T_0.14 ;
    %pushi/vec4 0, 0, 1;
    %assign/vec4 v0x609793a6aa70_0, 0;
    %jmp T_0.19;
T_0.15 ;
    %pushi/vec4 0, 0, 1;
    %assign/vec4 v0x609793a6aa70_0, 0;
    %jmp T_0.19;
T_0.16 ;
    %pushi/vec4 0, 0, 1;
    %assign/vec4 v0x609793a6aa70_0, 0;
    %jmp T_0.19;
T_0.17 ;
    %pushi/vec4 0, 0, 1;
    %assign/vec4 v0x609793a6aa70_0, 0;
    %jmp T_0.19;
T_0.19 ;
    %pop/vec4 1;
    %load/vec4 v0x609793a6a340_0;
    %load/vec4 v0x609793a6a3e0_0;
    %concat/vec4; draw_concat_vec4
    %load/vec4 v0x609793a6a4a0_0;
    %concat/vec4; draw_concat_vec4
    %load/vec4 v0x609793a6ab30_0;
    %concat/vec4; draw_concat_vec4
    %dup/vec4;
    %pushi/vec4 0, 0, 4;
    %cmp/u;
    %jmp/1 T_0.20, 6;
    %dup/vec4;
    %pushi/vec4 3, 0, 4;
    %cmp/u;
    %jmp/1 T_0.21, 6;
    %dup/vec4;
    %pushi/vec4 5, 0, 4;
    %cmp/u;
    %jmp/1 T_0.22, 6;
    %dup/vec4;
    %pushi/vec4 6, 0, 4;
    %cmp/u;
    %jmp/1 T_0.23, 6;
    %dup/vec4;
    %pushi/vec4 9, 0, 4;
    %cmp/u;
    %jmp/1 T_0.24, 6;
    %dup/vec4;
    %pushi/vec4 10, 0, 4;
    %cmp/u;
    %jmp/1 T_0.25, 6;
    %dup/vec4;
    %pushi/vec4 12, 0, 4;
    %cmp/u;
    %jmp/1 T_0.26, 6;
    %dup/vec4;
    %pushi/vec4 15, 0, 4;
    %cmp/u;
    %jmp/1 T_0.27, 6;
    %pushi/vec4 1, 0, 1;
    %assign/vec4 v0x609793a6abf0_0, 0;
    %jmp T_0.29;
T_0.20 ;
    %pushi/vec4 0, 0, 1;
    %assign/vec4 v0x609793a6abf0_0, 0;
    %jmp T_0.29;
T_0.21 ;
    %pushi/vec4 0, 0, 1;
    %assign/vec4 v0x609793a6abf0_0, 0;
    %jmp T_0.29;
T_0.22 ;
    %pushi/vec4 0, 0, 1;
    %assign/vec4 v0x609793a6abf0_0, 0;
    %jmp T_0.29;
T_0.23 ;
    %pushi/vec4 0, 0, 1;
    %assign/vec4 v0x609793a6abf0_0, 0;
    %jmp T_0.29;
T_0.24 ;
    %pushi/vec4 0, 0, 1;
    %assign/vec4 v0x609793a6abf0_0, 0;
    %jmp T_0.29;
T_0.25 ;
    %pushi/vec4 0, 0, 1;
    %assign/vec4 v0x609793a6abf0_0, 0;
    %jmp T_0.29;
T_0.26 ;
    %pushi/vec4 0, 0, 1;
    %assign/vec4 v0x609793a6abf0_0, 0;
    %jmp T_0.29;
T_0.27 ;
    %pushi/vec4 0, 0, 1;
    %assign/vec4 v0x609793a6abf0_0, 0;
    %jmp T_0.29;
T_0.29 ;
    %pop/vec4 1;
    %jmp T_0;
    .thread T_0, $push;
    .scope S_0x609793a3e240;
T_1 ;
    %wait E_0x609793a49380;
    %load/vec4 v0x609793a6abf0_0;
    %load/vec4 v0x609793a6aa70_0;
    %concat/vec4; draw_concat_vec4
    %load/vec4 v0x609793a6a8f0_0;
    %concat/vec4; draw_concat_vec4
    %dup/vec4;
    %pushi/vec4 1, 0, 3;
    %cmp/u;
    %jmp/1 T_1.0, 6;
    %dup/vec4;
    %pushi/vec4 2, 0, 3;
    %cmp/u;
    %jmp/1 T_1.1, 6;
    %dup/vec4;
    %pushi/vec4 3, 0, 3;
    %cmp/u;
    %jmp/1 T_1.2, 6;
    %dup/vec4;
    %pushi/vec4 4, 0, 3;
    %cmp/u;
    %jmp/1 T_1.3, 6;
    %dup/vec4;
    %pushi/vec4 5, 0, 3;
    %cmp/u;
    %jmp/1 T_1.4, 6;
    %dup/vec4;
    %pushi/vec4 6, 0, 3;
    %cmp/u;
    %jmp/1 T_1.5, 6;
    %dup/vec4;
    %pushi/vec4 7, 0, 3;
    %cmp/u;
    %jmp/1 T_1.6, 6;
    %load/vec4 v0x609793a6a4a0_0;
    %load/vec4 v0x609793a6a3e0_0;
    %concat/vec4; draw_concat_vec4
    %load/vec4 v0x609793a6a340_0;
    %concat/vec4; draw_concat_vec4
    %load/vec4 v0x609793a6ab30_0;
    %concat/vec4; draw_concat_vec4
    %load/vec4 v0x609793a6a280_0;
    %concat/vec4; draw_concat_vec4
    %load/vec4 v0x609793a6a9b0_0;
    %concat/vec4; draw_concat_vec4
    %load/vec4 v0x609793a6a830_0;
    %concat/vec4; draw_concat_vec4
    %assign/vec4 v0x609793a6a690_0, 0;
    %jmp T_1.8;
T_1.0 ;
    %load/vec4 v0x609793a6a4a0_0;
    %load/vec4 v0x609793a6a3e0_0;
    %concat/vec4; draw_concat_vec4
    %load/vec4 v0x609793a6a340_0;
    %concat/vec4; draw_concat_vec4
    %load/vec4 v0x609793a6ab30_0;
    %concat/vec4; draw_concat_vec4
    %load/vec4 v0x609793a6a280_0;
    %concat/vec4; draw_concat_vec4
    %load/vec4 v0x609793a6a9b0_0;
    %concat/vec4; draw_concat_vec4
    %load/vec4 v0x609793a6a830_0;
    %inv;
    %concat/vec4; draw_concat_vec4
    %assign/vec4 v0x609793a6a690_0, 0;
    %jmp T_1.8;
T_1.1 ;
    %load/vec4 v0x609793a6a4a0_0;
    %load/vec4 v0x609793a6a3e0_0;
    %concat/vec4; draw_concat_vec4
    %load/vec4 v0x609793a6a340_0;
    %concat/vec4; draw_concat_vec4
    %load/vec4 v0x609793a6ab30_0;
    %concat/vec4; draw_concat_vec4
    %load/vec4 v0x609793a6a280_0;
    %concat/vec4; draw_concat_vec4
    %load/vec4 v0x609793a6a9b0_0;
    %inv;
    %concat/vec4; draw_concat_vec4
    %load/vec4 v0x609793a6a830_0;
    %concat/vec4; draw_concat_vec4
    %assign/vec4 v0x609793a6a690_0, 0;
    %jmp T_1.8;
T_1.2 ;
    %load/vec4 v0x609793a6a4a0_0;
    %load/vec4 v0x609793a6a3e0_0;
    %concat/vec4; draw_concat_vec4
    %load/vec4 v0x609793a6a340_0;
    %concat/vec4; draw_concat_vec4
    %load/vec4 v0x609793a6ab30_0;
    %concat/vec4; draw_concat_vec4
    %load/vec4 v0x609793a6a280_0;
    %inv;
    %concat/vec4; draw_concat_vec4
    %load/vec4 v0x609793a6a9b0_0;
    %concat/vec4; draw_concat_vec4
    %load/vec4 v0x609793a6a830_0;
    %concat/vec4; draw_concat_vec4
    %assign/vec4 v0x609793a6a690_0, 0;
    %jmp T_1.8;
T_1.3 ;
    %load/vec4 v0x609793a6a4a0_0;
    %load/vec4 v0x609793a6a3e0_0;
    %concat/vec4; draw_concat_vec4
    %load/vec4 v0x609793a6a340_0;
    %concat/vec4; draw_concat_vec4
    %load/vec4 v0x609793a6ab30_0;
    %inv;
    %concat/vec4; draw_concat_vec4
    %load/vec4 v0x609793a6a280_0;
    %concat/vec4; draw_concat_vec4
    %load/vec4 v0x609793a6a9b0_0;
    %concat/vec4; draw_concat_vec4
    %load/vec4 v0x609793a6a830_0;
    %concat/vec4; draw_concat_vec4
    %assign/vec4 v0x609793a6a690_0, 0;
    %jmp T_1.8;
T_1.4 ;
    %load/vec4 v0x609793a6a4a0_0;
    %load/vec4 v0x609793a6a3e0_0;
    %concat/vec4; draw_concat_vec4
    %load/vec4 v0x609793a6a340_0;
    %inv;
    %concat/vec4; draw_concat_vec4
    %load/vec4 v0x609793a6ab30_0;
    %concat/vec4; draw_concat_vec4
    %load/vec4 v0x609793a6a280_0;
    %concat/vec4; draw_concat_vec4
    %load/vec4 v0x609793a6a9b0_0;
    %concat/vec4; draw_concat_vec4
    %load/vec4 v0x609793a6a830_0;
    %concat/vec4; draw_concat_vec4
    %assign/vec4 v0x609793a6a690_0, 0;
    %jmp T_1.8;
T_1.5 ;
    %load/vec4 v0x609793a6a4a0_0;
    %load/vec4 v0x609793a6a3e0_0;
    %inv;
    %concat/vec4; draw_concat_vec4
    %load/vec4 v0x609793a6a340_0;
    %concat/vec4; draw_concat_vec4
    %load/vec4 v0x609793a6ab30_0;
    %concat/vec4; draw_concat_vec4
    %load/vec4 v0x609793a6a280_0;
    %concat/vec4; draw_concat_vec4
    %load/vec4 v0x609793a6a9b0_0;
    %concat/vec4; draw_concat_vec4
    %load/vec4 v0x609793a6a830_0;
    %concat/vec4; draw_concat_vec4
    %assign/vec4 v0x609793a6a690_0, 0;
    %jmp T_1.8;
T_1.6 ;
    %load/vec4 v0x609793a6a4a0_0;
    %inv;
    %load/vec4 v0x609793a6a3e0_0;
    %concat/vec4; draw_concat_vec4
    %load/vec4 v0x609793a6a340_0;
    %concat/vec4; draw_concat_vec4
    %load/vec4 v0x609793a6ab30_0;
    %concat/vec4; draw_concat_vec4
    %load/vec4 v0x609793a6a280_0;
    %concat/vec4; draw_concat_vec4
    %load/vec4 v0x609793a6a9b0_0;
    %concat/vec4; draw_concat_vec4
    %load/vec4 v0x609793a6a830_0;
    %concat/vec4; draw_concat_vec4
    %assign/vec4 v0x609793a6a690_0, 0;
    %jmp T_1.8;
T_1.8 ;
    %pop/vec4 1;
    %jmp T_1;
    .thread T_1, $push;
# The file index is used to find the file name in the following table.
:file_names 3;
    "N/A";
    "<interactive>";
    "ham74.v";
