#! /usr/bin/vvp
:ivl_version "12.0 (stable)" "(v12_0-dirty)";
:ivl_delay_selection "TYPICAL";
:vpi_time_precision + 0;
:vpi_module "/usr/lib/ivl/system.vpi";
:vpi_module "/usr/lib/ivl/vhdl_sys.vpi";
:vpi_module "/usr/lib/ivl/vhdl_textio.vpi";
:vpi_module "/usr/lib/ivl/v2005_math.vpi";
:vpi_module "/usr/lib/ivl/va_math.vpi";
S_0x5a9802eb7550 .scope module, "tb" "tb" 2 8;
 .timescale 0 0;
P_0x5a9802eb76e0 .param/l "W" 0 2 10, +C4<00000000000000000000000000010010>;
v0x5a9802edda70_0 .net "bcd", 23 0, L_0x5a9802ede090;  1 drivers
v0x5a9802eddb50_0 .var "bin", 17 0;
v0x5a9802eddbf0_0 .var "clk", 0 0;
v0x5a9802eddcf0_0 .net "done", 0 0, L_0x5a9802eddfd0;  1 drivers
v0x5a9802edddc0_0 .var/i "i", 31 0;
v0x5a9802edde60_0 .var "rst", 0 0;
v0x5a9802eddf00_0 .var "start", 0 0;
S_0x5a9802eb7780 .scope module, "DUT" "double_dabble" 2 17, 2 87 0, S_0x5a9802eb7550;
 .timescale 0 0;
    .port_info 0 /INPUT 1 "clk";
    .port_info 1 /INPUT 1 "rst";
    .port_info 2 /INPUT 1 "start";
    .port_info 3 /INPUT 18 "binary";
    .port_info 4 /OUTPUT 1 "done";
    .port_info 5 /OUTPUT 24 "bcd";
P_0x5a9802eb7960 .param/l "W" 0 2 88, +C4<00000000000000000000000000010010>;
L_0x5a9802eddfd0 .functor BUFZ 1, v0x5a9802edd4f0_0, C4<0>, C4<0>, C4<0>;
L_0x5a9802ede090 .functor BUFZ 24, v0x5a9802edd0c0_0, C4<000000000000000000000000>, C4<000000000000000000000000>, C4<000000000000000000000000>;
v0x5a9802edce80_0 .net "bcd", 23 0, L_0x5a9802ede090;  alias, 1 drivers
v0x5a9802edcf60_0 .var "bcd_i", 3 0;
v0x5a9802edd020_0 .net "bcd_o", 3 0, L_0x5a9802eee600;  1 drivers
v0x5a9802edd0c0_0 .var "bcd_reg", 23 0;
v0x5a9802edd160_0 .var "bin_reg", 17 0;
v0x5a9802edd290_0 .net "binary", 17 0, v0x5a9802eddb50_0;  1 drivers
v0x5a9802edd370_0 .net "clk", 0 0, v0x5a9802eddbf0_0;  1 drivers
v0x5a9802edd430_0 .net "done", 0 0, L_0x5a9802eddfd0;  alias, 1 drivers
v0x5a9802edd4f0_0 .var "done_reg", 0 0;
v0x5a9802edd5b0_0 .var/i "i", 31 0;
v0x5a9802edd690_0 .var/i "j", 31 0;
v0x5a9802edd770_0 .var "passarbit_reg", 0 0;
v0x5a9802edd830_0 .net "rst", 0 0, v0x5a9802edde60_0;  1 drivers
v0x5a9802edd8f0_0 .net "start", 0 0, v0x5a9802eddf00_0;  1 drivers
E_0x5a9802e787a0 .event posedge, v0x5a9802edd370_0;
S_0x5a9802eb10d0 .scope module, "add" "add3or0" 2 194, 2 2 0, S_0x5a9802eb7780;
 .timescale 0 0;
    .port_info 0 /INPUT 4 "bcd_i";
    .port_info 1 /OUTPUT 4 "bcd_o";
v0x5a9802eb12b0_0 .net *"_ivl_0", 31 0, L_0x5a9802ede150;  1 drivers
v0x5a9802edc7f0_0 .net *"_ivl_10", 3 0, L_0x5a9802eee470;  1 drivers
L_0x79b915093018 .functor BUFT 1, C4<0000000000000000000000000000>, C4<0>, C4<0>, C4<0>;
v0x5a9802edc8d0_0 .net *"_ivl_3", 27 0, L_0x79b915093018;  1 drivers
L_0x79b915093060 .functor BUFT 1, C4<00000000000000000000000000000101>, C4<0>, C4<0>, C4<0>;
v0x5a9802edc990_0 .net/2u *"_ivl_4", 31 0, L_0x79b915093060;  1 drivers
v0x5a9802edca70_0 .net *"_ivl_6", 0 0, L_0x5a9802eee300;  1 drivers
L_0x79b9150930a8 .functor BUFT 1, C4<0011>, C4<0>, C4<0>, C4<0>;
v0x5a9802edcb80_0 .net/2u *"_ivl_8", 3 0, L_0x79b9150930a8;  1 drivers
v0x5a9802edcc60_0 .net "bcd_i", 3 0, v0x5a9802edcf60_0;  1 drivers
v0x5a9802edcd40_0 .net "bcd_o", 3 0, L_0x5a9802eee600;  alias, 1 drivers
L_0x5a9802ede150 .concat [ 4 28 0 0], v0x5a9802edcf60_0, L_0x79b915093018;
L_0x5a9802eee300 .cmp/gt 32, L_0x79b915093060, L_0x5a9802ede150;
L_0x5a9802eee470 .arith/sum 4, v0x5a9802edcf60_0, L_0x79b9150930a8;
L_0x5a9802eee600 .functor MUXZ 4, L_0x5a9802eee470, v0x5a9802edcf60_0, L_0x5a9802eee300, C4<>;
    .scope S_0x5a9802eb7780;
T_0 ;
    %pushi/vec4 0, 0, 1;
    %store/vec4 v0x5a9802edd4f0_0, 0, 1;
    %pushi/vec4 0, 0, 24;
    %store/vec4 v0x5a9802edd0c0_0, 0, 24;
    %end;
    .thread T_0;
    .scope S_0x5a9802eb7780;
T_1 ;
    %wait E_0x5a9802e787a0;
    %load/vec4 v0x5a9802edd290_0;
    %store/vec4 v0x5a9802edd160_0, 0, 18;
    %delay 1, 0;
    %load/vec4 v0x5a9802edd8f0_0;
    %pad/u 32;
    %cmpi/e 0, 0, 32;
    %jmp/0xz  T_1.0, 4;
    %pushi/vec4 0, 0, 1;
    %store/vec4 v0x5a9802edd4f0_0, 0, 1;
    %pushi/vec4 0, 0, 24;
    %store/vec4 v0x5a9802edd0c0_0, 0, 24;
    %delay 1, 0;
    %jmp T_1.1;
T_1.0 ;
    %load/vec4 v0x5a9802edd8f0_0;
    %pad/u 32;
    %cmpi/e 1, 0, 32;
    %jmp/0xz  T_1.2, 4;
    %pushi/vec4 0, 0, 32;
    %store/vec4 v0x5a9802edd5b0_0, 0, 32;
T_1.4 ;
    %load/vec4 v0x5a9802edd5b0_0;
    %cmpi/s 18, 0, 32;
    %jmp/0xz T_1.5, 5;
    %pushi/vec4 0, 0, 32;
    %store/vec4 v0x5a9802edd690_0, 0, 32;
T_1.6 ;
    %load/vec4 v0x5a9802edd690_0;
    %cvt/rv/s;
    %pushi/real 1610612736, 4068; load=6.00000
    %cmp/wr;
    %jmp/0xz T_1.7, 5;
    %load/vec4 v0x5a9802edd690_0;
    %cmpi/e 0, 0, 32;
    %jmp/0xz  T_1.8, 4;
    %load/vec4 v0x5a9802edd0c0_0;
    %parti/s 4, 0, 2;
    %store/vec4 v0x5a9802edcf60_0, 0, 4;
    %delay 1, 0;
    %load/vec4 v0x5a9802edd020_0;
    %ix/load 4, 0, 0;
    %flag_set/imm 4, 0;
    %store/vec4 v0x5a9802edd0c0_0, 4, 4;
    %jmp T_1.9;
T_1.8 ;
    %load/vec4 v0x5a9802edd690_0;
    %cmpi/e 1, 0, 32;
    %jmp/0xz  T_1.10, 4;
    %load/vec4 v0x5a9802edd0c0_0;
    %parti/s 4, 4, 4;
    %store/vec4 v0x5a9802edcf60_0, 0, 4;
    %delay 1, 0;
    %load/vec4 v0x5a9802edd020_0;
    %ix/load 4, 4, 0;
    %flag_set/imm 4, 0;
    %store/vec4 v0x5a9802edd0c0_0, 4, 4;
    %jmp T_1.11;
T_1.10 ;
    %load/vec4 v0x5a9802edd690_0;
    %cmpi/e 2, 0, 32;
    %jmp/0xz  T_1.12, 4;
    %load/vec4 v0x5a9802edd0c0_0;
    %parti/s 4, 8, 5;
    %store/vec4 v0x5a9802edcf60_0, 0, 4;
    %delay 1, 0;
    %load/vec4 v0x5a9802edd020_0;
    %ix/load 4, 8, 0;
    %flag_set/imm 4, 0;
    %store/vec4 v0x5a9802edd0c0_0, 4, 4;
    %jmp T_1.13;
T_1.12 ;
    %load/vec4 v0x5a9802edd690_0;
    %cmpi/e 3, 0, 32;
    %jmp/0xz  T_1.14, 4;
    %load/vec4 v0x5a9802edd0c0_0;
    %parti/s 4, 12, 5;
    %store/vec4 v0x5a9802edcf60_0, 0, 4;
    %delay 1, 0;
    %load/vec4 v0x5a9802edd020_0;
    %ix/load 4, 12, 0;
    %flag_set/imm 4, 0;
    %store/vec4 v0x5a9802edd0c0_0, 4, 4;
    %jmp T_1.15;
T_1.14 ;
    %load/vec4 v0x5a9802edd690_0;
    %cmpi/e 4, 0, 32;
    %jmp/0xz  T_1.16, 4;
    %load/vec4 v0x5a9802edd0c0_0;
    %parti/s 4, 16, 6;
    %store/vec4 v0x5a9802edcf60_0, 0, 4;
    %delay 1, 0;
    %load/vec4 v0x5a9802edd020_0;
    %ix/load 4, 16, 0;
    %flag_set/imm 4, 0;
    %store/vec4 v0x5a9802edd0c0_0, 4, 4;
    %jmp T_1.17;
T_1.16 ;
    %load/vec4 v0x5a9802edd690_0;
    %cmpi/e 5, 0, 32;
    %jmp/0xz  T_1.18, 4;
    %load/vec4 v0x5a9802edd0c0_0;
    %parti/s 4, 20, 6;
    %store/vec4 v0x5a9802edcf60_0, 0, 4;
    %delay 1, 0;
    %load/vec4 v0x5a9802edd020_0;
    %ix/load 4, 20, 0;
    %flag_set/imm 4, 0;
    %store/vec4 v0x5a9802edd0c0_0, 4, 4;
T_1.18 ;
T_1.17 ;
T_1.15 ;
T_1.13 ;
T_1.11 ;
T_1.9 ;
    %load/vec4 v0x5a9802edd690_0;
    %addi 1, 0, 32;
    %store/vec4 v0x5a9802edd690_0, 0, 32;
    %jmp T_1.6;
T_1.7 ;
    %load/vec4 v0x5a9802edd160_0;
    %parti/s 1, 17, 6;
    %store/vec4 v0x5a9802edd770_0, 0, 1;
    %delay 1, 0;
    %load/vec4 v0x5a9802edd160_0;
    %ix/load 4, 1, 0;
    %flag_set/imm 4, 0;
    %shiftl 4;
    %store/vec4 v0x5a9802edd160_0, 0, 18;
    %load/vec4 v0x5a9802edd0c0_0;
    %ix/load 4, 1, 0;
    %flag_set/imm 4, 0;
    %shiftl 4;
    %store/vec4 v0x5a9802edd0c0_0, 0, 24;
    %delay 1, 0;
    %load/vec4 v0x5a9802edd770_0;
    %ix/load 4, 0, 0;
    %flag_set/imm 4, 0;
    %store/vec4 v0x5a9802edd0c0_0, 4, 1;
    %load/vec4 v0x5a9802edd5b0_0;
    %addi 1, 0, 32;
    %store/vec4 v0x5a9802edd5b0_0, 0, 32;
    %jmp T_1.4;
T_1.5 ;
    %delay 1, 0;
    %pushi/vec4 1, 0, 1;
    %store/vec4 v0x5a9802edd4f0_0, 0, 1;
    %delay 1, 0;
T_1.2 ;
T_1.1 ;
    %jmp T_1;
    .thread T_1;
    .scope S_0x5a9802eb7550;
T_2 ;
    %pushi/vec4 0, 0, 1;
    %store/vec4 v0x5a9802eddbf0_0, 0, 1;
    %pushi/vec4 0, 0, 1;
    %store/vec4 v0x5a9802edde60_0, 0, 1;
    %pushi/vec4 0, 0, 1;
    %store/vec4 v0x5a9802eddf00_0, 0, 1;
    %pushi/vec4 0, 0, 32;
    %store/vec4 v0x5a9802edddc0_0, 0, 32;
    %end;
    .thread T_2;
    .scope S_0x5a9802eb7550;
T_3 ;
T_3.0 ;
    %load/vec4 v0x5a9802eddbf0_0;
    %nor/r;
    %store/vec4 v0x5a9802eddbf0_0, 0, 1;
    %delay 1, 0;
    %jmp T_3.0;
    %end;
    .thread T_3;
    .scope S_0x5a9802eb7550;
T_4 ;
    %vpi_call 2 29 "$dumpfile", "tb.vcd" {0 0 0};
    %vpi_call 2 30 "$dumpvars", 32'sb00000000000000000000000000000000, S_0x5a9802eb7550 {0 0 0};
    %pushi/vec4 0, 0, 32;
    %store/vec4 v0x5a9802edddc0_0, 0, 32;
T_4.0 ;
    %load/vec4 v0x5a9802edddc0_0;
    %cmpi/s 999, 0, 32;
    %flag_or 5, 4;
    %jmp/0xz T_4.1, 5;
    %pushi/vec4 0, 0, 1;
    %store/vec4 v0x5a9802eddf00_0, 0, 1;
    %delay 1, 0;
    %load/vec4 v0x5a9802edddc0_0;
    %parti/s 18, 0, 2;
    %store/vec4 v0x5a9802eddb50_0, 0, 18;
    %delay 1, 0;
    %pushi/vec4 1, 0, 1;
    %store/vec4 v0x5a9802eddf00_0, 0, 1;
    %delay 1, 0;
T_4.2 ;
    %load/vec4 v0x5a9802eddcf0_0;
    %nor/r;
    %flag_set/vec4 8;
    %jmp/0xz T_4.3, 8;
    %delay 1, 0;
    %jmp T_4.2;
T_4.3 ;
    %delay 1, 0;
    %vpi_call 2 44 "$display", "%0d %0h", v0x5a9802eddb50_0, v0x5a9802edda70_0 {0 0 0};
    %load/vec4 v0x5a9802edddc0_0;
    %addi 1, 0, 32;
    %store/vec4 v0x5a9802edddc0_0, 0, 32;
    %jmp T_4.0;
T_4.1 ;
    %pushi/vec4 42, 0, 18;
    %store/vec4 v0x5a9802eddb50_0, 0, 18;
    %delay 2, 0;
    %pushi/vec4 1, 0, 1;
    %store/vec4 v0x5a9802eddf00_0, 0, 1;
    %delay 10, 0;
T_4.4 ;
    %load/vec4 v0x5a9802eddcf0_0;
    %nor/r;
    %flag_set/vec4 8;
    %jmp/0xz T_4.5, 8;
    %delay 2, 0;
    %jmp T_4.4;
T_4.5 ;
    %delay 2, 0;
    %pushi/vec4 0, 0, 1;
    %store/vec4 v0x5a9802eddf00_0, 0, 1;
    %delay 2, 0;
    %pushi/vec4 69, 0, 18;
    %store/vec4 v0x5a9802eddb50_0, 0, 18;
    %delay 2, 0;
    %pushi/vec4 1, 0, 1;
    %store/vec4 v0x5a9802eddf00_0, 0, 1;
    %delay 10, 0;
T_4.6 ;
    %load/vec4 v0x5a9802eddcf0_0;
    %nor/r;
    %flag_set/vec4 8;
    %jmp/0xz T_4.7, 8;
    %delay 2, 0;
    %jmp T_4.6;
T_4.7 ;
    %delay 2, 0;
    %pushi/vec4 0, 0, 1;
    %store/vec4 v0x5a9802eddf00_0, 0, 1;
    %delay 2, 0;
    %vpi_call 2 78 "$finish" {0 0 0};
    %end;
    .thread T_4;
# The file index is used to find the file name in the following table.
:file_names 3;
    "N/A";
    "<interactive>";
    "epi1.v";
