#! /usr/bin/vvp
:ivl_version "12.0 (stable)" "(v12_0-dirty)";
:ivl_delay_selection "TYPICAL";
:vpi_time_precision + 0;
:vpi_module "/usr/lib/ivl/system.vpi";
:vpi_module "/usr/lib/ivl/vhdl_sys.vpi";
:vpi_module "/usr/lib/ivl/vhdl_textio.vpi";
:vpi_module "/usr/lib/ivl/v2005_math.vpi";
:vpi_module "/usr/lib/ivl/va_math.vpi";
S_0x5c6b064f0ea0 .scope module, "fpm_tb" "fpm_tb" 2 1;
 .timescale 0 0;
v0x5c6b0654d700_0 .net "done", 0 0, v0x5c6b0654c830_0;  1 drivers
v0x5c6b0654d7d0_0 .var "ram_addr_juiz", 1 0;
v0x5c6b0654d8a0_0 .net "ram_out_juiz", 31 0, v0x5c6b0654c080_0;  1 drivers
S_0x5c6b064f1030 .scope begin, "$ivl_for_loop0" "$ivl_for_loop0" 2 18, 2 18 0, S_0x5c6b064f0ea0;
 .timescale 0 0;
v0x5c6b06505a30_0 .var/i "i", 31 0;
S_0x5c6b06549800 .scope module, "add" "fpm" 2 6, 3 1 0, S_0x5c6b064f0ea0;
 .timescale 0 0;
    .port_info 0 /INPUT 2 "ram_addr_juiz";
    .port_info 1 /OUTPUT 32 "ram_out_juiz";
    .port_info 2 /OUTPUT 1 "done";
L_0x5c6b0654dcc0 .functor BUFZ 32, v0x5c6b0654b310_0, C4<00000000000000000000000000000000>, C4<00000000000000000000000000000000>, C4<00000000000000000000000000000000>;
v0x5c6b0654c830_0 .var "done", 0 0;
v0x5c6b0654c8f0_0 .var/i "i", 31 0;
v0x5c6b0654c9d0_0 .var "mul_a", 31 0;
v0x5c6b0654ca70_0 .var "mul_b", 31 0;
v0x5c6b0654cb10_0 .var "mul_clk", 0 0;
v0x5c6b0654cc00_0 .net "mul_done", 0 0, L_0x5c6b0654dbe0;  1 drivers
v0x5c6b0654ccd0_0 .var "mul_en", 0 0;
v0x5c6b0654cda0_0 .var "mul_rst", 0 0;
v0x5c6b0654ce70_0 .net "mul_z", 31 0, v0x5c6b0654b310_0;  1 drivers
v0x5c6b0654cf40_0 .var "ram_OE", 0 0;
v0x5c6b0654d010_0 .var "ram_RW", 0 0;
v0x5c6b0654d0e0_0 .var "ram_addr", 1 0;
v0x5c6b0654d180_0 .net "ram_addr_juiz", 1 0, v0x5c6b0654d7d0_0;  1 drivers
v0x5c6b0654d220_0 .net "ram_addr_mux", 1 0, L_0x5c6b0654d970;  1 drivers
v0x5c6b0654d2f0_0 .net "ram_in", 31 0, L_0x5c6b0654dcc0;  1 drivers
v0x5c6b0654d3c0_0 .net "ram_out_juiz", 31 0, v0x5c6b0654c080_0;  alias, 1 drivers
v0x5c6b0654d490_0 .var "rom_OE", 0 0;
v0x5c6b0654d560_0 .var "rom_addr", 2 0;
v0x5c6b0654d630_0 .net "rom_out", 31 0, v0x5c6b0654c6d0_0;  1 drivers
L_0x5c6b0654d970 .functor MUXZ 2, v0x5c6b0654d7d0_0, v0x5c6b0654d0e0_0, v0x5c6b0654d010_0, C4<>;
S_0x5c6b06549a50 .scope module, "mult" "fp_mult" 3 43, 4 1 0, S_0x5c6b06549800;
 .timescale 0 0;
    .port_info 0 /INPUT 32 "input_a";
    .port_info 1 /INPUT 32 "input_b";
    .port_info 2 /INPUT 1 "en";
    .port_info 3 /INPUT 1 "rst";
    .port_info 4 /INPUT 1 "clk";
    .port_info 5 /OUTPUT 1 "done";
    .port_info 6 /OUTPUT 32 "output_z";
P_0x5c6b06549c50 .param/l "get_a" 0 4 20, C4<0000>;
P_0x5c6b06549c90 .param/l "get_b" 0 4 21, C4<0001>;
P_0x5c6b06549cd0 .param/l "multiply_0" 0 4 26, C4<0110>;
P_0x5c6b06549d10 .param/l "multiply_1" 0 4 27, C4<0111>;
P_0x5c6b06549d50 .param/l "normalise_1" 0 4 28, C4<1000>;
P_0x5c6b06549d90 .param/l "normalise_2" 0 4 29, C4<1001>;
P_0x5c6b06549dd0 .param/l "normalise_a" 0 4 24, C4<0100>;
P_0x5c6b06549e10 .param/l "normalise_b" 0 4 25, C4<0101>;
P_0x5c6b06549e50 .param/l "pack" 0 4 31, C4<1011>;
P_0x5c6b06549e90 .param/l "put_z" 0 4 32, C4<1100>;
P_0x5c6b06549ed0 .param/l "round" 0 4 30, C4<1010>;
P_0x5c6b06549f10 .param/l "special_cases" 0 4 23, C4<0011>;
P_0x5c6b06549f50 .param/l "unpack" 0 4 22, C4<0010>;
L_0x5c6b0654dbe0 .functor BUFZ 1, v0x5c6b0654b190_0, C4<0>, C4<0>, C4<0>;
v0x5c6b06505300_0 .var "a", 31 0;
v0x5c6b06505190_0 .var "a_e", 9 0;
v0x5c6b065058c0_0 .var "a_m", 23 0;
v0x5c6b065055e0_0 .var "a_s", 0 0;
v0x5c6b06505470_0 .var "b", 31 0;
v0x5c6b06504d40_0 .var "b_e", 9 0;
v0x5c6b0654a7f0_0 .var "b_m", 23 0;
v0x5c6b0654a8d0_0 .var "b_s", 0 0;
v0x5c6b0654a990_0 .net "clk", 0 0, v0x5c6b0654cb10_0;  1 drivers
v0x5c6b0654aa50_0 .net "done", 0 0, L_0x5c6b0654dbe0;  alias, 1 drivers
v0x5c6b0654ab10_0 .net "en", 0 0, v0x5c6b0654ccd0_0;  1 drivers
v0x5c6b0654abd0_0 .var "guard", 0 0;
v0x5c6b0654ac90_0 .net "input_a", 31 0, v0x5c6b0654c9d0_0;  1 drivers
v0x5c6b0654ad70_0 .net "input_b", 31 0, v0x5c6b0654ca70_0;  1 drivers
v0x5c6b0654ae50_0 .net "output_z", 31 0, v0x5c6b0654b310_0;  alias, 1 drivers
v0x5c6b0654af30_0 .var "product", 47 0;
v0x5c6b0654b010_0 .var "round_bit", 0 0;
v0x5c6b0654b0d0_0 .net "rst", 0 0, v0x5c6b0654cda0_0;  1 drivers
v0x5c6b0654b190_0 .var "s_done", 0 0;
v0x5c6b0654b250_0 .var "s_en", 0 0;
v0x5c6b0654b310_0 .var "s_output_z", 31 0;
v0x5c6b0654b3f0_0 .var "state", 3 0;
v0x5c6b0654b4d0_0 .var "sticky", 0 0;
v0x5c6b0654b590_0 .var "z", 31 0;
v0x5c6b0654b670_0 .var "z_e", 9 0;
v0x5c6b0654b750_0 .var "z_m", 23 0;
v0x5c6b0654b830_0 .var "z_s", 0 0;
E_0x5c6b06503980 .event posedge, v0x5c6b0654a990_0;
S_0x5c6b0654b9d0 .scope module, "ram" "ram_4" 3 35, 5 1 0, S_0x5c6b06549800;
 .timescale 0 0;
    .port_info 0 /INPUT 32 "in";
    .port_info 1 /INPUT 2 "addr";
    .port_info 2 /INPUT 1 "RW";
    .port_info 3 /INPUT 1 "OE";
    .port_info 4 /OUTPUT 32 "out";
v0x5c6b0654bc30_0 .net "OE", 0 0, v0x5c6b0654cf40_0;  1 drivers
v0x5c6b0654bd10_0 .net "RW", 0 0, v0x5c6b0654d010_0;  1 drivers
v0x5c6b0654bdd0_0 .net "addr", 1 0, L_0x5c6b0654d970;  alias, 1 drivers
v0x5c6b0654be90 .array "data", 0 3, 31 0;
v0x5c6b0654bf50_0 .net "in", 31 0, L_0x5c6b0654dcc0;  alias, 1 drivers
v0x5c6b0654c080_0 .var "out", 31 0;
E_0x5c6b06502c60 .event anyedge, v0x5c6b0654bc30_0, v0x5c6b0654bd10_0, v0x5c6b0654bdd0_0, v0x5c6b0654bf50_0;
S_0x5c6b0654c200 .scope module, "rom" "rom_8" 3 29, 6 1 0, S_0x5c6b06549800;
 .timescale 0 0;
    .port_info 0 /INPUT 3 "addr";
    .port_info 1 /INPUT 1 "OE";
    .port_info 2 /OUTPUT 32 "out";
v0x5c6b0654c470_0 .net "OE", 0 0, v0x5c6b0654d490_0;  1 drivers
v0x5c6b0654c550_0 .net "addr", 2 0, v0x5c6b0654d560_0;  1 drivers
v0x5c6b0654c630 .array "data", 0 7, 31 0;
v0x5c6b0654c6d0_0 .var "out", 31 0;
E_0x5c6b06503ef0 .event anyedge, v0x5c6b0654c470_0, v0x5c6b0654c550_0;
    .scope S_0x5c6b0654c200;
T_0 ;
    %pushi/vec4 355795062, 0, 32;
    %ix/load 4, 0, 0;
    %flag_set/imm 4, 0;
    %store/vec4a v0x5c6b0654c630, 4, 0;
    %pushi/vec4 1498569119, 0, 32;
    %ix/load 4, 1, 0;
    %flag_set/imm 4, 0;
    %store/vec4a v0x5c6b0654c630, 4, 0;
    %pushi/vec4 1065353216, 0, 32;
    %ix/load 4, 2, 0;
    %flag_set/imm 4, 0;
    %store/vec4a v0x5c6b0654c630, 4, 0;
    %pushi/vec4 1048576000, 0, 32;
    %ix/load 4, 3, 0;
    %flag_set/imm 4, 0;
    %store/vec4a v0x5c6b0654c630, 4, 0;
    %pushi/vec4 1077936128, 0, 32;
    %ix/load 4, 4, 0;
    %flag_set/imm 4, 0;
    %store/vec4a v0x5c6b0654c630, 4, 0;
    %pushi/vec4 1092616192, 0, 32;
    %ix/load 4, 5, 0;
    %flag_set/imm 4, 0;
    %store/vec4a v0x5c6b0654c630, 4, 0;
    %pushi/vec4 1050673152, 0, 32;
    %ix/load 4, 6, 0;
    %flag_set/imm 4, 0;
    %store/vec4a v0x5c6b0654c630, 4, 0;
    %pushi/vec4 1063256064, 0, 32;
    %ix/load 4, 7, 0;
    %flag_set/imm 4, 0;
    %store/vec4a v0x5c6b0654c630, 4, 0;
    %end;
    .thread T_0;
    .scope S_0x5c6b0654c200;
T_1 ;
    %wait E_0x5c6b06503ef0;
    %load/vec4 v0x5c6b0654c470_0;
    %cmpi/e 1, 0, 1;
    %jmp/0xz  T_1.0, 4;
    %load/vec4 v0x5c6b0654c550_0;
    %pad/u 5;
    %ix/vec4 4;
    %load/vec4a v0x5c6b0654c630, 4;
    %store/vec4 v0x5c6b0654c6d0_0, 0, 32;
    %jmp T_1.1;
T_1.0 ;
    %pushi/vec4 0, 4294967295, 32;
    %store/vec4 v0x5c6b0654c6d0_0, 0, 32;
T_1.1 ;
    %jmp T_1;
    .thread T_1, $push;
    .scope S_0x5c6b0654b9d0;
T_2 ;
    %wait E_0x5c6b06502c60;
    %load/vec4 v0x5c6b0654bd10_0;
    %pushi/vec4 0, 0, 1;
    %cmp/e;
    %flag_get/vec4 4;
    %load/vec4 v0x5c6b0654bc30_0;
    %pushi/vec4 1, 0, 1;
    %cmp/e;
    %flag_get/vec4 4;
    %and;
    %flag_set/vec4 8;
    %jmp/0xz  T_2.0, 8;
    %load/vec4 v0x5c6b0654bdd0_0;
    %pad/u 4;
    %ix/vec4 4;
    %load/vec4a v0x5c6b0654be90, 4;
    %store/vec4 v0x5c6b0654c080_0, 0, 32;
    %jmp T_2.1;
T_2.0 ;
    %pushi/vec4 0, 4294967295, 32;
    %store/vec4 v0x5c6b0654c080_0, 0, 32;
T_2.1 ;
    %load/vec4 v0x5c6b0654bd10_0;
    %cmpi/e 1, 0, 1;
    %jmp/0xz  T_2.2, 4;
    %load/vec4 v0x5c6b0654bf50_0;
    %load/vec4 v0x5c6b0654bdd0_0;
    %pad/u 4;
    %ix/vec4 4;
    %store/vec4a v0x5c6b0654be90, 4, 0;
T_2.2 ;
    %jmp T_2;
    .thread T_2, $push;
    .scope S_0x5c6b06549a50;
T_3 ;
    %pushi/vec4 0, 0, 1;
    %store/vec4 v0x5c6b0654b250_0, 0, 1;
    %pushi/vec4 0, 0, 1;
    %store/vec4 v0x5c6b0654b190_0, 0, 1;
    %pushi/vec4 0, 0, 4;
    %store/vec4 v0x5c6b0654b3f0_0, 0, 4;
    %end;
    .thread T_3;
    .scope S_0x5c6b06549a50;
T_4 ;
    %wait E_0x5c6b06503980;
    %load/vec4 v0x5c6b0654b3f0_0;
    %dup/vec4;
    %pushi/vec4 0, 0, 4;
    %cmp/u;
    %jmp/1 T_4.0, 6;
    %dup/vec4;
    %pushi/vec4 1, 0, 4;
    %cmp/u;
    %jmp/1 T_4.1, 6;
    %dup/vec4;
    %pushi/vec4 2, 0, 4;
    %cmp/u;
    %jmp/1 T_4.2, 6;
    %dup/vec4;
    %pushi/vec4 3, 0, 4;
    %cmp/u;
    %jmp/1 T_4.3, 6;
    %dup/vec4;
    %pushi/vec4 4, 0, 4;
    %cmp/u;
    %jmp/1 T_4.4, 6;
    %dup/vec4;
    %pushi/vec4 5, 0, 4;
    %cmp/u;
    %jmp/1 T_4.5, 6;
    %dup/vec4;
    %pushi/vec4 6, 0, 4;
    %cmp/u;
    %jmp/1 T_4.6, 6;
    %dup/vec4;
    %pushi/vec4 7, 0, 4;
    %cmp/u;
    %jmp/1 T_4.7, 6;
    %dup/vec4;
    %pushi/vec4 8, 0, 4;
    %cmp/u;
    %jmp/1 T_4.8, 6;
    %dup/vec4;
    %pushi/vec4 9, 0, 4;
    %cmp/u;
    %jmp/1 T_4.9, 6;
    %dup/vec4;
    %pushi/vec4 10, 0, 4;
    %cmp/u;
    %jmp/1 T_4.10, 6;
    %dup/vec4;
    %pushi/vec4 11, 0, 4;
    %cmp/u;
    %jmp/1 T_4.11, 6;
    %dup/vec4;
    %pushi/vec4 12, 0, 4;
    %cmp/u;
    %jmp/1 T_4.12, 6;
    %jmp T_4.13;
T_4.0 ;
    %load/vec4 v0x5c6b0654ab10_0;
    %flag_set/vec4 8;
    %jmp/0xz  T_4.14, 8;
    %pushi/vec4 0, 0, 1;
    %assign/vec4 v0x5c6b0654b190_0, 0;
    %load/vec4 v0x5c6b0654ac90_0;
    %assign/vec4 v0x5c6b06505300_0, 0;
    %pushi/vec4 1, 0, 4;
    %assign/vec4 v0x5c6b0654b3f0_0, 0;
T_4.14 ;
    %jmp T_4.13;
T_4.1 ;
    %load/vec4 v0x5c6b0654ab10_0;
    %flag_set/vec4 8;
    %jmp/0xz  T_4.16, 8;
    %load/vec4 v0x5c6b0654ad70_0;
    %assign/vec4 v0x5c6b06505470_0, 0;
    %pushi/vec4 2, 0, 4;
    %assign/vec4 v0x5c6b0654b3f0_0, 0;
T_4.16 ;
    %jmp T_4.13;
T_4.2 ;
    %load/vec4 v0x5c6b06505300_0;
    %parti/s 23, 0, 2;
    %pad/u 24;
    %assign/vec4 v0x5c6b065058c0_0, 0;
    %load/vec4 v0x5c6b06505470_0;
    %parti/s 23, 0, 2;
    %pad/u 24;
    %assign/vec4 v0x5c6b0654a7f0_0, 0;
    %load/vec4 v0x5c6b06505300_0;
    %parti/s 8, 23, 6;
    %pad/u 10;
    %subi 127, 0, 10;
    %assign/vec4 v0x5c6b06505190_0, 0;
    %load/vec4 v0x5c6b06505470_0;
    %parti/s 8, 23, 6;
    %pad/u 10;
    %subi 127, 0, 10;
    %assign/vec4 v0x5c6b06504d40_0, 0;
    %load/vec4 v0x5c6b06505300_0;
    %parti/s 1, 31, 6;
    %assign/vec4 v0x5c6b065055e0_0, 0;
    %load/vec4 v0x5c6b06505470_0;
    %parti/s 1, 31, 6;
    %assign/vec4 v0x5c6b0654a8d0_0, 0;
    %pushi/vec4 3, 0, 4;
    %assign/vec4 v0x5c6b0654b3f0_0, 0;
    %jmp T_4.13;
T_4.3 ;
    %load/vec4 v0x5c6b06505190_0;
    %pad/u 32;
    %cmpi/e 128, 0, 32;
    %flag_get/vec4 4;
    %jmp/0 T_4.21, 4;
    %load/vec4 v0x5c6b065058c0_0;
    %pad/u 32;
    %pushi/vec4 0, 0, 32;
    %cmp/ne;
    %flag_get/vec4 4;
    %and;
T_4.21;
    %flag_set/vec4 8;
    %jmp/1 T_4.20, 8;
    %load/vec4 v0x5c6b06504d40_0;
    %pad/u 32;
    %cmpi/e 128, 0, 32;
    %flag_get/vec4 4;
    %jmp/0 T_4.22, 4;
    %load/vec4 v0x5c6b0654a7f0_0;
    %pad/u 32;
    %pushi/vec4 0, 0, 32;
    %cmp/ne;
    %flag_get/vec4 4;
    %and;
T_4.22;
    %flag_set/vec4 9;
    %flag_or 8, 9;
T_4.20;
    %jmp/0xz  T_4.18, 8;
    %pushi/vec4 1, 0, 1;
    %ix/load 4, 31, 0;
    %ix/load 5, 0, 0;
    %flag_set/imm 4, 0;
    %assign/vec4/off/d v0x5c6b0654b590_0, 4, 5;
    %pushi/vec4 255, 0, 8;
    %ix/load 4, 23, 0;
    %ix/load 5, 0, 0;
    %flag_set/imm 4, 0;
    %assign/vec4/off/d v0x5c6b0654b590_0, 4, 5;
    %pushi/vec4 1, 0, 1;
    %ix/load 4, 22, 0;
    %ix/load 5, 0, 0;
    %flag_set/imm 4, 0;
    %assign/vec4/off/d v0x5c6b0654b590_0, 4, 5;
    %pushi/vec4 0, 0, 22;
    %ix/load 4, 0, 0;
    %ix/load 5, 0, 0;
    %flag_set/imm 4, 0;
    %assign/vec4/off/d v0x5c6b0654b590_0, 4, 5;
    %pushi/vec4 12, 0, 4;
    %assign/vec4 v0x5c6b0654b3f0_0, 0;
    %jmp T_4.19;
T_4.18 ;
    %load/vec4 v0x5c6b06505190_0;
    %pad/u 32;
    %cmpi/e 128, 0, 32;
    %jmp/0xz  T_4.23, 4;
    %load/vec4 v0x5c6b065055e0_0;
    %load/vec4 v0x5c6b0654a8d0_0;
    %xor;
    %ix/load 4, 31, 0;
    %ix/load 5, 0, 0;
    %flag_set/imm 4, 0;
    %assign/vec4/off/d v0x5c6b0654b590_0, 4, 5;
    %pushi/vec4 255, 0, 8;
    %ix/load 4, 23, 0;
    %ix/load 5, 0, 0;
    %flag_set/imm 4, 0;
    %assign/vec4/off/d v0x5c6b0654b590_0, 4, 5;
    %pushi/vec4 0, 0, 23;
    %ix/load 4, 0, 0;
    %ix/load 5, 0, 0;
    %flag_set/imm 4, 0;
    %assign/vec4/off/d v0x5c6b0654b590_0, 4, 5;
    %load/vec4 v0x5c6b06504d40_0;
    %pad/s 32;
    %cmpi/e 4294967169, 0, 32;
    %flag_get/vec4 4;
    %jmp/0 T_4.27, 4;
    %load/vec4 v0x5c6b0654a7f0_0;
    %pad/u 32;
    %pushi/vec4 0, 0, 32;
    %cmp/e;
    %flag_get/vec4 4;
    %and;
T_4.27;
    %flag_set/vec4 8;
    %jmp/0xz  T_4.25, 8;
    %pushi/vec4 1, 0, 1;
    %ix/load 4, 31, 0;
    %ix/load 5, 0, 0;
    %flag_set/imm 4, 0;
    %assign/vec4/off/d v0x5c6b0654b590_0, 4, 5;
    %pushi/vec4 255, 0, 8;
    %ix/load 4, 23, 0;
    %ix/load 5, 0, 0;
    %flag_set/imm 4, 0;
    %assign/vec4/off/d v0x5c6b0654b590_0, 4, 5;
    %pushi/vec4 1, 0, 1;
    %ix/load 4, 22, 0;
    %ix/load 5, 0, 0;
    %flag_set/imm 4, 0;
    %assign/vec4/off/d v0x5c6b0654b590_0, 4, 5;
    %pushi/vec4 0, 0, 22;
    %ix/load 4, 0, 0;
    %ix/load 5, 0, 0;
    %flag_set/imm 4, 0;
    %assign/vec4/off/d v0x5c6b0654b590_0, 4, 5;
T_4.25 ;
    %pushi/vec4 12, 0, 4;
    %assign/vec4 v0x5c6b0654b3f0_0, 0;
    %jmp T_4.24;
T_4.23 ;
    %load/vec4 v0x5c6b06504d40_0;
    %pad/u 32;
    %cmpi/e 128, 0, 32;
    %jmp/0xz  T_4.28, 4;
    %load/vec4 v0x5c6b065055e0_0;
    %load/vec4 v0x5c6b0654a8d0_0;
    %xor;
    %ix/load 4, 31, 0;
    %ix/load 5, 0, 0;
    %flag_set/imm 4, 0;
    %assign/vec4/off/d v0x5c6b0654b590_0, 4, 5;
    %pushi/vec4 255, 0, 8;
    %ix/load 4, 23, 0;
    %ix/load 5, 0, 0;
    %flag_set/imm 4, 0;
    %assign/vec4/off/d v0x5c6b0654b590_0, 4, 5;
    %pushi/vec4 0, 0, 23;
    %ix/load 4, 0, 0;
    %ix/load 5, 0, 0;
    %flag_set/imm 4, 0;
    %assign/vec4/off/d v0x5c6b0654b590_0, 4, 5;
    %load/vec4 v0x5c6b06505190_0;
    %pad/s 32;
    %cmpi/e 4294967169, 0, 32;
    %flag_get/vec4 4;
    %jmp/0 T_4.32, 4;
    %load/vec4 v0x5c6b065058c0_0;
    %pad/u 32;
    %pushi/vec4 0, 0, 32;
    %cmp/e;
    %flag_get/vec4 4;
    %and;
T_4.32;
    %flag_set/vec4 8;
    %jmp/0xz  T_4.30, 8;
    %pushi/vec4 1, 0, 1;
    %ix/load 4, 31, 0;
    %ix/load 5, 0, 0;
    %flag_set/imm 4, 0;
    %assign/vec4/off/d v0x5c6b0654b590_0, 4, 5;
    %pushi/vec4 255, 0, 8;
    %ix/load 4, 23, 0;
    %ix/load 5, 0, 0;
    %flag_set/imm 4, 0;
    %assign/vec4/off/d v0x5c6b0654b590_0, 4, 5;
    %pushi/vec4 1, 0, 1;
    %ix/load 4, 22, 0;
    %ix/load 5, 0, 0;
    %flag_set/imm 4, 0;
    %assign/vec4/off/d v0x5c6b0654b590_0, 4, 5;
    %pushi/vec4 0, 0, 22;
    %ix/load 4, 0, 0;
    %ix/load 5, 0, 0;
    %flag_set/imm 4, 0;
    %assign/vec4/off/d v0x5c6b0654b590_0, 4, 5;
T_4.30 ;
    %pushi/vec4 12, 0, 4;
    %assign/vec4 v0x5c6b0654b3f0_0, 0;
    %jmp T_4.29;
T_4.28 ;
    %load/vec4 v0x5c6b06505190_0;
    %pad/s 32;
    %cmpi/e 4294967169, 0, 32;
    %flag_get/vec4 4;
    %jmp/0 T_4.35, 4;
    %load/vec4 v0x5c6b065058c0_0;
    %pad/u 32;
    %pushi/vec4 0, 0, 32;
    %cmp/e;
    %flag_get/vec4 4;
    %and;
T_4.35;
    %flag_set/vec4 8;
    %jmp/0xz  T_4.33, 8;
    %load/vec4 v0x5c6b065055e0_0;
    %load/vec4 v0x5c6b0654a8d0_0;
    %xor;
    %ix/load 4, 31, 0;
    %ix/load 5, 0, 0;
    %flag_set/imm 4, 0;
    %assign/vec4/off/d v0x5c6b0654b590_0, 4, 5;
    %pushi/vec4 0, 0, 8;
    %ix/load 4, 23, 0;
    %ix/load 5, 0, 0;
    %flag_set/imm 4, 0;
    %assign/vec4/off/d v0x5c6b0654b590_0, 4, 5;
    %pushi/vec4 0, 0, 23;
    %ix/load 4, 0, 0;
    %ix/load 5, 0, 0;
    %flag_set/imm 4, 0;
    %assign/vec4/off/d v0x5c6b0654b590_0, 4, 5;
    %pushi/vec4 12, 0, 4;
    %assign/vec4 v0x5c6b0654b3f0_0, 0;
    %jmp T_4.34;
T_4.33 ;
    %load/vec4 v0x5c6b06504d40_0;
    %pad/s 32;
    %cmpi/e 4294967169, 0, 32;
    %flag_get/vec4 4;
    %jmp/0 T_4.38, 4;
    %load/vec4 v0x5c6b0654a7f0_0;
    %pad/u 32;
    %pushi/vec4 0, 0, 32;
    %cmp/e;
    %flag_get/vec4 4;
    %and;
T_4.38;
    %flag_set/vec4 8;
    %jmp/0xz  T_4.36, 8;
    %load/vec4 v0x5c6b065055e0_0;
    %load/vec4 v0x5c6b0654a8d0_0;
    %xor;
    %ix/load 4, 31, 0;
    %ix/load 5, 0, 0;
    %flag_set/imm 4, 0;
    %assign/vec4/off/d v0x5c6b0654b590_0, 4, 5;
    %pushi/vec4 0, 0, 8;
    %ix/load 4, 23, 0;
    %ix/load 5, 0, 0;
    %flag_set/imm 4, 0;
    %assign/vec4/off/d v0x5c6b0654b590_0, 4, 5;
    %pushi/vec4 0, 0, 23;
    %ix/load 4, 0, 0;
    %ix/load 5, 0, 0;
    %flag_set/imm 4, 0;
    %assign/vec4/off/d v0x5c6b0654b590_0, 4, 5;
    %pushi/vec4 12, 0, 4;
    %assign/vec4 v0x5c6b0654b3f0_0, 0;
    %jmp T_4.37;
T_4.36 ;
    %load/vec4 v0x5c6b06505190_0;
    %pad/s 32;
    %cmpi/e 4294967169, 0, 32;
    %jmp/0xz  T_4.39, 4;
    %pushi/vec4 898, 0, 10;
    %assign/vec4 v0x5c6b06505190_0, 0;
    %jmp T_4.40;
T_4.39 ;
    %pushi/vec4 1, 0, 1;
    %ix/load 4, 23, 0;
    %ix/load 5, 0, 0;
    %flag_set/imm 4, 0;
    %assign/vec4/off/d v0x5c6b065058c0_0, 4, 5;
T_4.40 ;
    %load/vec4 v0x5c6b06504d40_0;
    %pad/s 32;
    %cmpi/e 4294967169, 0, 32;
    %jmp/0xz  T_4.41, 4;
    %pushi/vec4 898, 0, 10;
    %assign/vec4 v0x5c6b06504d40_0, 0;
    %jmp T_4.42;
T_4.41 ;
    %pushi/vec4 1, 0, 1;
    %ix/load 4, 23, 0;
    %ix/load 5, 0, 0;
    %flag_set/imm 4, 0;
    %assign/vec4/off/d v0x5c6b0654a7f0_0, 4, 5;
T_4.42 ;
    %pushi/vec4 4, 0, 4;
    %assign/vec4 v0x5c6b0654b3f0_0, 0;
T_4.37 ;
T_4.34 ;
T_4.29 ;
T_4.24 ;
T_4.19 ;
    %jmp T_4.13;
T_4.4 ;
    %load/vec4 v0x5c6b065058c0_0;
    %parti/s 1, 23, 6;
    %flag_set/vec4 8;
    %jmp/0xz  T_4.43, 8;
    %pushi/vec4 5, 0, 4;
    %assign/vec4 v0x5c6b0654b3f0_0, 0;
    %jmp T_4.44;
T_4.43 ;
    %load/vec4 v0x5c6b065058c0_0;
    %ix/load 4, 1, 0;
    %flag_set/imm 4, 0;
    %shiftl 4;
    %assign/vec4 v0x5c6b065058c0_0, 0;
    %load/vec4 v0x5c6b06505190_0;
    %subi 1, 0, 10;
    %assign/vec4 v0x5c6b06505190_0, 0;
T_4.44 ;
    %jmp T_4.13;
T_4.5 ;
    %load/vec4 v0x5c6b0654a7f0_0;
    %parti/s 1, 23, 6;
    %flag_set/vec4 8;
    %jmp/0xz  T_4.45, 8;
    %pushi/vec4 6, 0, 4;
    %assign/vec4 v0x5c6b0654b3f0_0, 0;
    %jmp T_4.46;
T_4.45 ;
    %load/vec4 v0x5c6b0654a7f0_0;
    %ix/load 4, 1, 0;
    %flag_set/imm 4, 0;
    %shiftl 4;
    %assign/vec4 v0x5c6b0654a7f0_0, 0;
    %load/vec4 v0x5c6b06504d40_0;
    %subi 1, 0, 10;
    %assign/vec4 v0x5c6b06504d40_0, 0;
T_4.46 ;
    %jmp T_4.13;
T_4.6 ;
    %load/vec4 v0x5c6b065055e0_0;
    %load/vec4 v0x5c6b0654a8d0_0;
    %xor;
    %assign/vec4 v0x5c6b0654b830_0, 0;
    %load/vec4 v0x5c6b06505190_0;
    %load/vec4 v0x5c6b06504d40_0;
    %add;
    %addi 1, 0, 10;
    %assign/vec4 v0x5c6b0654b670_0, 0;
    %load/vec4 v0x5c6b065058c0_0;
    %pad/u 48;
    %load/vec4 v0x5c6b0654a7f0_0;
    %pad/u 48;
    %mul;
    %assign/vec4 v0x5c6b0654af30_0, 0;
    %pushi/vec4 7, 0, 4;
    %assign/vec4 v0x5c6b0654b3f0_0, 0;
    %jmp T_4.13;
T_4.7 ;
    %load/vec4 v0x5c6b0654af30_0;
    %parti/s 24, 24, 6;
    %assign/vec4 v0x5c6b0654b750_0, 0;
    %load/vec4 v0x5c6b0654af30_0;
    %parti/s 1, 23, 6;
    %assign/vec4 v0x5c6b0654abd0_0, 0;
    %load/vec4 v0x5c6b0654af30_0;
    %parti/s 1, 22, 6;
    %assign/vec4 v0x5c6b0654b010_0, 0;
    %load/vec4 v0x5c6b0654af30_0;
    %parti/s 22, 0, 2;
    %pad/u 32;
    %pushi/vec4 0, 0, 32;
    %cmp/ne;
    %flag_get/vec4 4;
    %assign/vec4 v0x5c6b0654b4d0_0, 0;
    %pushi/vec4 8, 0, 4;
    %assign/vec4 v0x5c6b0654b3f0_0, 0;
    %jmp T_4.13;
T_4.8 ;
    %load/vec4 v0x5c6b0654b750_0;
    %parti/s 1, 23, 6;
    %pad/u 32;
    %cmpi/e 0, 0, 32;
    %jmp/0xz  T_4.47, 4;
    %load/vec4 v0x5c6b0654b670_0;
    %subi 1, 0, 10;
    %assign/vec4 v0x5c6b0654b670_0, 0;
    %load/vec4 v0x5c6b0654b750_0;
    %ix/load 4, 1, 0;
    %flag_set/imm 4, 0;
    %shiftl 4;
    %assign/vec4 v0x5c6b0654b750_0, 0;
    %load/vec4 v0x5c6b0654abd0_0;
    %ix/load 4, 0, 0;
    %ix/load 5, 0, 0;
    %flag_set/imm 4, 0;
    %assign/vec4/off/d v0x5c6b0654b750_0, 4, 5;
    %load/vec4 v0x5c6b0654b010_0;
    %assign/vec4 v0x5c6b0654abd0_0, 0;
    %pushi/vec4 0, 0, 1;
    %assign/vec4 v0x5c6b0654b010_0, 0;
    %jmp T_4.48;
T_4.47 ;
    %pushi/vec4 9, 0, 4;
    %assign/vec4 v0x5c6b0654b3f0_0, 0;
T_4.48 ;
    %jmp T_4.13;
T_4.9 ;
    %load/vec4 v0x5c6b0654b670_0;
    %pad/s 32;
    %cmpi/s 4294967170, 0, 32;
    %jmp/0xz  T_4.49, 5;
    %load/vec4 v0x5c6b0654b670_0;
    %addi 1, 0, 10;
    %assign/vec4 v0x5c6b0654b670_0, 0;
    %load/vec4 v0x5c6b0654b750_0;
    %ix/load 4, 1, 0;
    %flag_set/imm 4, 0;
    %shiftr 4;
    %assign/vec4 v0x5c6b0654b750_0, 0;
    %load/vec4 v0x5c6b0654b750_0;
    %parti/s 1, 0, 2;
    %assign/vec4 v0x5c6b0654abd0_0, 0;
    %load/vec4 v0x5c6b0654abd0_0;
    %assign/vec4 v0x5c6b0654b010_0, 0;
    %load/vec4 v0x5c6b0654b4d0_0;
    %load/vec4 v0x5c6b0654b010_0;
    %or;
    %assign/vec4 v0x5c6b0654b4d0_0, 0;
    %jmp T_4.50;
T_4.49 ;
    %pushi/vec4 10, 0, 4;
    %assign/vec4 v0x5c6b0654b3f0_0, 0;
T_4.50 ;
    %jmp T_4.13;
T_4.10 ;
    %load/vec4 v0x5c6b0654abd0_0;
    %flag_set/vec4 9;
    %flag_get/vec4 9;
    %jmp/0 T_4.53, 9;
    %load/vec4 v0x5c6b0654b010_0;
    %load/vec4 v0x5c6b0654b4d0_0;
    %or;
    %load/vec4 v0x5c6b0654b750_0;
    %parti/s 1, 0, 2;
    %or;
    %and;
T_4.53;
    %flag_set/vec4 8;
    %jmp/0xz  T_4.51, 8;
    %load/vec4 v0x5c6b0654b750_0;
    %addi 1, 0, 24;
    %assign/vec4 v0x5c6b0654b750_0, 0;
    %load/vec4 v0x5c6b0654b750_0;
    %cmpi/e 16777215, 0, 24;
    %jmp/0xz  T_4.54, 4;
    %load/vec4 v0x5c6b0654b670_0;
    %addi 1, 0, 10;
    %assign/vec4 v0x5c6b0654b670_0, 0;
T_4.54 ;
T_4.51 ;
    %pushi/vec4 11, 0, 4;
    %assign/vec4 v0x5c6b0654b3f0_0, 0;
    %jmp T_4.13;
T_4.11 ;
    %load/vec4 v0x5c6b0654b750_0;
    %parti/s 23, 0, 2;
    %ix/load 4, 0, 0;
    %ix/load 5, 0, 0;
    %flag_set/imm 4, 0;
    %assign/vec4/off/d v0x5c6b0654b590_0, 4, 5;
    %load/vec4 v0x5c6b0654b670_0;
    %parti/s 8, 0, 2;
    %addi 127, 0, 8;
    %ix/load 4, 23, 0;
    %ix/load 5, 0, 0;
    %flag_set/imm 4, 0;
    %assign/vec4/off/d v0x5c6b0654b590_0, 4, 5;
    %load/vec4 v0x5c6b0654b830_0;
    %ix/load 4, 31, 0;
    %ix/load 5, 0, 0;
    %flag_set/imm 4, 0;
    %assign/vec4/off/d v0x5c6b0654b590_0, 4, 5;
    %load/vec4 v0x5c6b0654b670_0;
    %pad/s 32;
    %cmpi/e 4294967170, 0, 32;
    %flag_get/vec4 4;
    %jmp/0 T_4.58, 4;
    %load/vec4 v0x5c6b0654b750_0;
    %parti/s 1, 23, 6;
    %pad/u 32;
    %pushi/vec4 0, 0, 32;
    %cmp/e;
    %flag_get/vec4 4;
    %and;
T_4.58;
    %flag_set/vec4 8;
    %jmp/0xz  T_4.56, 8;
    %pushi/vec4 0, 0, 8;
    %ix/load 4, 23, 0;
    %ix/load 5, 0, 0;
    %flag_set/imm 4, 0;
    %assign/vec4/off/d v0x5c6b0654b590_0, 4, 5;
T_4.56 ;
    %load/vec4 v0x5c6b0654b670_0;
    %pad/s 32;
    %cmpi/s 127, 0, 32;
    %flag_or 5, 4; GT is !LE
    %flag_inv 5;
    %jmp/0xz  T_4.59, 5;
    %pushi/vec4 0, 0, 23;
    %ix/load 4, 0, 0;
    %ix/load 5, 0, 0;
    %flag_set/imm 4, 0;
    %assign/vec4/off/d v0x5c6b0654b590_0, 4, 5;
    %pushi/vec4 255, 0, 8;
    %ix/load 4, 23, 0;
    %ix/load 5, 0, 0;
    %flag_set/imm 4, 0;
    %assign/vec4/off/d v0x5c6b0654b590_0, 4, 5;
    %load/vec4 v0x5c6b0654b830_0;
    %ix/load 4, 31, 0;
    %ix/load 5, 0, 0;
    %flag_set/imm 4, 0;
    %assign/vec4/off/d v0x5c6b0654b590_0, 4, 5;
T_4.59 ;
    %pushi/vec4 12, 0, 4;
    %assign/vec4 v0x5c6b0654b3f0_0, 0;
    %jmp T_4.13;
T_4.12 ;
    %load/vec4 v0x5c6b0654b590_0;
    %assign/vec4 v0x5c6b0654b310_0, 0;
    %pushi/vec4 1, 0, 1;
    %assign/vec4 v0x5c6b0654b190_0, 0;
    %load/vec4 v0x5c6b0654ab10_0;
    %flag_set/vec4 8;
    %jmp/0xz  T_4.61, 8;
    %pushi/vec4 0, 0, 4;
    %assign/vec4 v0x5c6b0654b3f0_0, 0;
T_4.61 ;
    %jmp T_4.13;
T_4.13 ;
    %pop/vec4 1;
    %load/vec4 v0x5c6b0654b0d0_0;
    %pad/u 32;
    %cmpi/e 1, 0, 32;
    %jmp/0xz  T_4.63, 4;
    %pushi/vec4 0, 0, 4;
    %assign/vec4 v0x5c6b0654b3f0_0, 0;
    %pushi/vec4 0, 0, 1;
    %assign/vec4 v0x5c6b0654b190_0, 0;
T_4.63 ;
    %jmp T_4;
    .thread T_4;
    .scope S_0x5c6b06549800;
T_5 ;
    %pushi/vec4 0, 0, 1;
    %store/vec4 v0x5c6b0654cb10_0, 0, 1;
    %end;
    .thread T_5;
    .scope S_0x5c6b06549800;
T_6 ;
    %delay 1, 0;
    %load/vec4 v0x5c6b0654cb10_0;
    %inv;
    %store/vec4 v0x5c6b0654cb10_0, 0, 1;
    %jmp T_6;
    .thread T_6;
    .scope S_0x5c6b06549800;
T_7 ;
    %pushi/vec4 0, 0, 1;
    %store/vec4 v0x5c6b0654c830_0, 0, 1;
    %pushi/vec4 1, 0, 1;
    %store/vec4 v0x5c6b0654d490_0, 0, 1;
    %pushi/vec4 1, 0, 1;
    %store/vec4 v0x5c6b0654cf40_0, 0, 1;
    %pushi/vec4 1, 0, 1;
    %store/vec4 v0x5c6b0654d010_0, 0, 1;
    %pushi/vec4 0, 0, 1;
    %store/vec4 v0x5c6b0654cda0_0, 0, 1;
    %pushi/vec4 0, 0, 32;
    %store/vec4 v0x5c6b0654c8f0_0, 0, 32;
T_7.0 ;
    %load/vec4 v0x5c6b0654c8f0_0;
    %cmpi/s 4, 0, 32;
    %jmp/0xz T_7.1, 5;
    %pushi/vec4 1, 0, 1;
    %store/vec4 v0x5c6b0654cda0_0, 0, 1;
    %pushi/vec4 0, 0, 1;
    %store/vec4 v0x5c6b0654ccd0_0, 0, 1;
    %load/vec4 v0x5c6b0654c8f0_0;
    %pad/s 2;
    %store/vec4 v0x5c6b0654d0e0_0, 0, 2;
    %load/vec4 v0x5c6b0654c8f0_0;
    %muli 2, 0, 32;
    %pad/s 3;
    %store/vec4 v0x5c6b0654d560_0, 0, 3;
    %delay 1, 0;
    %load/vec4 v0x5c6b0654d630_0;
    %store/vec4 v0x5c6b0654c9d0_0, 0, 32;
    %delay 1, 0;
    %load/vec4 v0x5c6b0654c8f0_0;
    %muli 2, 0, 32;
    %addi 1, 0, 32;
    %pad/s 3;
    %store/vec4 v0x5c6b0654d560_0, 0, 3;
    %delay 1, 0;
    %load/vec4 v0x5c6b0654d630_0;
    %store/vec4 v0x5c6b0654ca70_0, 0, 32;
    %delay 1, 0;
    %pushi/vec4 0, 0, 1;
    %store/vec4 v0x5c6b0654cda0_0, 0, 1;
    %pushi/vec4 1, 0, 1;
    %store/vec4 v0x5c6b0654ccd0_0, 0, 1;
T_7.2 ;
    %load/vec4 v0x5c6b0654cc00_0;
    %nor/r;
    %flag_set/vec4 8;
    %jmp/0xz T_7.3, 8;
    %delay 3, 0;
    %jmp T_7.2;
T_7.3 ;
    %load/vec4 v0x5c6b0654c8f0_0;
    %addi 1, 0, 32;
    %store/vec4 v0x5c6b0654c8f0_0, 0, 32;
    %jmp T_7.0;
T_7.1 ;
    %pushi/vec4 0, 0, 1;
    %store/vec4 v0x5c6b0654d010_0, 0, 1;
    %pushi/vec4 1, 0, 1;
    %store/vec4 v0x5c6b0654c830_0, 0, 1;
    %end;
    .thread T_7;
    .scope S_0x5c6b064f0ea0;
T_8 ;
    %vpi_call 2 13 "$dumpfile", "fpm_tb.vcd" {0 0 0};
    %vpi_call 2 14 "$dumpvars", 32'sb00000000000000000000000000000000, S_0x5c6b064f0ea0 {0 0 0};
T_8.0 ;
    %load/vec4 v0x5c6b0654d700_0;
    %nor/r;
    %flag_set/vec4 8;
    %jmp/0xz T_8.1, 8;
    %delay 1, 0;
    %jmp T_8.0;
T_8.1 ;
    %fork t_1, S_0x5c6b064f1030;
    %jmp t_0;
    .scope S_0x5c6b064f1030;
t_1 ;
    %pushi/vec4 0, 0, 32;
    %store/vec4 v0x5c6b06505a30_0, 0, 32;
T_8.2 ;
    %load/vec4 v0x5c6b06505a30_0;
    %cmpi/s 4, 0, 32;
    %jmp/0xz T_8.3, 5;
    %load/vec4 v0x5c6b06505a30_0;
    %pad/s 2;
    %store/vec4 v0x5c6b0654d7d0_0, 0, 2;
    %delay 1, 0;
    %vpi_call 2 20 "$display", "%h", v0x5c6b0654d8a0_0 {0 0 0};
    %load/vec4 v0x5c6b06505a30_0;
    %addi 1, 0, 32;
    %store/vec4 v0x5c6b06505a30_0, 0, 32;
    %jmp T_8.2;
T_8.3 ;
    %end;
    .scope S_0x5c6b064f0ea0;
t_0 %join;
    %vpi_call 2 22 "$finish" {0 0 0};
    %end;
    .thread T_8;
# The file index is used to find the file name in the following table.
:file_names 7;
    "N/A";
    "<interactive>";
    "fpm_tb.v";
    "fpm.v";
    "fp_mult.v";
    "ram_4.v";
    "rom_8.v";
