#! /usr/bin/vvp
:ivl_version "12.0 (stable)" "(v12_0-dirty)";
:ivl_delay_selection "TYPICAL";
:vpi_time_precision + 0;
:vpi_module "/usr/lib/ivl/system.vpi";
:vpi_module "/usr/lib/ivl/vhdl_sys.vpi";
:vpi_module "/usr/lib/ivl/vhdl_textio.vpi";
:vpi_module "/usr/lib/ivl/v2005_math.vpi";
:vpi_module "/usr/lib/ivl/va_math.vpi";
S_0x5de2eb0710d0 .scope module, "doubledabble_tb" "doubledabble_tb" 2 1;
 .timescale 0 0;
P_0x5de2eb071260 .param/l "W" 0 2 1, +C4<00000000000000000000000000001000>;
L_0x5de2eb0eb360 .functor BUFZ 8, v0x5de2eb0d9a60_0, C4<00000000>, C4<00000000>, C4<00000000>;
v0x5de2eb0d96d0_0 .net "bcd", 11 0, L_0x5de2eb0ea040;  1 drivers
v0x5de2eb0d97b0_0 .net "binary", 7 0, L_0x5de2eb0eb360;  1 drivers
v0x5de2eb0d9850_0 .var "clk", 0 0;
v0x5de2eb0d98f0_0 .net "done", 0 0, L_0x5de2eb0eb270;  1 drivers
v0x5de2eb0d99c0_0 .var/i "i", 31 0;
v0x5de2eb0d9a60_0 .var "numBin", 7 0;
v0x5de2eb0d9b00_0 .var "rst", 0 0;
v0x5de2eb0d9ba0_0 .var "start", 0 0;
S_0x5de2eb071300 .scope module, "u1" "double_dabble" 2 8, 3 1 0, S_0x5de2eb0710d0;
 .timescale 0 0;
    .port_info 0 /INPUT 1 "clk";
    .port_info 1 /INPUT 1 "rst";
    .port_info 2 /INPUT 1 "start";
    .port_info 3 /INPUT 8 "binary";
    .port_info 4 /OUTPUT 1 "done";
    .port_info 5 /OUTPUT 12 "bcd";
P_0x5de2eb0a5490 .param/l "DONE" 1 3 11, C4<11>;
P_0x5de2eb0a54d0 .param/l "INIT" 1 3 8, C4<00>;
P_0x5de2eb0a5510 .param/l "SHIFT" 1 3 9, C4<01>;
P_0x5de2eb0a5550 .param/l "SUM" 1 3 10, C4<10>;
P_0x5de2eb0a5590 .param/l "W" 0 3 2, +C4<00000000000000000000000000001000>;
L_0x5de2eb0ea040 .functor BUFZ 12, v0x5de2eb0d8d60_0, C4<000000000000>, C4<000000000000>, C4<000000000000>;
L_0x71daaafd52a0 .functor BUFT 1, C4<011>, C4<0>, C4<0>, C4<0>;
v0x5de2eb0d8ba0_0 .net/2u *"_ivl_12", 2 0, L_0x71daaafd52a0;  1 drivers
v0x5de2eb0d8c80_0 .net "bcd", 11 0, L_0x5de2eb0ea040;  alias, 1 drivers
v0x5de2eb0d8d60_0 .var "bcd_reg", 11 0;
v0x5de2eb0d8e20_0 .net "bcd_reg_sum", 11 0, L_0x5de2eb0eb020;  1 drivers
v0x5de2eb0d8f00_0 .var "bin_reg", 7 0;
v0x5de2eb0d9030_0 .net "binary", 7 0, L_0x5de2eb0eb360;  alias, 1 drivers
v0x5de2eb0d9110_0 .net "clk", 0 0, v0x5de2eb0d9850_0;  1 drivers
v0x5de2eb0d91d0_0 .var "count", 2 0;
v0x5de2eb0d92b0_0 .net "done", 0 0, L_0x5de2eb0eb270;  alias, 1 drivers
v0x5de2eb0d9370_0 .net "rst", 0 0, v0x5de2eb0d9b00_0;  1 drivers
v0x5de2eb0d9430_0 .net "start", 0 0, v0x5de2eb0d9ba0_0;  1 drivers
v0x5de2eb0d94f0_0 .var "state", 2 0;
E_0x5de2eb0b39e0/0 .event anyedge, v0x5de2eb0d94f0_0;
E_0x5de2eb0b39e0/1 .event posedge, v0x5de2eb0d9110_0;
E_0x5de2eb0b39e0 .event/or E_0x5de2eb0b39e0/0, E_0x5de2eb0b39e0/1;
E_0x5de2eb0b3790 .event posedge, v0x5de2eb0d9110_0;
L_0x5de2eb0ea2f0 .part v0x5de2eb0d8d60_0, 0, 4;
L_0x5de2eb0ea8a0 .part v0x5de2eb0d8d60_0, 4, 4;
L_0x5de2eb0eaef0 .part v0x5de2eb0d8d60_0, 8, 4;
L_0x5de2eb0eb020 .concat8 [ 4 4 4 0], L_0x5de2eb0ea180, L_0x5de2eb0ea730, L_0x5de2eb0ead80;
L_0x5de2eb0eb270 .cmp/eq 3, v0x5de2eb0d94f0_0, L_0x71daaafd52a0;
S_0x5de2eb0b4060 .scope generate, "genblk1[0]" "genblk1[0]" 3 64, 3 64 0, S_0x5de2eb071300;
 .timescale 0 0;
P_0x5de2eb0b4240 .param/l "gen" 1 3 64, +C4<00>;
S_0x5de2eb0b42e0 .scope module, "add" "add3or0" 3 65, 3 73 0, S_0x5de2eb0b4060;
 .timescale 0 0;
    .port_info 0 /INPUT 4 "bcd_i";
    .port_info 1 /OUTPUT 4 "bcd_o";
v0x5de2eb0a24f0_0 .net *"_ivl_0", 31 0, L_0x5de2eb0d9c70;  1 drivers
v0x5de2eb0d6c90_0 .net *"_ivl_10", 3 0, L_0x5de2eb0e9fa0;  1 drivers
L_0x71daaafd5018 .functor BUFT 1, C4<0000000000000000000000000000>, C4<0>, C4<0>, C4<0>;
v0x5de2eb0d6d70_0 .net *"_ivl_3", 27 0, L_0x71daaafd5018;  1 drivers
L_0x71daaafd5060 .functor BUFT 1, C4<00000000000000000000000000000101>, C4<0>, C4<0>, C4<0>;
v0x5de2eb0d6e30_0 .net/2u *"_ivl_4", 31 0, L_0x71daaafd5060;  1 drivers
v0x5de2eb0d6f10_0 .net *"_ivl_6", 0 0, L_0x5de2eb0e9e30;  1 drivers
L_0x71daaafd50a8 .functor BUFT 1, C4<0011>, C4<0>, C4<0>, C4<0>;
v0x5de2eb0d7020_0 .net/2u *"_ivl_8", 3 0, L_0x71daaafd50a8;  1 drivers
v0x5de2eb0d7100_0 .net "bcd_i", 3 0, L_0x5de2eb0ea2f0;  1 drivers
v0x5de2eb0d71e0_0 .net "bcd_o", 3 0, L_0x5de2eb0ea180;  1 drivers
L_0x5de2eb0d9c70 .concat [ 4 28 0 0], L_0x5de2eb0ea2f0, L_0x71daaafd5018;
L_0x5de2eb0e9e30 .cmp/gt 32, L_0x71daaafd5060, L_0x5de2eb0d9c70;
L_0x5de2eb0e9fa0 .arith/sum 4, L_0x5de2eb0ea2f0, L_0x71daaafd50a8;
L_0x5de2eb0ea180 .functor MUXZ 4, L_0x5de2eb0e9fa0, L_0x5de2eb0ea2f0, L_0x5de2eb0e9e30, C4<>;
S_0x5de2eb0d7320 .scope generate, "genblk1[4]" "genblk1[4]" 3 64, 3 64 0, S_0x5de2eb071300;
 .timescale 0 0;
P_0x5de2eb0d7520 .param/l "gen" 1 3 64, +C4<0100>;
S_0x5de2eb0d75e0 .scope module, "add" "add3or0" 3 65, 3 73 0, S_0x5de2eb0d7320;
 .timescale 0 0;
    .port_info 0 /INPUT 4 "bcd_i";
    .port_info 1 /OUTPUT 4 "bcd_o";
v0x5de2eb0d77e0_0 .net *"_ivl_0", 31 0, L_0x5de2eb0ea390;  1 drivers
v0x5de2eb0d78e0_0 .net *"_ivl_10", 3 0, L_0x5de2eb0ea5f0;  1 drivers
L_0x71daaafd50f0 .functor BUFT 1, C4<0000000000000000000000000000>, C4<0>, C4<0>, C4<0>;
v0x5de2eb0d79c0_0 .net *"_ivl_3", 27 0, L_0x71daaafd50f0;  1 drivers
L_0x71daaafd5138 .functor BUFT 1, C4<00000000000000000000000000000101>, C4<0>, C4<0>, C4<0>;
v0x5de2eb0d7a80_0 .net/2u *"_ivl_4", 31 0, L_0x71daaafd5138;  1 drivers
v0x5de2eb0d7b60_0 .net *"_ivl_6", 0 0, L_0x5de2eb0ea4b0;  1 drivers
L_0x71daaafd5180 .functor BUFT 1, C4<0011>, C4<0>, C4<0>, C4<0>;
v0x5de2eb0d7c70_0 .net/2u *"_ivl_8", 3 0, L_0x71daaafd5180;  1 drivers
v0x5de2eb0d7d50_0 .net "bcd_i", 3 0, L_0x5de2eb0ea8a0;  1 drivers
v0x5de2eb0d7e30_0 .net "bcd_o", 3 0, L_0x5de2eb0ea730;  1 drivers
L_0x5de2eb0ea390 .concat [ 4 28 0 0], L_0x5de2eb0ea8a0, L_0x71daaafd50f0;
L_0x5de2eb0ea4b0 .cmp/gt 32, L_0x71daaafd5138, L_0x5de2eb0ea390;
L_0x5de2eb0ea5f0 .arith/sum 4, L_0x5de2eb0ea8a0, L_0x71daaafd5180;
L_0x5de2eb0ea730 .functor MUXZ 4, L_0x5de2eb0ea5f0, L_0x5de2eb0ea8a0, L_0x5de2eb0ea4b0, C4<>;
S_0x5de2eb0d7f70 .scope generate, "genblk1[8]" "genblk1[8]" 3 64, 3 64 0, S_0x5de2eb071300;
 .timescale 0 0;
P_0x5de2eb0d8150 .param/l "gen" 1 3 64, +C4<01000>;
S_0x5de2eb0d8210 .scope module, "add" "add3or0" 3 65, 3 73 0, S_0x5de2eb0d7f70;
 .timescale 0 0;
    .port_info 0 /INPUT 4 "bcd_i";
    .port_info 1 /OUTPUT 4 "bcd_o";
v0x5de2eb0d8410_0 .net *"_ivl_0", 31 0, L_0x5de2eb0ea9d0;  1 drivers
v0x5de2eb0d8510_0 .net *"_ivl_10", 3 0, L_0x5de2eb0eac90;  1 drivers
L_0x71daaafd51c8 .functor BUFT 1, C4<0000000000000000000000000000>, C4<0>, C4<0>, C4<0>;
v0x5de2eb0d85f0_0 .net *"_ivl_3", 27 0, L_0x71daaafd51c8;  1 drivers
L_0x71daaafd5210 .functor BUFT 1, C4<00000000000000000000000000000101>, C4<0>, C4<0>, C4<0>;
v0x5de2eb0d86b0_0 .net/2u *"_ivl_4", 31 0, L_0x71daaafd5210;  1 drivers
v0x5de2eb0d8790_0 .net *"_ivl_6", 0 0, L_0x5de2eb0eaac0;  1 drivers
L_0x71daaafd5258 .functor BUFT 1, C4<0011>, C4<0>, C4<0>, C4<0>;
v0x5de2eb0d88a0_0 .net/2u *"_ivl_8", 3 0, L_0x71daaafd5258;  1 drivers
v0x5de2eb0d8980_0 .net "bcd_i", 3 0, L_0x5de2eb0eaef0;  1 drivers
v0x5de2eb0d8a60_0 .net "bcd_o", 3 0, L_0x5de2eb0ead80;  1 drivers
L_0x5de2eb0ea9d0 .concat [ 4 28 0 0], L_0x5de2eb0eaef0, L_0x71daaafd51c8;
L_0x5de2eb0eaac0 .cmp/gt 32, L_0x71daaafd5210, L_0x5de2eb0ea9d0;
L_0x5de2eb0eac90 .arith/sum 4, L_0x5de2eb0eaef0, L_0x71daaafd5258;
L_0x5de2eb0ead80 .functor MUXZ 4, L_0x5de2eb0eac90, L_0x5de2eb0eaef0, L_0x5de2eb0eaac0, C4<>;
    .scope S_0x5de2eb071300;
T_0 ;
    %wait E_0x5de2eb0b3790;
    %load/vec4 v0x5de2eb0d9370_0;
    %flag_set/vec4 8;
    %jmp/0xz  T_0.0, 8;
    %pushi/vec4 0, 0, 3;
    %store/vec4 v0x5de2eb0d94f0_0, 0, 3;
T_0.0 ;
    %jmp T_0;
    .thread T_0;
    .scope S_0x5de2eb071300;
T_1 ;
    %wait E_0x5de2eb0b39e0;
    %load/vec4 v0x5de2eb0d94f0_0;
    %dup/vec4;
    %pushi/vec4 0, 0, 3;
    %cmp/u;
    %jmp/1 T_1.0, 6;
    %dup/vec4;
    %pushi/vec4 1, 0, 3;
    %cmp/u;
    %jmp/1 T_1.1, 6;
    %dup/vec4;
    %pushi/vec4 2, 0, 3;
    %cmp/u;
    %jmp/1 T_1.2, 6;
    %dup/vec4;
    %pushi/vec4 3, 0, 3;
    %cmp/u;
    %jmp/1 T_1.3, 6;
    %pushi/vec4 0, 0, 3;
    %store/vec4 v0x5de2eb0d94f0_0, 0, 3;
    %jmp T_1.5;
T_1.0 ;
    %pushi/vec4 0, 0, 12;
    %store/vec4 v0x5de2eb0d8d60_0, 0, 12;
    %load/vec4 v0x5de2eb0d9030_0;
    %store/vec4 v0x5de2eb0d8f00_0, 0, 8;
    %pushi/vec4 7, 0, 3;
    %store/vec4 v0x5de2eb0d91d0_0, 0, 3;
    %load/vec4 v0x5de2eb0d9430_0;
    %flag_set/vec4 8;
    %jmp/0xz  T_1.6, 8;
    %pushi/vec4 1, 0, 3;
    %store/vec4 v0x5de2eb0d94f0_0, 0, 3;
    %jmp T_1.7;
T_1.6 ;
    %pushi/vec4 0, 0, 3;
    %store/vec4 v0x5de2eb0d94f0_0, 0, 3;
T_1.7 ;
    %jmp T_1.5;
T_1.1 ;
    %load/vec4 v0x5de2eb0d8d60_0;
    %ix/load 4, 1, 0;
    %flag_set/imm 4, 0;
    %shiftl 4;
    %load/vec4 v0x5de2eb0d8f00_0;
    %parti/s 1, 7, 4;
    %pad/u 12;
    %add;
    %store/vec4 v0x5de2eb0d8d60_0, 0, 12;
    %load/vec4 v0x5de2eb0d8f00_0;
    %ix/load 4, 1, 0;
    %flag_set/imm 4, 0;
    %shiftl 4;
    %store/vec4 v0x5de2eb0d8f00_0, 0, 8;
    %load/vec4 v0x5de2eb0d91d0_0;
    %pad/u 32;
    %cmpi/u 0, 0, 32;
    %flag_or 5, 4;
    %jmp/0xz  T_1.8, 5;
    %pushi/vec4 3, 0, 3;
    %store/vec4 v0x5de2eb0d94f0_0, 0, 3;
    %jmp T_1.9;
T_1.8 ;
    %load/vec4 v0x5de2eb0d91d0_0;
    %subi 1, 0, 3;
    %store/vec4 v0x5de2eb0d91d0_0, 0, 3;
    %pushi/vec4 2, 0, 3;
    %store/vec4 v0x5de2eb0d94f0_0, 0, 3;
T_1.9 ;
    %jmp T_1.5;
T_1.2 ;
    %load/vec4 v0x5de2eb0d8e20_0;
    %store/vec4 v0x5de2eb0d8d60_0, 0, 12;
    %pushi/vec4 1, 0, 3;
    %store/vec4 v0x5de2eb0d94f0_0, 0, 3;
    %jmp T_1.5;
T_1.3 ;
    %load/vec4 v0x5de2eb0d9430_0;
    %flag_set/vec4 8;
    %jmp/0xz  T_1.10, 8;
    %pushi/vec4 3, 0, 3;
    %store/vec4 v0x5de2eb0d94f0_0, 0, 3;
    %jmp T_1.11;
T_1.10 ;
    %pushi/vec4 0, 0, 3;
    %store/vec4 v0x5de2eb0d94f0_0, 0, 3;
T_1.11 ;
    %jmp T_1.5;
T_1.5 ;
    %pop/vec4 1;
    %jmp T_1;
    .thread T_1;
    .scope S_0x5de2eb0710d0;
T_2 ;
    %vpi_call 2 20 "$dumpfile", "doubledabble_tb.vcd" {0 0 0};
    %vpi_call 2 21 "$dumpvars", 32'sb00000000000000000000000000000000, S_0x5de2eb0710d0 {0 0 0};
    %pushi/vec4 1, 0, 1;
    %store/vec4 v0x5de2eb0d9b00_0, 0, 1;
    %pushi/vec4 0, 0, 8;
    %store/vec4 v0x5de2eb0d9a60_0, 0, 8;
    %pushi/vec4 0, 0, 1;
    %store/vec4 v0x5de2eb0d9ba0_0, 0, 1;
    %delay 1, 0;
    %pushi/vec4 0, 0, 1;
    %store/vec4 v0x5de2eb0d9b00_0, 0, 1;
    %delay 1, 0;
    %pushi/vec4 42, 0, 32;
    %store/vec4 v0x5de2eb0d99c0_0, 0, 32;
T_2.0 ;
    %load/vec4 v0x5de2eb0d99c0_0;
    %cmpi/s 50, 0, 32;
    %jmp/0xz T_2.1, 5;
    %load/vec4 v0x5de2eb0d99c0_0;
    %pad/s 8;
    %store/vec4 v0x5de2eb0d9a60_0, 0, 8;
    %pushi/vec4 0, 0, 1;
    %store/vec4 v0x5de2eb0d9ba0_0, 0, 1;
    %delay 4, 0;
    %pushi/vec4 1, 0, 1;
    %store/vec4 v0x5de2eb0d9ba0_0, 0, 1;
    %delay 1, 0;
T_2.2 ;
    %load/vec4 v0x5de2eb0d98f0_0;
    %nor/r;
    %flag_set/vec4 8;
    %jmp/0xz T_2.3, 8;
    %delay 5, 0;
    %jmp T_2.2;
T_2.3 ;
    %pushi/vec4 0, 0, 1;
    %store/vec4 v0x5de2eb0d9ba0_0, 0, 1;
    %delay 1, 0;
    %load/vec4 v0x5de2eb0d99c0_0;
    %addi 1, 0, 32;
    %store/vec4 v0x5de2eb0d99c0_0, 0, 32;
    %jmp T_2.0;
T_2.1 ;
    %vpi_call 2 42 "$finish" {0 0 0};
    %end;
    .thread T_2;
    .scope S_0x5de2eb0710d0;
T_3 ;
    %pushi/vec4 0, 0, 1;
    %store/vec4 v0x5de2eb0d9850_0, 0, 1;
T_3.0 ;
    %delay 1, 0;
    %load/vec4 v0x5de2eb0d9850_0;
    %inv;
    %store/vec4 v0x5de2eb0d9850_0, 0, 1;
    %jmp T_3.0;
    %end;
    .thread T_3;
# The file index is used to find the file name in the following table.
:file_names 4;
    "N/A";
    "<interactive>";
    "doubledabble_tb.v";
    "doubledabble2.v";
