#! /usr/bin/vvp
:ivl_version "12.0 (stable)" "(v12_0-dirty)";
:ivl_delay_selection "TYPICAL";
:vpi_time_precision + 0;
:vpi_module "/usr/lib/ivl/system.vpi";
:vpi_module "/usr/lib/ivl/vhdl_sys.vpi";
:vpi_module "/usr/lib/ivl/vhdl_textio.vpi";
:vpi_module "/usr/lib/ivl/v2005_math.vpi";
:vpi_module "/usr/lib/ivl/va_math.vpi";
S_0x574b93de6520 .scope module, "m_dec" "m_dec" 2 1;
 .timescale 0 0;
    .port_info 0 /INPUT 1 "clk_dec";
    .port_info 1 /INPUT 1 "rst";
    .port_info 2 /INPUT 1 "data_m";
    .port_info 3 /OUTPUT 1 "data_out";
    .port_info 4 /OUTPUT 1 "sample";
P_0x574b93de7c70 .param/l "s_1" 1 2 13, +C4<00000000000000000000000000000001>;
P_0x574b93de7cb0 .param/l "s_2" 1 2 14, +C4<00000000000000000000000000000010>;
P_0x574b93de7cf0 .param/l "s_ini" 1 2 12, +C4<00000000000000000000000000000000>;
o0x745a561c6018 .functor BUFZ 1, C4<z>; HiZ drive
v0x574b93e0df20_0 .net "clk_dec", 0 0, o0x745a561c6018;  0 drivers
o0x745a561c6048 .functor BUFZ 1, C4<z>; HiZ drive
v0x574b93e331b0_0 .net "data_m", 0 0, o0x745a561c6048;  0 drivers
v0x574b93e33270_0 .var "data_out", 0 0;
o0x745a561c60a8 .functor BUFZ 1, C4<z>; HiZ drive
v0x574b93e33340_0 .net "rst", 0 0, o0x745a561c60a8;  0 drivers
v0x574b93e33400_0 .var "sample", 0 0;
v0x574b93e33510_0 .var "state", 2 0;
E_0x574b93de6a10 .event anyedge, v0x574b93e33510_0;
E_0x574b93e1f320 .event anyedge, v0x574b93e0df20_0;
    .scope S_0x574b93de6520;
T_0 ;
    %pushi/vec4 0, 0, 1;
    %store/vec4 v0x574b93e33400_0, 0, 1;
    %end;
    .thread T_0;
    .scope S_0x574b93de6520;
T_1 ;
    %wait E_0x574b93e1f320;
    %load/vec4 v0x574b93e33340_0;
    %pad/u 32;
    %cmpi/e 1, 0, 32;
    %jmp/0xz  T_1.0, 6;
    %pushi/vec4 0, 0, 3;
    %store/vec4 v0x574b93e33510_0, 0, 3;
    %pushi/vec4 0, 1, 1;
    %store/vec4 v0x574b93e33270_0, 0, 1;
    %jmp T_1.1;
T_1.0 ;
    %load/vec4 v0x574b93e33510_0;
    %pad/u 32;
    %cmpi/e 0, 0, 32;
    %jmp/0xz  T_1.2, 6;
    %pushi/vec4 1, 0, 3;
    %store/vec4 v0x574b93e33510_0, 0, 3;
    %jmp T_1.3;
T_1.2 ;
    %load/vec4 v0x574b93e33510_0;
    %pad/u 32;
    %cmpi/e 1, 0, 32;
    %jmp/0xz  T_1.4, 4;
    %pushi/vec4 2, 0, 3;
    %store/vec4 v0x574b93e33510_0, 0, 3;
    %jmp T_1.5;
T_1.4 ;
    %load/vec4 v0x574b93e33510_0;
    %pad/u 32;
    %cmpi/e 2, 0, 32;
    %jmp/0xz  T_1.6, 4;
    %pushi/vec4 1, 0, 3;
    %store/vec4 v0x574b93e33510_0, 0, 3;
T_1.6 ;
T_1.5 ;
T_1.3 ;
T_1.1 ;
    %jmp T_1;
    .thread T_1, $push;
    .scope S_0x574b93de6520;
T_2 ;
    %wait E_0x574b93de6a10;
    %load/vec4 v0x574b93e33510_0;
    %dup/vec4;
    %pushi/vec4 0, 0, 3;
    %cmp/u;
    %jmp/1 T_2.0, 6;
    %dup/vec4;
    %pushi/vec4 1, 0, 3;
    %cmp/u;
    %jmp/1 T_2.1, 6;
    %dup/vec4;
    %pushi/vec4 2, 0, 3;
    %cmp/u;
    %jmp/1 T_2.2, 6;
    %jmp T_2.3;
T_2.0 ;
    %pushi/vec4 0, 0, 1;
    %store/vec4 v0x574b93e33400_0, 0, 1;
    %pushi/vec4 0, 1, 1;
    %store/vec4 v0x574b93e33270_0, 0, 1;
    %jmp T_2.3;
T_2.1 ;
    %pushi/vec4 0, 0, 1;
    %store/vec4 v0x574b93e33400_0, 0, 1;
    %jmp T_2.3;
T_2.2 ;
    %pushi/vec4 1, 0, 1;
    %store/vec4 v0x574b93e33400_0, 0, 1;
    %load/vec4 v0x574b93e331b0_0;
    %store/vec4 v0x574b93e33270_0, 0, 1;
    %jmp T_2.3;
T_2.3 ;
    %pop/vec4 1;
    %jmp T_2;
    .thread T_2, $push;
# The file index is used to find the file name in the following table.
:file_names 3;
    "N/A";
    "<interactive>";
    "m_dec.v";
