#! /usr/bin/vvp
:ivl_version "12.0 (stable)" "(v12_0-dirty)";
:ivl_delay_selection "TYPICAL";
:vpi_time_precision + 0;
:vpi_module "/usr/lib/ivl/system.vpi";
:vpi_module "/usr/lib/ivl/vhdl_sys.vpi";
:vpi_module "/usr/lib/ivl/vhdl_textio.vpi";
:vpi_module "/usr/lib/ivl/v2005_math.vpi";
:vpi_module "/usr/lib/ivl/va_math.vpi";
S_0x5ce8f74edbf0 .scope module, "romram2" "romram2" 2 36;
 .timescale 0 0;
    .port_info 0 /OUTPUT 16 "soma";
    .port_info 1 /OUTPUT 1 "comp";
    .port_info 2 /OUTPUT 1 "done";
v0x5ce8f750bfb0_0 .var "addr_ram", 1 0;
v0x5ce8f750c090_0 .var "addr_rom", 3 0;
v0x5ce8f750c150_0 .var "aux_sum", 15 0;
v0x5ce8f750c1f0_0 .var "comp", 0 0;
v0x5ce8f750c2b0_0 .var "done", 0 0;
v0x5ce8f750c3c0_0 .var/i "i", 31 0;
v0x5ce8f750c4a0_0 .var "input_ram", 15 0;
v0x5ce8f750c560_0 .net "output_ram", 15 0, v0x5ce8f750b6b0_0;  1 drivers
v0x5ce8f750c600_0 .net "output_rom", 15 0, v0x5ce8f750be00_0;  1 drivers
v0x5ce8f750c6a0_0 .var "rw_ram", 0 0;
v0x5ce8f750c740_0 .var "soma", 15 0;
S_0x5ce8f74e1510 .scope module, "ram" "ram_4" 2 50, 2 74 0, S_0x5ce8f74edbf0;
 .timescale 0 0;
    .port_info 0 /OUTPUT 16 "out";
    .port_info 1 /INPUT 16 "in";
    .port_info 2 /INPUT 2 "addr";
    .port_info 3 /INPUT 1 "RW";
    .port_info 4 /INPUT 1 "CS";
L_0x7a43835740a8 .functor BUFT 1, C4<0>, C4<0>, C4<0>, C4<0>;
v0x5ce8f74e16f0_0 .net "CS", 0 0, L_0x7a43835740a8;  1 drivers
v0x5ce8f750b260_0 .net "RW", 0 0, v0x5ce8f750c6a0_0;  1 drivers
L_0x7a4383574060 .functor BUFT 1, C4<00>, C4<0>, C4<0>, C4<0>;
v0x5ce8f750b320_0 .net "addr", 1 0, L_0x7a4383574060;  1 drivers
v0x5ce8f750b3e0 .array "data", 0 3, 15 0;
v0x5ce8f750b4a0_0 .var/i "i", 31 0;
v0x5ce8f750b5d0_0 .net "in", 15 0, v0x5ce8f750c4a0_0;  1 drivers
v0x5ce8f750b6b0_0 .var "out", 15 0;
E_0x5ce8f74ebc40 .event anyedge, v0x5ce8f750b260_0, v0x5ce8f74e16f0_0, v0x5ce8f750b320_0;
S_0x5ce8f750b830 .scope module, "rom" "rom_16" 2 49, 2 97 0, S_0x5ce8f74edbf0;
 .timescale 0 0;
    .port_info 0 /OUTPUT 16 "out";
    .port_info 1 /INPUT 4 "addr";
    .port_info 2 /INPUT 1 "CS";
L_0x7a4383574018 .functor BUFT 1, C4<0>, C4<0>, C4<0>, C4<0>;
v0x5ce8f750bac0_0 .net "CS", 0 0, L_0x7a4383574018;  1 drivers
v0x5ce8f750bba0_0 .net "addr", 3 0, v0x5ce8f750c090_0;  1 drivers
v0x5ce8f750bc80 .array "data", 0 15, 15 0;
v0x5ce8f750bd20_0 .var/i "i", 31 0;
v0x5ce8f750be00_0 .var "out", 15 0;
E_0x5ce8f74ead40 .event anyedge, v0x5ce8f750bac0_0, v0x5ce8f750bba0_0;
S_0x5ce8f74eddd0 .scope module, "test" "test" 3 1;
 .timescale 0 0;
v0x5ce8f750def0_0 .net "done", 0 0, v0x5ce8f750db50_0;  1 drivers
v0x5ce8f750dfc0_0 .net "out", 15 0, v0x5ce8f750d1b0_0;  1 drivers
S_0x5ce8f750c860 .scope module, "u1" "romram1" 3 5, 2 1 0, S_0x5ce8f74eddd0;
 .timescale 0 0;
    .port_info 0 /OUTPUT 16 "out";
    .port_info 1 /OUTPUT 1 "done";
v0x5ce8f750dab0_0 .var "RW", 0 0;
v0x5ce8f750db50_0 .var "done", 0 0;
v0x5ce8f750dbf0_0 .var "in", 15 0;
v0x5ce8f750dcf0_0 .net "out", 15 0, v0x5ce8f750d1b0_0;  alias, 1 drivers
v0x5ce8f750ddc0_0 .net "outrom", 15 0, v0x5ce8f750d900_0;  1 drivers
S_0x5ce8f750ca10 .scope module, "ram" "ram_4" 2 15, 2 74 0, S_0x5ce8f750c860;
 .timescale 0 0;
    .port_info 0 /OUTPUT 16 "out";
    .port_info 1 /INPUT 16 "in";
    .port_info 2 /INPUT 2 "addr";
    .port_info 3 /INPUT 1 "RW";
    .port_info 4 /INPUT 1 "CS";
L_0x7a43835741c8 .functor BUFT 1, C4<0>, C4<0>, C4<0>, C4<0>;
v0x5ce8f750cc50_0 .net "CS", 0 0, L_0x7a43835741c8;  1 drivers
v0x5ce8f750cd30_0 .net "RW", 0 0, v0x5ce8f750dab0_0;  1 drivers
L_0x7a4383574180 .functor BUFT 1, C4<11>, C4<0>, C4<0>, C4<0>;
v0x5ce8f750cdf0_0 .net "addr", 1 0, L_0x7a4383574180;  1 drivers
v0x5ce8f750cee0 .array "data", 0 3, 15 0;
v0x5ce8f750cfa0_0 .var/i "i", 31 0;
v0x5ce8f750d0d0_0 .net "in", 15 0, v0x5ce8f750dbf0_0;  1 drivers
v0x5ce8f750d1b0_0 .var "out", 15 0;
E_0x5ce8f74cbe20 .event anyedge, v0x5ce8f750cd30_0, v0x5ce8f750cc50_0, v0x5ce8f750cdf0_0;
S_0x5ce8f750d330 .scope module, "rom" "rom_16" 2 9, 2 97 0, S_0x5ce8f750c860;
 .timescale 0 0;
    .port_info 0 /OUTPUT 16 "out";
    .port_info 1 /INPUT 4 "addr";
    .port_info 2 /INPUT 1 "CS";
L_0x7a4383574138 .functor BUFT 1, C4<0>, C4<0>, C4<0>, C4<0>;
v0x5ce8f750d5c0_0 .net "CS", 0 0, L_0x7a4383574138;  1 drivers
L_0x7a43835740f0 .functor BUFT 1, C4<1111>, C4<0>, C4<0>, C4<0>;
v0x5ce8f750d6a0_0 .net "addr", 3 0, L_0x7a43835740f0;  1 drivers
v0x5ce8f750d780 .array "data", 0 15, 15 0;
v0x5ce8f750d820_0 .var/i "i", 31 0;
v0x5ce8f750d900_0 .var "out", 15 0;
E_0x5ce8f74db9d0 .event anyedge, v0x5ce8f750d5c0_0, v0x5ce8f750d6a0_0;
    .scope S_0x5ce8f750b830;
T_0 ;
    %pushi/vec4 0, 0, 32;
    %store/vec4 v0x5ce8f750bd20_0, 0, 32;
T_0.0 ;
    %load/vec4 v0x5ce8f750bd20_0;
    %cmpi/s 15, 0, 32;
    %jmp/0xz T_0.1, 5;
    %load/vec4 v0x5ce8f750bd20_0;
    %parti/s 16, 0, 2;
    %ix/getv/s 4, v0x5ce8f750bd20_0;
    %store/vec4a v0x5ce8f750bc80, 4, 0;
    %pushi/vec4 105, 0, 16;
    %ix/load 4, 15, 0;
    %flag_set/imm 4, 0;
    %store/vec4a v0x5ce8f750bc80, 4, 0;
    %load/vec4 v0x5ce8f750bd20_0;
    %addi 1, 0, 32;
    %store/vec4 v0x5ce8f750bd20_0, 0, 32;
    %jmp T_0.0;
T_0.1 ;
    %end;
    .thread T_0;
    .scope S_0x5ce8f750b830;
T_1 ;
    %wait E_0x5ce8f74ead40;
    %load/vec4 v0x5ce8f750bba0_0;
    %pad/u 6;
    %ix/vec4 4;
    %load/vec4a v0x5ce8f750bc80, 4;
    %store/vec4 v0x5ce8f750be00_0, 0, 16;
    %jmp T_1;
    .thread T_1, $push;
    .scope S_0x5ce8f74e1510;
T_2 ;
    %pushi/vec4 0, 0, 32;
    %store/vec4 v0x5ce8f750b4a0_0, 0, 32;
T_2.0 ;
    %load/vec4 v0x5ce8f750b4a0_0;
    %cmpi/s 4, 0, 32;
    %jmp/0xz T_2.1, 5;
    %pushi/vec4 0, 0, 16;
    %ix/getv/s 4, v0x5ce8f750b4a0_0;
    %store/vec4a v0x5ce8f750b3e0, 4, 0;
    %load/vec4 v0x5ce8f750b4a0_0;
    %addi 1, 0, 32;
    %store/vec4 v0x5ce8f750b4a0_0, 0, 32;
    %jmp T_2.0;
T_2.1 ;
    %end;
    .thread T_2;
    .scope S_0x5ce8f74e1510;
T_3 ;
    %wait E_0x5ce8f74ebc40;
    %load/vec4 v0x5ce8f750b260_0;
    %cmpi/e 0, 0, 1;
    %jmp/0xz  T_3.0, 4;
    %load/vec4 v0x5ce8f750b320_0;
    %pad/u 4;
    %ix/vec4 4;
    %load/vec4a v0x5ce8f750b3e0, 4;
    %store/vec4 v0x5ce8f750b6b0_0, 0, 16;
    %jmp T_3.1;
T_3.0 ;
    %load/vec4 v0x5ce8f750b260_0;
    %cmpi/e 1, 0, 1;
    %jmp/0xz  T_3.2, 4;
    %load/vec4 v0x5ce8f750b5d0_0;
    %load/vec4 v0x5ce8f750b320_0;
    %pad/u 4;
    %ix/vec4 4;
    %store/vec4a v0x5ce8f750b3e0, 4, 0;
    %jmp T_3.3;
T_3.2 ;
    %pushi/vec4 0, 65535, 16;
    %store/vec4 v0x5ce8f750b6b0_0, 0, 16;
T_3.3 ;
T_3.1 ;
    %jmp T_3;
    .thread T_3, $push;
    .scope S_0x5ce8f74edbf0;
T_4 ;
    %pushi/vec4 1, 0, 2;
    %store/vec4 v0x5ce8f750bfb0_0, 0, 2;
    %end;
    .thread T_4;
    .scope S_0x5ce8f74edbf0;
T_5 ;
    %pushi/vec4 0, 0, 1;
    %store/vec4 v0x5ce8f750c2b0_0, 0, 1;
    %pushi/vec4 0, 0, 16;
    %store/vec4 v0x5ce8f750c150_0, 0, 16;
    %pushi/vec4 0, 0, 1;
    %store/vec4 v0x5ce8f750c6a0_0, 0, 1;
    %pushi/vec4 0, 0, 32;
    %store/vec4 v0x5ce8f750c3c0_0, 0, 32;
T_5.0 ;
    %load/vec4 v0x5ce8f750c3c0_0;
    %cmpi/s 16, 0, 32;
    %jmp/0xz T_5.1, 5;
    %load/vec4 v0x5ce8f750c3c0_0;
    %parti/s 4, 0, 2;
    %store/vec4 v0x5ce8f750c090_0, 0, 4;
    %delay 4, 0;
    %load/vec4 v0x5ce8f750c3c0_0;
    %cmpi/s 15, 0, 32;
    %jmp/0xz  T_5.2, 5;
    %load/vec4 v0x5ce8f750c150_0;
    %load/vec4 v0x5ce8f750c600_0;
    %add;
    %store/vec4 v0x5ce8f750c150_0, 0, 16;
T_5.2 ;
    %load/vec4 v0x5ce8f750c3c0_0;
    %addi 1, 0, 32;
    %store/vec4 v0x5ce8f750c3c0_0, 0, 32;
    %jmp T_5.0;
T_5.1 ;
    %delay 4, 0;
    %pushi/vec4 1, 0, 1;
    %store/vec4 v0x5ce8f750c6a0_0, 0, 1;
    %delay 4, 0;
    %load/vec4 v0x5ce8f750c150_0;
    %store/vec4 v0x5ce8f750c4a0_0, 0, 16;
    %delay 2, 0;
    %load/vec4 v0x5ce8f750c150_0;
    %load/vec4 v0x5ce8f750c600_0;
    %cmp/e;
    %jmp/0xz  T_5.4, 4;
    %pushi/vec4 1, 0, 1;
    %store/vec4 v0x5ce8f750c1f0_0, 0, 1;
    %jmp T_5.5;
T_5.4 ;
    %pushi/vec4 0, 0, 1;
    %store/vec4 v0x5ce8f750c1f0_0, 0, 1;
T_5.5 ;
    %pushi/vec4 1, 0, 1;
    %store/vec4 v0x5ce8f750c2b0_0, 0, 1;
    %load/vec4 v0x5ce8f750c150_0;
    %store/vec4 v0x5ce8f750c740_0, 0, 16;
    %delay 4, 0;
    %end;
    .thread T_5;
    .scope S_0x5ce8f750d330;
T_6 ;
    %pushi/vec4 0, 0, 32;
    %store/vec4 v0x5ce8f750d820_0, 0, 32;
T_6.0 ;
    %load/vec4 v0x5ce8f750d820_0;
    %cmpi/s 15, 0, 32;
    %jmp/0xz T_6.1, 5;
    %load/vec4 v0x5ce8f750d820_0;
    %parti/s 16, 0, 2;
    %ix/getv/s 4, v0x5ce8f750d820_0;
    %store/vec4a v0x5ce8f750d780, 4, 0;
    %pushi/vec4 105, 0, 16;
    %ix/load 4, 15, 0;
    %flag_set/imm 4, 0;
    %store/vec4a v0x5ce8f750d780, 4, 0;
    %load/vec4 v0x5ce8f750d820_0;
    %addi 1, 0, 32;
    %store/vec4 v0x5ce8f750d820_0, 0, 32;
    %jmp T_6.0;
T_6.1 ;
    %end;
    .thread T_6;
    .scope S_0x5ce8f750d330;
T_7 ;
    %wait E_0x5ce8f74db9d0;
    %load/vec4 v0x5ce8f750d6a0_0;
    %pad/u 6;
    %ix/vec4 4;
    %load/vec4a v0x5ce8f750d780, 4;
    %store/vec4 v0x5ce8f750d900_0, 0, 16;
    %jmp T_7;
    .thread T_7, $push;
    .scope S_0x5ce8f750ca10;
T_8 ;
    %pushi/vec4 0, 0, 32;
    %store/vec4 v0x5ce8f750cfa0_0, 0, 32;
T_8.0 ;
    %load/vec4 v0x5ce8f750cfa0_0;
    %cmpi/s 4, 0, 32;
    %jmp/0xz T_8.1, 5;
    %pushi/vec4 0, 0, 16;
    %ix/getv/s 4, v0x5ce8f750cfa0_0;
    %store/vec4a v0x5ce8f750cee0, 4, 0;
    %load/vec4 v0x5ce8f750cfa0_0;
    %addi 1, 0, 32;
    %store/vec4 v0x5ce8f750cfa0_0, 0, 32;
    %jmp T_8.0;
T_8.1 ;
    %end;
    .thread T_8;
    .scope S_0x5ce8f750ca10;
T_9 ;
    %wait E_0x5ce8f74cbe20;
    %load/vec4 v0x5ce8f750cd30_0;
    %cmpi/e 0, 0, 1;
    %jmp/0xz  T_9.0, 4;
    %load/vec4 v0x5ce8f750cdf0_0;
    %pad/u 4;
    %ix/vec4 4;
    %load/vec4a v0x5ce8f750cee0, 4;
    %store/vec4 v0x5ce8f750d1b0_0, 0, 16;
    %jmp T_9.1;
T_9.0 ;
    %load/vec4 v0x5ce8f750cd30_0;
    %cmpi/e 1, 0, 1;
    %jmp/0xz  T_9.2, 4;
    %load/vec4 v0x5ce8f750d0d0_0;
    %load/vec4 v0x5ce8f750cdf0_0;
    %pad/u 4;
    %ix/vec4 4;
    %store/vec4a v0x5ce8f750cee0, 4, 0;
    %jmp T_9.3;
T_9.2 ;
    %pushi/vec4 0, 65535, 16;
    %store/vec4 v0x5ce8f750d1b0_0, 0, 16;
T_9.3 ;
T_9.1 ;
    %jmp T_9;
    .thread T_9, $push;
    .scope S_0x5ce8f750c860;
T_10 ;
    %pushi/vec4 0, 0, 1;
    %store/vec4 v0x5ce8f750dab0_0, 0, 1;
    %pushi/vec4 0, 0, 1;
    %store/vec4 v0x5ce8f750db50_0, 0, 1;
    %delay 2, 0;
    %load/vec4 v0x5ce8f750ddc0_0;
    %store/vec4 v0x5ce8f750dbf0_0, 0, 16;
    %delay 2, 0;
    %pushi/vec4 1, 0, 1;
    %store/vec4 v0x5ce8f750dab0_0, 0, 1;
    %delay 2, 0;
    %pushi/vec4 0, 0, 1;
    %store/vec4 v0x5ce8f750dab0_0, 0, 1;
    %delay 2, 0;
    %pushi/vec4 1, 0, 1;
    %store/vec4 v0x5ce8f750db50_0, 0, 1;
    %delay 2, 0;
    %end;
    .thread T_10;
    .scope S_0x5ce8f74eddd0;
T_11 ;
    %vpi_call 3 8 "$dumpfile", "test.vcd" {0 0 0};
    %vpi_call 3 9 "$dumpvars", 32'sb00000000000000000000000000000000, S_0x5ce8f74eddd0 {0 0 0};
    %vpi_call 3 10 "$monitor", "%d %d", v0x5ce8f750dfc0_0, v0x5ce8f750def0_0 {0 0 0};
    %delay 30, 0;
    %end;
    .thread T_11;
# The file index is used to find the file name in the following table.
:file_names 4;
    "N/A";
    "<interactive>";
    "romram.v";
    "test.v";
